********************************************************************************
product = WebSphere Application Server 16.0.0.3 (wlp-1.0.14.cl160320160831-1555)
wlp.install.dir = C:/Users/manol/git/restCHEF/Liberty/
java.home = C:\Program Files\Java\jre1.8.0_102
java.version = 1.8.0_102
java.runtime = Java(TM) SE Runtime Environment (1.8.0_102-b14)
os = Windows 10 (10.0; amd64) (es_US)
process = 15780@DESKTOP-12SF3HE
********************************************************************************
[10/16/16 17:18:25:178 CST] 00000001 com.ibm.ws.kernel.launch.internal.FrameworkManager           A CWWKE0001I: El servidor server1 se ha lanzado.
[10/16/16 17:18:25:195 CST] 00000001 com.ibm.ws.kernel.launch.internal.FrameworkManager           A CWWKE0100I: Este producto tiene licencia para el desarrollo y uso limitado en producción. Los términos completos de la licencia pueden verse aquí: https://public.dhe.ibm.com/ibmdl/export/pub/software/websphere/wasdev/license/base_ilan/ilan/16.0.0.3/lafiles/es.html
[10/16/16 17:18:26:361 CST] 00000001 com.ibm.ws.kernel.launch.internal.FrameworkManager           I CWWKE0002I: El kernel se ha iniciado después de 3.907 segundos
[10/16/16 17:18:26:468 CST] 00000019 com.ibm.ws.kernel.feature.internal.FeatureManager            I CWWKF0007I: La actualización de características se ha iniciado.
[10/16/16 17:18:28:130 CST] 00000012 com.ibm.ws.security.ready.internal.SecurityReadyServiceImpl  I CWWKS0007I: El servicio de seguridad se está iniciando...
[10/16/16 17:18:28:522 CST] 00000014 com.ibm.ws.ssl.config.WSKeyStore                             I CWPKI0802I: Creando el certificado SSL. Esto puede tardar unos segundos.
[10/16/16 17:18:28:528 CST] 00000014 com.ibm.ws.ssl.config.WSKeyStore                             E CWPKI0808E: Para crear el almacén de claves por omisión es necesaria una contraseña de al menos 6 caracteres. No se ha creado el almacén de claves por omisión.
[10/16/16 17:18:28:876 CST] 00000020 com.ibm.ws.security.ready.internal.SecurityReadyServiceImpl  I CWWKS0008I: El servicio de seguridad está listo.
[10/16/16 17:18:28:878 CST] 00000020 com.ibm.ws.security.token.ltpa.internal.LTPAKeyCreateTask    I CWWKS4105I: La configuración de LTPA estará lista después de 0.343 segundos.
[10/16/16 17:18:29:049 CST] 00000012 com.ibm.ws.app.manager.internal.monitor.DropinMonitor        A CWWKZ0058I: Supervisando aplicaciones de dropins. 
[10/16/16 17:18:29:073 CST] 00000024 com.ibm.ws.tcpchannel.internal.TCPChannel                    I CWWKO0219I: El canal TCP defaultHttpEndpoint se ha iniciado y ahora está a la escucha de solicitudes en el host 127.0.0.1  (IPv4: 127.0.0.1) puerto 9080.
[10/16/16 17:18:29:218 CST] 00000012 com.ibm.ws.tcpchannel.internal.TCPChannel                    I CWWKO0219I: El canal TCP wasJmsEndpoint303 se ha iniciado y ahora está a la escucha de solicitudes en el host 127.0.0.1  (IPv4: 127.0.0.1) puerto 7276.
[10/16/16 17:18:30:073 CST] 00000012 com.ibm.ws.sib.utils.ras.SibMessage                          I  CWSID0108I: El servidor JMS se ha iniciado.  
[10/16/16 17:18:30:400 CST] 00000012 com.ibm.ws.security.jaspi.AuthConfigFactoryWrapper           I CWWKS1655I: Se está utilizando la clase AuthConfigFactory com.ibm.ws.security.jaspi.ProviderRegistry de JASPIC (Java Authentication SPI for Containers) predeterminada porque la propiedad de seguridad Java authconfigprovider.factory no está establecida. 
[10/16/16 17:18:30:474 CST] 00000012 .ibm.ws.org.apache.geronimo.specs.geronimo-osgi-registry.1.1 I SPI-Provider Manifest header found in bundle: com.ibm.ws.xlxp.1.5.3 Bundle:com.ibm.ws.org.apache.geronimo.specs.geronimo-osgi-registry.1.1(id=170)   
[10/16/16 17:18:30:531 CST] 00000012 org.apache.cxf.bus.osgi.CXFActivator                         I Adding the extensions from bundle com.ibm.ws.org.apache.cxf-rt-ws-addr.2.6.2 (174) [org.apache.cxf.ws.addressing.policy.AddressingAssertionBuilder, org.apache.cxf.ws.addressing.policy.UsingAddressingAssertionBuilder, org.apache.cxf.ws.addressing.policy.AddressingPolicyInterceptorProvider, org.apache.cxf.ws.addressing.impl.AddressingWSDLExtensionLoader, org.apache.cxf.ws.addressing.WSAddressingFeature$WSAddressingFeatureApplier, org.apache.cxf.ws.addressing.MAPAggregator$MAPAggregatorLoader]
[10/16/16 17:18:30:532 CST] 00000012 org.apache.cxf.bus.osgi.CXFActivator                         I Adding the extensions from bundle com.ibm.ws.org.apache.cxf-rt-frontend-jaxws.2.6.2 (177) [org.apache.cxf.jaxws.context.WebServiceContextResourceResolver]
[10/16/16 17:18:30:532 CST] 00000012 org.apache.cxf.bus.osgi.CXFActivator                         I Adding the extensions from bundle com.ibm.ws.org.apache.cxf-rt-management.2.6.2 (186) [org.apache.cxf.management.InstrumentationManager]
[10/16/16 17:18:30:532 CST] 00000012 org.apache.cxf.bus.osgi.CXFActivator                         I Adding the extensions from bundle com.ibm.ws.org.apache.cxf-rt-bindings-xml.2.6.2 (188) [org.apache.cxf.binding.xml.XMLBindingFactory, org.apache.cxf.binding.xml.wsdl11.XMLWSDLExtensionLoader]
[10/16/16 17:18:30:533 CST] 00000012 org.apache.cxf.bus.osgi.CXFActivator                         I Adding the extensions from bundle com.ibm.ws.org.apache.cxf-rt-transports-http.2.6.2 (190) [org.apache.cxf.transport.http.HTTPTransportFactory, org.apache.cxf.transport.http.HTTPWSDLExtensionLoader, org.apache.cxf.transport.http.policy.HTTPClientAssertionBuilder, org.apache.cxf.transport.http.policy.HTTPServerAssertionBuilder, org.apache.cxf.transport.http.policy.NoOpPolicyInterceptorProvider]
[10/16/16 17:18:30:533 CST] 00000012 org.apache.cxf.bus.osgi.CXFActivator                         I Adding the extensions from bundle com.ibm.ws.org.apache.cxf-rt-bindings-soap.2.6.2 (191) [org.apache.cxf.binding.soap.SoapBindingFactory, org.apache.cxf.binding.soap.SoapTransportFactory]
[10/16/16 17:18:30:533 CST] 00000012 org.apache.cxf.bus.osgi.CXFActivator                         I Adding the extensions from bundle com.ibm.ws.org.apache.cxf-rt-ws-policy.2.6.2 (194) [org.apache.cxf.ws.policy.PolicyEngine, org.apache.cxf.policy.PolicyDataEngine, org.apache.cxf.ws.policy.AssertionBuilderRegistry, org.apache.cxf.ws.policy.PolicyInterceptorProviderRegistry, org.apache.cxf.ws.policy.PolicyBuilder, org.apache.cxf.ws.policy.PolicyAnnotationListener, org.apache.cxf.ws.policy.attachment.ServiceModelPolicyProvider, org.apache.cxf.ws.policy.attachment.external.DomainExpressionBuilderRegistry, org.apache.cxf.ws.policy.attachment.external.EndpointReferenceDomainExpressionBuilder, org.apache.cxf.ws.policy.attachment.wsdl11.Wsdl11AttachmentPolicyProvider, org.apache.cxf.ws.policy.mtom.MTOMAssertionBuilder, org.apache.cxf.ws.policy.mtom.MTOMPolicyInterceptorProvider]
[10/16/16 17:18:30:533 CST] 00000012 org.apache.cxf.bus.osgi.CXFActivator                         I Adding the extensions from bundle com.ibm.ws.jaxrs-2.0.common (243) [org.apache.cxf.phase.PhaseManager, org.apache.cxf.workqueue.WorkQueueManager, org.apache.cxf.buslifecycle.BusLifeCycleManager, org.apache.cxf.endpoint.ServerRegistry, org.apache.cxf.endpoint.EndpointResolverRegistry, org.apache.cxf.headers.HeaderManager, org.apache.cxf.service.factory.FactoryBeanListenerManager, org.apache.cxf.endpoint.ServerLifeCycleManager, org.apache.cxf.endpoint.ClientLifeCycleManager, org.apache.cxf.resource.ResourceManager, org.apache.cxf.catalog.OASISCatalogManager]
[10/16/16 17:18:31:102 CST] 00000012 com.ibm.ws.cache.ServerCache                                 I DYNA1001I: La instancia de memoria caché dinámica de WebSphere con nombre baseCache se ha inicializado correctamente.
[10/16/16 17:18:31:105 CST] 00000012 com.ibm.ws.cache.ServerCache                                 I DYNA1071I: Se está utilizando el proveedor de memoria caché default.
[10/16/16 17:18:31:106 CST] 00000012 com.ibm.ws.cache.CacheServiceImpl                            I DYNA1056I: La memoria caché dinámica (memoria caché de objeto) se ha inicializado correctamente.
[10/16/16 17:18:31:705 CST] 0000001e com.ibm.ws.app.manager.AppMessageHelper                      I CWWKZ0018I: Iniciando la aplicación ChefServer.
[10/16/16 17:18:33:177 CST] 0000001e org.jboss.weld.Version                                       I WELD-000900: 2.3.4 (Final)
[10/16/16 17:18:34:132 CST] 0000001e com.ibm.ws.session.WASSessionCore                            I SESN8501I: El gestor de sesiones no ha encontrado una ubicación de almacenamiento persistente; los objetos HttpSession se almacenarán en la memoria del servidor de aplicaciones local.
[10/16/16 17:18:34:316 CST] 0000001e com.ibm.ws.webcontainer.osgi.webapp.WebGroup                 I SRVE0169I: Cargando módulo web: ChefServer.
[10/16/16 17:18:34:319 CST] 0000001e com.ibm.ws.webcontainer                                      I SRVE0250I: El módulo web ChefServer se ha enlazado con default_host.
[10/16/16 17:18:34:320 CST] 0000001e com.ibm.ws.http.internal.VirtualHostImpl                     A CWWKT0016I: Aplicación web disponible (default_host): http://localhost:9080/ChefServer/
[10/16/16 17:18:34:354 CST] 0000001e com.ibm.ws.app.manager.AppMessageHelper                      A CWWKZ0001I: La aplicación ChefServer se ha iniciado en 2.649 segundos.
[10/16/16 17:18:34:364 CST] 00000019 com.ibm.ws.kernel.feature.internal.FeatureManager            A CWWKF0012I: El servidor ha instalado las características siguientes: [servlet-3.1, beanValidation-1.1, ssl-1.0, jndi-1.0, jca-1.7, ejbPersistentTimer-3.2, appSecurity-2.0, j2eeManagement-1.1, jdbc-4.1, wasJmsServer-1.0, jaxrs-2.0, javaMail-1.5, cdi-1.2, webProfile-7.0, jcaInboundSecurity-1.0, jpa-2.1, jsp-2.3, ejbLite-3.2, managedBeans-1.0, jsf-2.2, ejbHome-3.2, jaxws-2.2, localConnector-1.0, jsonp-1.0, el-3.0, jaxrsClient-2.0, concurrent-1.0, appClientSupport-1.0, ejbRemote-3.2, javaee-7.0, jaxb-2.2, mdb-3.2, jacc-1.5, batch-1.0, ejb-3.2, json-1.0, jaspic-1.1, distributedMap-1.0, websocket-1.1, wasJmsSecurity-1.0, wasJmsClient-2.0].
[10/16/16 17:18:34:365 CST] 00000019 com.ibm.ws.kernel.feature.internal.FeatureManager            I CWWKF0008I: La actualización de características se ha completado en 8.003 segundos.
[10/16/16 17:18:34:365 CST] 00000019 com.ibm.ws.kernel.feature.internal.FeatureManager            A CWWKF0011I: El servidor server1 está preparado para ejecutar un planeta más inteligente.
[10/16/16 17:18:34:968 CST] 0000001d com.ibm.ws.webcontainer.osgi.mbeans.PluginGenerator          I SRVE9103I: Se ha generado automáticamente un archivo de configuración para un plug-in de servidor web para este servidor en C:\Users\manol\git\restCHEF\Liberty\usr\servers\server1\logs\state\plugin-cfg.xml.
[10/16/16 17:18:37:906 CST] 00000037 com.ibm.ws.session.WASSessionCore                            I SESN0176I: Se creará un nuevo contexto de sesión para la clave de aplicación default_host/ChefServer
[10/16/16 17:18:37:934 CST] 00000037 com.ibm.ws.util                                              I SESN0172I: El gestor de sesiones está utilizando la implementación de SecureRandom Java por omisión para la generación del ID de sesión.
[10/16/16 17:18:37:975 CST] 00000037 com.ibm.ws.jsp                                               I JSPG8502I: El valor del atributo JSP jdkSourceLevel es "15".
[10/16/16 17:18:38:426 CST] 00000037 com.ibm.ws.cache.CacheServiceImpl                            I DYNA1056I: La memoria caché dinámica (memoria caché de objeto) se ha inicializado correctamente.
[10/16/16 17:18:40:232 CST] 00000037 com.ibm.ws.webcontainer.servlet                              I SRVE0242I: [ChefServer] [/ChefServer] [/index.jsp]: Inicialización satisfactoria.
[10/16/16 17:18:41:295 CST] 0000001d ibm.ws.transport.iiop.security.AbstractCsiv2SubsystemFactory E CWWKS9582E: Los atributos sslRef [defaultSSLConfig] que el elemento orb con el ID defaultOrb necesita no se han resuelto en 10 segundos. En consecuencia, las aplicaciones no se iniciarán. Asegúrese de que ha incluido un elemento keyStore y que SSL (capa de sockets de seguridad) está correctamente configurado. Si el sslRef es defaultSSLConfig, añada un elemento keyStore con el ID defaultKeyStore y una contraseña.
[10/16/16 17:21:49:768 CST] 0000007f com.ibm.ws.runtime.update.internal.RuntimeUpdateManagerImpl  A CWWKE1100I: Iniciar desactivación temporal del servidor.
[10/16/16 17:21:49:771 CST] 00000080 com.ibm.ws.tcpchannel.internal.TCPChannel                    I CWWKO0220I: El canal TCP wasJmsEndpoint303 ha detenido la escucha de solicitudes en el host 127.0.0.1  (IPv4: 127.0.0.1) puerto 7276.
[10/16/16 17:21:49:773 CST] 00000080 com.ibm.ws.tcpchannel.internal.TCPChannel                    I CWWKO0220I: El canal TCP defaultHttpEndpoint ha detenido la escucha de solicitudes en el host 127.0.0.1  (IPv4: 127.0.0.1) puerto 9080.
[10/16/16 17:21:49:774 CST] 00000080 com.ibm.ws.http.internal.VirtualHostImpl                     A CWWKT0017I: Aplicación web eliminada (default_host): http://localhost:9080/ChefServer/
[10/16/16 17:21:49:795 CST] 0000007f .jbatch.container.services.impl.MemoryPersistenceManagerImpl I CWWKY0005I: El servicio de persistencia In-Memory de proceso por lotes es activated.
[10/16/16 17:21:49:796 CST] 0000007f com.ibm.jbatch.container.impl.BatchKernelImpl                I CWWKY0008I: La característica de proceso por lotes está utilizando el tipo de persistencia In-Memory.
[10/16/16 17:21:49:804 CST] 0000007f com.ibm.ws.runtime.update.internal.RuntimeUpdateManagerImpl  I CWWKE1101I: La desactivación temporal del servidor ha finalizado.
[10/16/16 17:21:49:843 CST] 00000074 com.ibm.ws.webcontainer.servlet                              I SRVE0253I: [ChefServer] [/ChefServer] [/index.jsp]: Destrucción satisfactoria.
[10/16/16 17:21:49:853 CST] 00000074 com.ibm.ws.app.manager.AppMessageHelper                      A CWWKZ0009I: La aplicación ChefServer se ha detenido correctamente.
[10/16/16 17:21:49:945 CST] 0000007f com.ibm.ws.security.ready.internal.SecurityReadyServiceImpl  I CWWKS0009I: El servicio de seguridad se ha detenido.
[10/16/16 17:21:49:988 CST] 0000007f .jbatch.container.services.impl.MemoryPersistenceManagerImpl I CWWKY0005I: El servicio de persistencia In-Memory de proceso por lotes es deactivated.
[10/16/16 17:21:50:164 CST] 0000007f org.apache.cxf.bus.osgi.CXFActivator                         I Removing the extensions for bundle 194
[10/16/16 17:21:50:165 CST] 0000007f org.apache.cxf.bus.osgi.CXFActivator                         I Removing the extensions for bundle 174
[10/16/16 17:21:50:165 CST] 0000007f org.apache.cxf.bus.osgi.CXFActivator                         I Removing the extensions for bundle 177
[10/16/16 17:21:50:165 CST] 0000007f org.apache.cxf.bus.osgi.CXFActivator                         I Removing the extensions for bundle 243
[10/16/16 17:21:50:165 CST] 0000007f org.apache.cxf.bus.osgi.CXFActivator                         I Removing the extensions for bundle 186
[10/16/16 17:21:50:165 CST] 0000007f org.apache.cxf.bus.osgi.CXFActivator                         I Removing the extensions for bundle 188
[10/16/16 17:21:50:165 CST] 0000007f org.apache.cxf.bus.osgi.CXFActivator                         I Removing the extensions for bundle 190
[10/16/16 17:21:50:165 CST] 0000007f org.apache.cxf.bus.osgi.CXFActivator                         I Removing the extensions for bundle 191
[10/16/16 17:21:50:245 CST] 0000007f com.ibm.ws.sib.utils.ras.SibMessage                          I  CWSIS1589I: El almacén de archivos se ha detenido satisfactoriamente.
[10/16/16 17:21:50:448 CST] 0000007f com.ibm.ws.sib.utils.ras.SibMessage                          I  CWSID0121I: Se ha detenido el servidor JMS.  
[10/16/16 17:21:50:821 CST] 00000001 com.ibm.ws.kernel.launch.internal.FrameworkManager           A CWWKE0036I: El servidor server1 se ha detenido después de 3 minutos, 28.367 segundos.
