********************************************************************************
product = WebSphere Application Server 16.0.0.3 (wlp-1.0.14.cl160320160831-1555)
wlp.install.dir = C:/Users/manol/git/restCHEF/Liberty/
java.home = C:\Program Files\Java\jre1.8.0_102
java.version = 1.8.0_102
java.runtime = Java(TM) SE Runtime Environment (1.8.0_102-b14)
os = Windows 10 (10.0; amd64) (es_US)
process = 3620@DESKTOP-12SF3HE
********************************************************************************
[10/16/16 17:16:46:316 CST] 00000001 com.ibm.ws.kernel.launch.internal.FrameworkManager           A CWWKE0001I: El servidor server1 se ha lanzado.
[10/16/16 17:16:46:418 CST] 00000001 com.ibm.ws.kernel.launch.internal.FrameworkManager           A CWWKE0100I: Este producto tiene licencia para el desarrollo y uso limitado en producción. Los términos completos de la licencia pueden verse aquí: https://public.dhe.ibm.com/ibmdl/export/pub/software/websphere/wasdev/license/base_ilan/ilan/16.0.0.3/lafiles/es.html
[10/16/16 17:17:23:098 CST] 00000001 com.ibm.ws.kernel.launch.internal.FrameworkManager           I CWWKE0002I: El kernel se ha iniciado después de 39.291 segundos
[10/16/16 17:17:28:452 CST] 00000019 com.ibm.ws.kernel.feature.internal.FeatureManager            I CWWKF0007I: La actualización de características se ha iniciado.
[10/16/16 17:17:37:709 CST] 00000012 com.ibm.ws.security.ready.internal.SecurityReadyServiceImpl  I CWWKS0007I: El servicio de seguridad se está iniciando...
[10/16/16 17:17:39:254 CST] 00000014 com.ibm.ws.ssl.config.WSKeyStore                             I CWPKI0802I: Creando el certificado SSL. Esto puede tardar unos segundos.
[10/16/16 17:17:39:279 CST] 00000014 com.ibm.ws.ssl.config.WSKeyStore                             E CWPKI0808E: Para crear el almacén de claves por omisión es necesaria una contraseña de al menos 6 caracteres. No se ha creado el almacén de claves por omisión.
[10/16/16 17:17:39:327 CST] 00000030 com.ibm.ws.security.token.ltpa.internal.LTPAKeyInfoManager   I CWWKS4103I: Creando las claves LTPA. Esto puede tardar unos segundos.
[10/16/16 17:17:39:971 CST] 00000030 com.ibm.ws.security.token.ltpa.internal.LTPAKeyInfoManager   A CWWKS4104A: Las claves LTPA se han creado en 0.644 segundos. Archivo de claves LTPA: C:/Users/manol/git/restCHEF/Liberty/usr/servers/server1/resources/security/ltpa.keys
[10/16/16 17:17:40:043 CST] 00000030 com.ibm.ws.security.ready.internal.SecurityReadyServiceImpl  I CWWKS0008I: El servicio de seguridad está listo.
[10/16/16 17:17:40:045 CST] 00000030 com.ibm.ws.security.token.ltpa.internal.LTPAKeyCreateTask    I CWWKS4105I: La configuración de LTPA estará lista después de 0.729 segundos.
[10/16/16 17:17:40:823 CST] 00000012 com.ibm.ws.app.manager.internal.monitor.DropinMonitor        A CWWKZ0058I: Supervisando aplicaciones de dropins. 
[10/16/16 17:17:41:013 CST] 00000036 com.ibm.ws.tcpchannel.internal.TCPChannel                    I CWWKO0219I: El canal TCP defaultHttpEndpoint se ha iniciado y ahora está a la escucha de solicitudes en el host 127.0.0.1  (IPv4: 127.0.0.1) puerto 9080.
[10/16/16 17:17:41:539 CST] 00000012 com.ibm.ws.tcpchannel.internal.TCPChannel                    I CWWKO0219I: El canal TCP wasJmsEndpoint303 se ha iniciado y ahora está a la escucha de solicitudes en el host 127.0.0.1  (IPv4: 127.0.0.1) puerto 7276.
[10/16/16 17:17:43:103 CST] 00000012 com.ibm.ws.sib.utils.ras.SibMessage                          I  CWSIS1553I: El tamaño mínimo reservado para la información de configuración del archivo de almacén permanente es de 20,971,520 bytes. El tamaño máximo es de 209,715,200 bytes.
[10/16/16 17:17:43:134 CST] 00000012 com.ibm.ws.sib.utils.ras.SibMessage                          I  CWSIS1557I: El tamaño mínimo reservado para la información de configuración del archivo de almacén temporal es de 20,971,520 bytes. El tamaño máximo es de 209,715,200 bytes.
[10/16/16 17:17:44:634 CST] 00000012 com.ibm.ws.sib.utils.ras.SibMessage                          I  CWSID0108I: El servidor JMS se ha iniciado.  
[10/16/16 17:17:46:187 CST] 00000012 com.ibm.ws.security.jaspi.AuthConfigFactoryWrapper           I CWWKS1655I: Se está utilizando la clase AuthConfigFactory com.ibm.ws.security.jaspi.ProviderRegistry de JASPIC (Java Authentication SPI for Containers) predeterminada porque la propiedad de seguridad Java authconfigprovider.factory no está establecida. 
[10/16/16 17:17:46:359 CST] 00000012 .ibm.ws.org.apache.geronimo.specs.geronimo-osgi-registry.1.1 I SPI-Provider Manifest header found in bundle: com.ibm.ws.xlxp.1.5.3 Bundle:com.ibm.ws.org.apache.geronimo.specs.geronimo-osgi-registry.1.1(id=170)   
[10/16/16 17:17:46:694 CST] 00000012 org.apache.cxf.bus.osgi.CXFActivator                         I Adding the extensions from bundle com.ibm.ws.org.apache.cxf-rt-ws-addr.2.6.2 (174) [org.apache.cxf.ws.addressing.policy.AddressingAssertionBuilder, org.apache.cxf.ws.addressing.policy.UsingAddressingAssertionBuilder, org.apache.cxf.ws.addressing.policy.AddressingPolicyInterceptorProvider, org.apache.cxf.ws.addressing.impl.AddressingWSDLExtensionLoader, org.apache.cxf.ws.addressing.WSAddressingFeature$WSAddressingFeatureApplier, org.apache.cxf.ws.addressing.MAPAggregator$MAPAggregatorLoader]
[10/16/16 17:17:46:695 CST] 00000012 org.apache.cxf.bus.osgi.CXFActivator                         I Adding the extensions from bundle com.ibm.ws.org.apache.cxf-rt-frontend-jaxws.2.6.2 (177) [org.apache.cxf.jaxws.context.WebServiceContextResourceResolver]
[10/16/16 17:17:46:710 CST] 00000012 org.apache.cxf.bus.osgi.CXFActivator                         I Adding the extensions from bundle com.ibm.ws.org.apache.cxf-rt-management.2.6.2 (186) [org.apache.cxf.management.InstrumentationManager]
[10/16/16 17:17:46:711 CST] 00000012 org.apache.cxf.bus.osgi.CXFActivator                         I Adding the extensions from bundle com.ibm.ws.org.apache.cxf-rt-bindings-xml.2.6.2 (188) [org.apache.cxf.binding.xml.XMLBindingFactory, org.apache.cxf.binding.xml.wsdl11.XMLWSDLExtensionLoader]
[10/16/16 17:17:46:717 CST] 00000012 org.apache.cxf.bus.osgi.CXFActivator                         I Adding the extensions from bundle com.ibm.ws.org.apache.cxf-rt-transports-http.2.6.2 (190) [org.apache.cxf.transport.http.HTTPTransportFactory, org.apache.cxf.transport.http.HTTPWSDLExtensionLoader, org.apache.cxf.transport.http.policy.HTTPClientAssertionBuilder, org.apache.cxf.transport.http.policy.HTTPServerAssertionBuilder, org.apache.cxf.transport.http.policy.NoOpPolicyInterceptorProvider]
[10/16/16 17:17:46:718 CST] 00000012 org.apache.cxf.bus.osgi.CXFActivator                         I Adding the extensions from bundle com.ibm.ws.org.apache.cxf-rt-bindings-soap.2.6.2 (191) [org.apache.cxf.binding.soap.SoapBindingFactory, org.apache.cxf.binding.soap.SoapTransportFactory]
[10/16/16 17:17:46:728 CST] 00000012 org.apache.cxf.bus.osgi.CXFActivator                         I Adding the extensions from bundle com.ibm.ws.org.apache.cxf-rt-ws-policy.2.6.2 (194) [org.apache.cxf.ws.policy.PolicyEngine, org.apache.cxf.policy.PolicyDataEngine, org.apache.cxf.ws.policy.AssertionBuilderRegistry, org.apache.cxf.ws.policy.PolicyInterceptorProviderRegistry, org.apache.cxf.ws.policy.PolicyBuilder, org.apache.cxf.ws.policy.PolicyAnnotationListener, org.apache.cxf.ws.policy.attachment.ServiceModelPolicyProvider, org.apache.cxf.ws.policy.attachment.external.DomainExpressionBuilderRegistry, org.apache.cxf.ws.policy.attachment.external.EndpointReferenceDomainExpressionBuilder, org.apache.cxf.ws.policy.attachment.wsdl11.Wsdl11AttachmentPolicyProvider, org.apache.cxf.ws.policy.mtom.MTOMAssertionBuilder, org.apache.cxf.ws.policy.mtom.MTOMPolicyInterceptorProvider]
[10/16/16 17:17:46:763 CST] 00000012 org.apache.cxf.bus.osgi.CXFActivator                         I Adding the extensions from bundle com.ibm.ws.jaxrs-2.0.common (243) [org.apache.cxf.phase.PhaseManager, org.apache.cxf.workqueue.WorkQueueManager, org.apache.cxf.buslifecycle.BusLifeCycleManager, org.apache.cxf.endpoint.ServerRegistry, org.apache.cxf.endpoint.EndpointResolverRegistry, org.apache.cxf.headers.HeaderManager, org.apache.cxf.service.factory.FactoryBeanListenerManager, org.apache.cxf.endpoint.ServerLifeCycleManager, org.apache.cxf.endpoint.ClientLifeCycleManager, org.apache.cxf.resource.ResourceManager, org.apache.cxf.catalog.OASISCatalogManager]
[10/16/16 17:17:48:921 CST] 00000010 com.ibm.ws.kernel.launch.internal.ServerCommandListener      A CWWKE0055I: Conclusión del servidor solicitada el domingo 16 de octubre de 2016 a las 5:17 p.m.. El servidor server1 se está cerrando.
[10/16/16 17:17:48:925 CST] 0000006c com.ibm.ws.runtime.update.internal.RuntimeUpdateManagerImpl  A CWWKE1100I: Iniciar desactivación temporal del servidor.
[10/16/16 17:17:48:939 CST] 0000006e com.ibm.ws.tcpchannel.internal.TCPChannel                    I CWWKO0220I: El canal TCP wasJmsEndpoint303 ha detenido la escucha de solicitudes en el host 127.0.0.1  (IPv4: 127.0.0.1) puerto 7276.
[10/16/16 17:17:48:942 CST] 0000006e com.ibm.ws.tcpchannel.internal.TCPChannel                    I CWWKO0220I: El canal TCP defaultHttpEndpoint ha detenido la escucha de solicitudes en el host 127.0.0.1  (IPv4: 127.0.0.1) puerto 9080.
[10/16/16 17:17:49:215 CST] 0000006c .jbatch.container.services.impl.MemoryPersistenceManagerImpl I CWWKY0005I: El servicio de persistencia In-Memory de proceso por lotes es activated.
[10/16/16 17:17:49:216 CST] 0000006c com.ibm.jbatch.container.impl.BatchKernelImpl                I CWWKY0008I: La característica de proceso por lotes está utilizando el tipo de persistencia In-Memory.
[10/16/16 17:17:50:935 CST] 00000012 com.ibm.ws.cache.ServerCache                                 I DYNA1001I: La instancia de memoria caché dinámica de WebSphere con nombre baseCache se ha inicializado correctamente.
[10/16/16 17:17:50:981 CST] 00000012 com.ibm.ws.cache.ServerCache                                 I DYNA1071I: Se está utilizando el proveedor de memoria caché default.
[10/16/16 17:17:50:982 CST] 00000012 com.ibm.ws.cache.CacheServiceImpl                            I DYNA1056I: La memoria caché dinámica (memoria caché de objeto) se ha inicializado correctamente.
[10/16/16 17:17:53:188 CST] 0000002f com.ibm.ws.app.manager.AppMessageHelper                      W CWWKZ0014W: No se ha podido iniciar la aplicación ChefServer ya que no se encuentra en la ubicación ChefServer.war.
[10/16/16 17:18:02:039 CST] 0000007a ibm.ws.transport.iiop.security.AbstractCsiv2SubsystemFactory E CWWKS9582E: Los atributos sslRef [defaultSSLConfig] que el elemento orb con el ID defaultOrb necesita no se han resuelto en 10 segundos. En consecuencia, las aplicaciones no se iniciarán. Asegúrese de que ha incluido un elemento keyStore y que SSL (capa de sockets de seguridad) está correctamente configurado. Si el sslRef es defaultSSLConfig, añada un elemento keyStore con el ID defaultKeyStore y una contraseña.
[10/16/16 17:18:19:377 CST] 0000006c com.ibm.ws.runtime.update.internal.RuntimeUpdateManagerImpl  W CWWKE1102W: La operación de desactivación temporal no ha finalizado. El servidor se detendrá ahora.
[10/16/16 17:18:23:272 CST] 00000019 com.ibm.ws.kernel.feature.internal.FeatureManager            A CWWKF0012I: El servidor ha instalado las características siguientes: [servlet-3.1, beanValidation-1.1, ssl-1.0, jndi-1.0, jca-1.7, ejbPersistentTimer-3.2, appSecurity-2.0, j2eeManagement-1.1, jdbc-4.1, wasJmsServer-1.0, jaxrs-2.0, javaMail-1.5, cdi-1.2, webProfile-7.0, jcaInboundSecurity-1.0, jpa-2.1, jsp-2.3, ejbLite-3.2, managedBeans-1.0, jsf-2.2, ejbHome-3.2, jaxws-2.2, localConnector-1.0, jsonp-1.0, el-3.0, jaxrsClient-2.0, concurrent-1.0, appClientSupport-1.0, ejbRemote-3.2, javaee-7.0, jaxb-2.2, mdb-3.2, jacc-1.5, batch-1.0, ejb-3.2, json-1.0, jaspic-1.1, distributedMap-1.0, websocket-1.1, wasJmsSecurity-1.0, wasJmsClient-2.0].
[10/16/16 17:18:23:273 CST] 00000019 com.ibm.ws.kernel.feature.internal.FeatureManager            I CWWKF0008I: La actualización de características se ha completado en 60.216 segundos.
[10/16/16 17:18:23:273 CST] 00000019 com.ibm.ws.kernel.feature.internal.FeatureManager            A CWWKF0011I: El servidor server1 está preparado para ejecutar un planeta más inteligente.
[10/16/16 17:18:23:335 CST] 0000006c com.ibm.ws.security.ready.internal.SecurityReadyServiceImpl  I CWWKS0009I: El servicio de seguridad se ha detenido.
[10/16/16 17:18:23:384 CST] 0000006c .jbatch.container.services.impl.MemoryPersistenceManagerImpl I CWWKY0005I: El servicio de persistencia In-Memory de proceso por lotes es deactivated.
[10/16/16 17:18:23:675 CST] 0000006c org.apache.cxf.bus.osgi.CXFActivator                         I Removing the extensions for bundle 194
[10/16/16 17:18:23:675 CST] 0000006c org.apache.cxf.bus.osgi.CXFActivator                         I Removing the extensions for bundle 174
[10/16/16 17:18:23:675 CST] 0000006c org.apache.cxf.bus.osgi.CXFActivator                         I Removing the extensions for bundle 177
[10/16/16 17:18:23:675 CST] 0000006c org.apache.cxf.bus.osgi.CXFActivator                         I Removing the extensions for bundle 243
[10/16/16 17:18:23:675 CST] 0000006c org.apache.cxf.bus.osgi.CXFActivator                         I Removing the extensions for bundle 186
[10/16/16 17:18:23:675 CST] 0000006c org.apache.cxf.bus.osgi.CXFActivator                         I Removing the extensions for bundle 188
[10/16/16 17:18:23:675 CST] 0000006c org.apache.cxf.bus.osgi.CXFActivator                         I Removing the extensions for bundle 190
[10/16/16 17:18:23:675 CST] 0000006c org.apache.cxf.bus.osgi.CXFActivator                         I Removing the extensions for bundle 191
[10/16/16 17:18:23:879 CST] 0000006c com.ibm.ws.sib.utils.ras.SibMessage                          I  CWSIS1589I: El almacén de archivos se ha detenido satisfactoriamente.
[10/16/16 17:18:24:159 CST] 0000006c com.ibm.ws.sib.utils.ras.SibMessage                          I  CWSID0121I: Se ha detenido el servidor JMS.  
[10/16/16 17:18:24:735 CST] 00000001 com.ibm.ws.kernel.launch.internal.FrameworkManager           A CWWKE0036I: El servidor server1 se ha detenido después de 1 minutos, 40.951 segundos.
