------Start of DE processing------ = [10/29/16 23:49:58:246 CST]
Exception = com.ibm.ws.webcontainer.webapp.WebAppErrorReport
Source = com.ibm.ws.webcontainer.filter.FilterInstanceWrapper.doFilter
probeid = 144
Stack Dump = com.ibm.ws.webcontainer.webapp.WebAppErrorReport: javax.servlet.UnavailableException: SRVE0200E: Servlet [org.glassfish.jersey.servlet.ServletContainer]: No se ha encontrado la clase necesaria - org.glassfish.jersey.servlet.ServletContainer
	at com.ibm.ws.webcontainer.webapp.WebAppErrorReport.constructErrorReport(WebAppErrorReport.java:153)
	at com.ibm.ws.webcontainer.webapp.WebAppErrorReport.constructErrorReport(WebAppErrorReport.java:194)
	at com.ibm.ws.webcontainer.servlet.ServletWrapper.handleRequest(ServletWrapper.java:552)
	at com.ibm.ws.webcontainer.servlet.ServletWrapper.handleRequest(ServletWrapper.java:475)
	at com.ibm.ws.webcontainer.filter.WebAppFilterChain.invokeTarget(WebAppFilterChain.java:148)
	at com.ibm.ws.webcontainer.filter.WebAppFilterChain.doFilter(WebAppFilterChain.java:94)
	at com.ibm.ws.security.jaspi.JaspiServletFilter.doFilter(JaspiServletFilter.java:57)
	at com.ibm.ws.webcontainer.filter.FilterInstanceWrapper.doFilter(FilterInstanceWrapper.java:207)
	at com.ibm.ws.webcontainer.filter.WebAppFilterChain.doFilter(WebAppFilterChain.java:91)
	at com.ibm.ws.webcontainer.filter.WebAppFilterManager.doFilter(WebAppFilterManager.java:1021)
	at com.ibm.ws.webcontainer.filter.WebAppFilterManager.invokeFilters(WebAppFilterManager.java:1143)
	at com.ibm.ws.webcontainer.webapp.WebApp.handleRequest(WebApp.java:4939)
	at com.ibm.ws.webcontainer31.osgi.webapp.WebApp31.handleRequest(WebApp31.java:525)
	at com.ibm.ws.webcontainer.osgi.DynamicVirtualHost$2.handleRequest(DynamicVirtualHost.java:313)
	at com.ibm.ws.webcontainer.WebContainer.handleRequest(WebContainer.java:1007)
	at com.ibm.ws.webcontainer.osgi.DynamicVirtualHost$2.run(DynamicVirtualHost.java:278)
	at com.ibm.ws.http.dispatcher.internal.channel.HttpDispatcherLink$TaskWrapper.run(HttpDispatcherLink.java:967)
	at com.ibm.ws.http.dispatcher.internal.channel.HttpDispatcherLink.wrapHandlerAndExecute(HttpDispatcherLink.java:359)
	at com.ibm.ws.http.dispatcher.internal.channel.HttpDispatcherLink.ready(HttpDispatcherLink.java:318)
	at com.ibm.ws.http.channel.internal.inbound.HttpInboundLink.handleDiscrimination(HttpInboundLink.java:471)
	at com.ibm.ws.http.channel.internal.inbound.HttpInboundLink.handleNewRequest(HttpInboundLink.java:405)
	at com.ibm.ws.http.channel.internal.inbound.HttpInboundLink.processRequest(HttpInboundLink.java:285)
	at com.ibm.ws.http.channel.internal.inbound.HttpInboundLink.ready(HttpInboundLink.java:256)
	at com.ibm.ws.tcpchannel.internal.NewConnectionInitialReadCallback.sendToDiscriminators(NewConnectionInitialReadCallback.java:174)
	at com.ibm.ws.tcpchannel.internal.NewConnectionInitialReadCallback.complete(NewConnectionInitialReadCallback.java:83)
	at com.ibm.ws.tcpchannel.internal.WorkQueueManager.requestComplete(WorkQueueManager.java:504)
	at com.ibm.ws.tcpchannel.internal.WorkQueueManager.attemptIO(WorkQueueManager.java:574)
	at com.ibm.ws.tcpchannel.internal.WorkQueueManager.workerRun(WorkQueueManager.java:929)
	at com.ibm.ws.tcpchannel.internal.WorkQueueManager$Worker.run(WorkQueueManager.java:1018)
	at java.util.concurrent.ThreadPoolExecutor.runWorker(Unknown Source)
	at java.util.concurrent.ThreadPoolExecutor$Worker.run(Unknown Source)
	at java.lang.Thread.run(Unknown Source)
Caused by: javax.servlet.UnavailableException: SRVE0200E: Servlet [org.glassfish.jersey.servlet.ServletContainer]: No se ha encontrado la clase necesaria - org.glassfish.jersey.servlet.ServletContainer
	at com.ibm.ws.webcontainer.servlet.ServletWrapper.handleRequest(ServletWrapper.java:549)
	... 29 more

Dump of callerThis
Object type = com.ibm.ws.webcontainer.filter.FilterInstanceWrapper
  FILTER_STATE_UNINITIALIZED = 0
  FILTER_STATE_INITIALIZING = 1
  FILTER_STATE_AVAILABLE = 2
  FILTER_STATE_DESTROYING = 3
  FILTER_STATE_DESTROYED = 4
  FILTER_STATE_UNAVAILABLE = 5
  _filterName = "com.ibm.ws.security.jaspi.servlet.filter"
  _filterInstance = class com.ibm.ws.security.jaspi.JaspiServletFilter@90fcdd1
    serialVersionUID = -1292833612206940252
    $$$tc$$$ = class com.ibm.websphere.ras.TraceComponent@4caf524b
      strings[0] = "TraceComponent[com.ibm.ws.security.jaspi.JaspiServletFilter,class com.ibm.ws.security.jaspi.JaspiServletFilter,[security],com.ibm.ws.security.jaspi.internal.resources.JaspiMessages,null]"
  _filterState = 2
  nServicing = class java.util.concurrent.atomic.AtomicInteger@72d6b66c
    serialVersionUID = 6214790243416807050
    unsafe = class sun.misc.Unsafe@5b857638
      theUnsafe = class sun.misc.Unsafe@5b857638
      INVALID_FIELD_OFFSET = -1
      ARRAY_BOOLEAN_BASE_OFFSET = 16
      ARRAY_BYTE_BASE_OFFSET = 16
      ARRAY_SHORT_BASE_OFFSET = 16
      ARRAY_CHAR_BASE_OFFSET = 16
      ARRAY_INT_BASE_OFFSET = 16
      ARRAY_LONG_BASE_OFFSET = 16
      ARRAY_FLOAT_BASE_OFFSET = 16
      ARRAY_DOUBLE_BASE_OFFSET = 16
      ARRAY_OBJECT_BASE_OFFSET = 16
      ARRAY_BOOLEAN_INDEX_SCALE = 1
      ARRAY_BYTE_INDEX_SCALE = 1
      ARRAY_SHORT_INDEX_SCALE = 2
      ARRAY_CHAR_INDEX_SCALE = 2
      ARRAY_INT_INDEX_SCALE = 4
      ARRAY_LONG_INDEX_SCALE = 8
      ARRAY_FLOAT_INDEX_SCALE = 4
      ARRAY_DOUBLE_INDEX_SCALE = 8
      ARRAY_OBJECT_INDEX_SCALE = 4
      ADDRESS_SIZE = 8
    valueOffset = 12
    value = 0
    serialVersionUID = -8742448824652078965
  logger = class com.ibm.ws.logging.internal.WsLogger@6cfee3ce
    tc = class com.ibm.websphere.ras.TraceComponent@75af58d0
      strings[0] = "TraceComponent[com.ibm.ws.logging.internal.WsLogger,class com.ibm.ws.logging.internal.WsLogger,[logging],com.ibm.ws.logging.internal.resources.LoggingMessages,null]"
    ivCachedResourceBundleName = null
    ivCachedResourceBundle = null
    ivComponent = null
    ivOrganization = null
    ivProduct = null
    ivMinimumLocalizationLevelIntValue = 625
    ivTC = class com.ibm.websphere.ras.TraceComponent@540ecf5
      strings[0] = "TraceComponent[com.ibm.ws.webcontainer.filter,class com.ibm.wsspi.webcontainer.logging.LoggerFactory$1,[com.ibm.ws.webcontainer.filter],null,null]"
    loggerRegistrationComponent = class java.lang.ThreadLocal@11624b8
      threadLocalHashCode = 1914802624
      nextHashCode = class java.util.concurrent.atomic.AtomicInteger@63ffbd54
      HASH_INCREMENT = 1640531527
    emptyHandlers = class java.util.logging.Handler[0]
    offValue = 2147483647
    SYSTEM_LOGGER_RB_NAME = "sun.util.logging.resources.logging"
    SYSTEM_BUNDLE = class java.util.logging.Logger$LoggerBundle@3c6e30e8
      resourceBundleName = "sun.util.logging.resources.logging"
      userBundle = null
    NO_RESOURCE_BUNDLE = class java.util.logging.Logger$LoggerBundle@6e10cf0f
      resourceBundleName = null
      userBundle = null
    manager = class com.ibm.ws.kernel.boot.logging.WsLogManager@5e931591
      CLASS_NAME = "com.ibm.ws.kernel.boot.logging.WsLogManager"
      CONFIGURE_BY_SERVER_PROPERTY_NAME = "java.util.logging.configureByServer"
      CONFIGURE_BY_LOGGING_PROPERTIES_FILE = "java.util.logging.configureByLoggingPropertiesFile"
      configureByServer = true
      configureByLoggingProperties = false
      wsLogger = class java.lang.reflect.Constructor@3888b679
      resetEnabled = true
      manager = class com.ibm.ws.kernel.boot.logging.WsLogManager@5e931591
      props = class java.util.Properties@7b73331c
      defaultLevel = class java.util.logging.Level@32e4d58d
      listenerMap = class java.util.HashMap@50467407
      systemContext = class java.util.logging.LogManager$SystemLoggerContext@2d803b08
      userContext = class java.util.logging.LogManager$LoggerContext@33cdbf39
      rootLogger = class java.util.logging.LogManager$RootLogger@51c4818f
      readPrimordialConfiguration = true
      initializedGlobalHandlers = true
      deathImminent = false
      initializedCalled = true
      initializationDone = true
      contextsMap = null
      loggerRefQueue = class java.lang.ref.ReferenceQueue@324131fc
      MAX_ITERATIONS = 400
      controlPermission = class java.util.logging.LoggingPermission@1eb504c7
      loggingMXBean = null
      LOGGING_MXBEAN_NAME = "java.util.logging:type=Logging"
      $assertionsDisabled = true
    name = "com.ibm.ws.webcontainer.filter"
    handlers = class java.util.concurrent.CopyOnWriteArrayList@cdcec0d
      serialVersionUID = 8673264195747942595
      lock = class java.util.concurrent.locks.ReentrantLock@2b102301
      array = class java.lang.Object[0]
      UNSAFE = class sun.misc.Unsafe@5b857638
      lockOffset = 12
    loggerBundle = class java.util.logging.Logger$LoggerBundle@3f3159ad
      resourceBundleName = "com.ibm.ws.webcontainer.resources.Messages"
      userBundle = null
    useParentHandlers = true
    filter = null
    anonymous = false
    catalog = class com.ibm.ws.webcontainer.resources.Messages_es@2c87b595
      resources = class [Ljava.lang.Object;[332]
      lookup = class java.util.HashMap@304a108a
      INITIAL_CACHE_SIZE = 32
      NONEXISTENT_BUNDLE = class java.util.ResourceBundle$1@28ac4a95
      cacheList = class java.util.concurrent.ConcurrentHashMap@1bdc16a5
      referenceQueue = class java.lang.ref.ReferenceQueue@3e920799
      parent = class com.ibm.ws.webcontainer.resources.Messages@3ab533c0
      locale = class java.util.Locale@177a301e
      name = "com.ibm.ws.webcontainer.resources.Messages"
      expired = false
      cacheKey = class java.util.ResourceBundle$CacheKey@62af729e
      keySet = null
      providers = null
      $assertionsDisabled = true
    catalogName = "com.ibm.ws.webcontainer.resources.Messages"
    catalogLocale = class java.util.Locale@180a0d57
      LOCALECACHE = class java.util.Locale$Cache@613ef8f6
      ENGLISH = class java.util.Locale@2a59dcd9
      FRENCH = class java.util.Locale@29bea358
      GERMAN = class java.util.Locale@2fb00616
      ITALIAN = class java.util.Locale@39dfb25e
      JAPANESE = class java.util.Locale@5d840ea8
      KOREAN = class java.util.Locale@1fcc223
      CHINESE = class java.util.Locale@2ed3e4bc
      SIMPLIFIED_CHINESE = class java.util.Locale@6adaee7a
      TRADITIONAL_CHINESE = class java.util.Locale@17565cc7
      FRANCE = class java.util.Locale@70dc69d4
      GERMANY = class java.util.Locale@419b9577
      ITALY = class java.util.Locale@7c8f1a00
      JAPAN = class java.util.Locale@599ac132
      KOREA = class java.util.Locale@4a9b811c
      CHINA = class java.util.Locale@6adaee7a
      PRC = class java.util.Locale@6adaee7a
      TAIWAN = class java.util.Locale@17565cc7
      UK = class java.util.Locale@57b69515
      US = class java.util.Locale@53eddaf9
      CANADA = class java.util.Locale@5c7112e7
      CANADA_FRENCH = class java.util.Locale@4a74eb14
      ROOT = class java.util.Locale@4453fc19
      PRIVATE_USE_EXTENSION = x
      UNICODE_LOCALE_EXTENSION = u
      serialVersionUID = 9149081749638150636
      DISPLAY_LANGUAGE = 0
      DISPLAY_COUNTRY = 1
      DISPLAY_VARIANT = 2
      DISPLAY_SCRIPT = 3
      baseLocale = class sun.util.locale.BaseLocale@3124d95a
      localeExtensions = null
      hashCodeValue = 96785844
      defaultLocale = class java.util.Locale@180a0d57
      defaultDisplayLocale = null
      defaultFormatLocale = class java.util.Locale@180a0d57
      languageTag = "es-US"
      serialPersistentFields = class java.io.ObjectStreamField[6]
      isoLanguages = null
      isoCountries = null
      $assertionsDisabled = true
    treeLock = class java.lang.Object@5c4162a4
    parent = class com.ibm.ws.logging.internal.WsLogger@7170002a
      tc = class com.ibm.websphere.ras.TraceComponent@75af58d0
      ivCachedResourceBundleName = "com.ibm.ws.webcontainer.resources.Messages"
      ivCachedResourceBundle = class com.ibm.ws.webcontainer.resources.Messages_es@5e73b495
      ivComponent = null
      ivOrganization = null
      ivProduct = null
      ivMinimumLocalizationLevelIntValue = 625
      ivTC = class com.ibm.websphere.ras.TraceComponent@3acef5fc
      loggerRegistrationComponent = class java.lang.ThreadLocal@11624b8
      emptyHandlers = class java.util.logging.Handler[0]
      offValue = 2147483647
      SYSTEM_LOGGER_RB_NAME = "sun.util.logging.resources.logging"
      SYSTEM_BUNDLE = class java.util.logging.Logger$LoggerBundle@3c6e30e8
      NO_RESOURCE_BUNDLE = class java.util.logging.Logger$LoggerBundle@6e10cf0f
      manager = class com.ibm.ws.kernel.boot.logging.WsLogManager@5e931591
      name = "com.ibm.ws.webcontainer"
      handlers = class java.util.concurrent.CopyOnWriteArrayList@45069663
      loggerBundle = class java.util.logging.Logger$LoggerBundle@6a12d8d9
      useParentHandlers = true
      filter = null
      anonymous = false
      catalog = class com.ibm.ws.webcontainer.resources.Messages_es@5e73b495
      catalogName = "com.ibm.ws.webcontainer.resources.Messages"
      catalogLocale = class java.util.Locale@180a0d57
      treeLock = class java.lang.Object@5c4162a4
      parent = class java.util.logging.Logger@311af7d9
      kids = class java.util.ArrayList@145b5886
      levelObject = class java.util.logging.Level@32e4d58d
      levelValue = 800
      callersClassLoaderRef = class java.lang.ref.WeakReference@651f61e0
      isSystemLogger = false
      GLOBAL_LOGGER_NAME = "global"
      global = class java.util.logging.Logger@4893d5f6
      $assertionsDisabled = true
    kids = null
    levelObject = class java.util.logging.Level@32e4d58d
      defaultBundle = "sun.util.logging.resources.logging"
      name = "INFO"
      value = 800
      resourceBundleName = "sun.util.logging.resources.logging"
      localizedLevelName = "INFORMACIÓN"
      cachedLocale = class java.util.Locale@180a0d57
      OFF = class java.util.logging.Level@5a0af4d
      SEVERE = class java.util.logging.Level@304c0875
      WARNING = class java.util.logging.Level@1c2e7e
      INFO = class java.util.logging.Level@32e4d58d
      CONFIG = class java.util.logging.Level@687bf306
      FINE = class java.util.logging.Level@6821e383
      FINER = class java.util.logging.Level@387e5152
      FINEST = class java.util.logging.Level@5970f7fd
      ALL = class java.util.logging.Level@6e24cc16
      serialVersionUID = -8176160795706313070
    levelValue = 800
    callersClassLoaderRef = class java.lang.ref.WeakReference@3fcebcb7
      referent = class org.eclipse.osgi.internal.loader.EquinoxClassLoader@4c4626bf
      queue = class java.lang.ref.ReferenceQueue$Null@2f58c7f
      next = null
      discovered = null
      lock = class java.lang.ref.Reference$Lock@22b580f4
      pending = null
    isSystemLogger = false
    GLOBAL_LOGGER_NAME = "global"
    global = class java.util.logging.Logger@4893d5f6
      emptyHandlers = class java.util.logging.Handler[0]
      offValue = 2147483647
      SYSTEM_LOGGER_RB_NAME = "sun.util.logging.resources.logging"
      SYSTEM_BUNDLE = class java.util.logging.Logger$LoggerBundle@3c6e30e8
      NO_RESOURCE_BUNDLE = class java.util.logging.Logger$LoggerBundle@6e10cf0f
      manager = class com.ibm.ws.kernel.boot.logging.WsLogManager@5e931591
      name = "global"
      handlers = class java.util.concurrent.CopyOnWriteArrayList@121e8121
      loggerBundle = class java.util.logging.Logger$LoggerBundle@6e10cf0f
      useParentHandlers = true
      filter = null
      anonymous = false
      catalog = null
      catalogName = null
      catalogLocale = null
      treeLock = class java.lang.Object@5c4162a4
      parent = class java.util.logging.LogManager$RootLogger@51c4818f
      kids = null
      levelObject = null
      levelValue = 800
      callersClassLoaderRef = null
      isSystemLogger = true
      GLOBAL_LOGGER_NAME = "global"
      global = class java.util.logging.Logger@4893d5f6
      $assertionsDisabled = true
    $assertionsDisabled = true
  CLASS_NAME = "com.ibm.ws.webcontainer.filter.FilterInstanceWrapper"
  _filterEvent = null
  _filterConfig = class com.ibm.ws.webcontainer.filter.FilterConfig@65504812
    tc = class com.ibm.websphere.ras.TraceComponent@6033d997
      strings[0] = "TraceComponent[com.ibm.ws.webcontainer.filter.FilterConfig,class com.ibm.ws.webcontainer.filter.FilterConfig,[webcontainer],com.ibm.ws.webcontainer.resources.LShimMessages,null]"
    dispatchMode = null
    filterClassLoader = null
    isInternal = false
    webAppConfig = class com.ibm.ws.webcontainer.osgi.webapp.WebAppConfiguration@7e66137a
      webModuleMetaData = class com.ibm.ws.webcontainer.osgi.metadata.WebModuleMetaDataImpl@5443842a
      webComponentMetaData = class com.ibm.ws.webcontainer.osgi.metadata.WebComponentMetaDataImpl@778bb243
      dVirtualHost = class com.ibm.ws.webcontainer.osgi.DynamicVirtualHost@253aafba
      orderedLibPaths = class java.util.Collections$UnmodifiableRandomAccessList@65a82715
      bundleHeaders = null
      cdiEnabled = false
      CLASS_NAME = "com.ibm.ws.webcontainer.webapp.WebAppConfiguration"
      logger = class com.ibm.ws.logging.internal.WsLogger@27104d10
      tc = class com.ibm.websphere.ras.TraceComponent@76103946
      nls = class com.ibm.ejs.ras.TraceNLS@e649918
      version = 31
      contextRoot = "/ChefServer"
      sessionTimeout = 0
      moduleSessionTimeoutSet = false
      moduleSessionTrackingModeSet = false
      sessionCookieConfig = class com.ibm.ws.session.SessionCookieConfigImpl@2c205058
      hasProgrammaticCookieConfig = false
      sessionDefaultTrackingModeSet = class java.util.RegularEnumSet@613e635
      sessionManagerConfig = class com.ibm.ws.session.SessionManagerConfig@d8df58e
      displayName = "ChefServer"
      description = null
      reloadInterval = 0
      distributable = false
      denyUncoveredHttpMethods = false
      reloadingEnabled = false
      serveServletsByClassnameEnabled = false
      defaultErrorPage = null
      additionalClassPath = null
      fileServingEnabled = null
      directoryBrowsingEnabled = false
      autoRequestEncoding = false
      autoResponseEncoding = false
      autoLoadFilters = false
      requestListeners = null
      requestAttributeListeners = null
      sessionListeners = null
      localeMap = null
      moduleName = "ChefServer"
      j2eeModuleName = "ChefServer.war"
      moduleId = null
      isSyncToThreadEnabled = false
      isSystemApp = false
      ardEnabled = false
      ardDispatchType = null
      listeners = class java.util.ArrayList@270b117e
      welcomeFileList = class java.util.ArrayList@9873757
      servletMappings = class java.util.HashMap@103c4a1c
      lastIndexBeforeDeclaredFilters = 0
      filterMappings = class java.util.ArrayList@72ffec10
      servletInfo = class java.util.HashMap@d8093d0
      filterInfo = class java.util.HashMap@3d0d20b8
      mimeMappings = class java.util.HashMap@4f93f1af
      mimeFilters = null
      isMimeFilteringEnabled = false
      theWebGroup = null
      jspAttributes = class java.util.HashMap@42010b21
      fileServingAttributes = class java.util.HashMap@4b160ea2
      invokerAttributes = class java.util.HashMap@1fcaef98
      contextParams = class java.util.HashMap@4f046b47
      virtualHost = "default_host"
      exceptionErrorPages = class java.util.HashMap@5163985
      codeErrorPages = class java.util.HashMap@7e8e449b
      tagLibList = null
      precompileJsps = false
      webApp = class com.ibm.ws.webcontainer31.osgi.webapp.WebApp31@6c8b6c54
      virtualHostList = class java.util.Collections$EmptyList@36f0c2fd
      appStartupWeight = 0
      moduleStartupWeight = 0
      metaDataComplete = false
      classesToScan = class java.util.ArrayList@5ac2c937
      uriFilterMappingInfos = class java.util.ArrayList@41241667
      servletFilterMappingInfos = null
      dynamicServletRegistrationMap = null
      applicationName = "ChefServer"
      libBinPathList = class java.util.ArrayList@6eac09fb
      webXmlDefinedListeners = class java.util.HashSet@628a2229
      allRefs = class java.util.EnumMap@52dde3af
      allRefBindings = class java.util.EnumMap@1e1a03b2
      envEntryValues = class java.util.HashMap@1077225b
      resourceRefConfigList = null
      disallowAllFileServingProp = "false"
      disallowServeServletsByClassnameProp = "true"
      disableStaticMappingCache = false
      jspCachedLocations = class java.util.HashMap@23dfd116
      _id = "WebAppGeneratedId1"
      _attributes = null
      serialVersionUID = 7511545662945734886
      $$$tc$$$ = class com.ibm.websphere.ras.TraceComponent@33323fc7
    filter = null
    filterClass = class java.lang.Class@335e940d
      ANNOTATION = 8192
      ENUM = 16384
      SYNTHETIC = 4096
      cachedConstructor = null
      newInstanceCallerCache = null
      name = "com.ibm.ws.security.jaspi.JaspiServletFilter"
      allPermDomain = class java.security.ProtectionDomain@1a7db1d0
      useCaches = true
      reflectionData = class java.lang.ref.SoftReference@74e22774
      classRedefinedCount = 0
      genericInfo = null
      serialVersionUID = 3206093459760846163
      serialPersistentFields = class java.io.ObjectStreamField[0]
      reflectionFactory = class sun.reflect.ReflectionFactory@242da553
      initted = true
      enumConstants = null
      enumConstantDirectory = null
      annotationData = class java.lang.Class$AnnotationData@1ea32103
      annotationType = null
      classValueMap = null
    urlPatternMappings = class java.util.ArrayList@6e0cb2d2
      serialVersionUID = 8683452581122892189
      DEFAULT_CAPACITY = 10
      EMPTY_ELEMENTDATA = class java.lang.Object[0]
      DEFAULTCAPACITY_EMPTY_ELEMENTDATA = class java.lang.Object[0]
      elementData = class java.lang.Object[10]
      size = 1
      MAX_ARRAY_SIZE = 2147483639
      modCount = 1
      MAX_ARRAY_SIZE = 2147483639
    servletNameMappings = null
    nls = class com.ibm.ejs.ras.TraceNLS@65b1e348
      resolver = class com.ibm.ws.logging.internal.TraceNLSResolver@7b48d33c
      finder = class com.ibm.ws.logging.internal.StackFinder@39f51291
      ivBundleName = "com.ibm.ws.webcontainer.resources.Messages"
      caller = class java.lang.Class@50fb9f05
    logger = class com.ibm.ws.logging.internal.WsLogger@4205aca
      tc = class com.ibm.websphere.ras.TraceComponent@75af58d0
      ivCachedResourceBundleName = "com.ibm.ws.webcontainer.resources.Messages"
      ivCachedResourceBundle = class com.ibm.ws.webcontainer.resources.Messages_es@5e73b495
      ivComponent = null
      ivOrganization = null
      ivProduct = null
      ivMinimumLocalizationLevelIntValue = 625
      ivTC = class com.ibm.websphere.ras.TraceComponent@3524fb6c
      loggerRegistrationComponent = class java.lang.ThreadLocal@11624b8
      emptyHandlers = class java.util.logging.Handler[0]
      offValue = 2147483647
      SYSTEM_LOGGER_RB_NAME = "sun.util.logging.resources.logging"
      SYSTEM_BUNDLE = class java.util.logging.Logger$LoggerBundle@3c6e30e8
      NO_RESOURCE_BUNDLE = class java.util.logging.Logger$LoggerBundle@6e10cf0f
      manager = class com.ibm.ws.kernel.boot.logging.WsLogManager@5e931591
      name = "com.ibm.ws.webcontainer.servlet"
      handlers = class java.util.concurrent.CopyOnWriteArrayList@7b57fb01
      loggerBundle = class java.util.logging.Logger$LoggerBundle@36f36df3
      useParentHandlers = true
      filter = null
      anonymous = false
      catalog = class com.ibm.ws.webcontainer.resources.Messages_es@5e73b495
      catalogName = "com.ibm.ws.webcontainer.resources.Messages"
      catalogLocale = class java.util.Locale@180a0d57
      treeLock = class java.lang.Object@5c4162a4
      parent = class com.ibm.ws.logging.internal.WsLogger@7170002a
      kids = null
      levelObject = class java.util.logging.Level@32e4d58d
      levelValue = 800
      callersClassLoaderRef = class java.lang.ref.WeakReference@7a4c1633
      isSystemLogger = false
      GLOBAL_LOGGER_NAME = "global"
      global = class java.util.logging.Logger@4893d5f6
      $assertionsDisabled = true
    CLASS_NAME = "com.ibm.ws.webcontainer.servlet.TargetConfig"
    initParams = null
    fileName = null
    displayName = "com.ibm.ws.security.jaspi.servlet.filter"
    name = "com.ibm.ws.security.jaspi.servlet.filter"
    description = null
    smallIcon = null
    largeIcon = null
    context = class com.ibm.ws.webcontainer31.facade.ServletContextFacade31@463099f5
      context = class com.ibm.ws.webcontainer31.osgi.webapp.WebApp31@6c8b6c54
    className = null
    asyncSupported = true
    _id = "com.ibm.ws.security.jaspi.servlet.filter"
    _attributes = null
    serialVersionUID = 7511545662945734886
    $$$tc$$$ = class com.ibm.websphere.ras.TraceComponent@33323fc7
      strings[0] = "TraceComponent[com.ibm.ws.container.BaseConfiguration,class com.ibm.ws.container.BaseConfiguration,[],null,null]"
  _eventSource = class com.ibm.ws.webcontainer.webapp.WebAppEventSource@9cfda73
    _invocationListeners = class com.ibm.ws.webcontainer.util.EventListeners@67eb6041
      EMPTY_LISTENERS = interface java.util.EventListener[0]
      logger = class com.ibm.ws.logging.internal.WsLogger@506b19bc
      CLASS_NAME = "com.ibm.ws.webcontainer.util.EventListeners"
      listeners = interface java.util.EventListener[0]
    _servletListeners = class com.ibm.ws.webcontainer.util.EventListeners@50e5b5d4
      EMPTY_LISTENERS = interface java.util.EventListener[0]
      logger = class com.ibm.ws.logging.internal.WsLogger@506b19bc
      CLASS_NAME = "com.ibm.ws.webcontainer.util.EventListeners"
      listeners = interface java.util.EventListener[0]
    _errorListeners = class com.ibm.ws.webcontainer.util.EventListeners@68d838c4
      EMPTY_LISTENERS = interface java.util.EventListener[0]
      logger = class com.ibm.ws.logging.internal.WsLogger@506b19bc
      CLASS_NAME = "com.ibm.ws.webcontainer.util.EventListeners"
      listeners = interface java.util.EventListener[0]
    _applicationListeners = class com.ibm.ws.webcontainer.util.EventListeners@1e98b748
      EMPTY_LISTENERS = interface java.util.EventListener[0]
      logger = class com.ibm.ws.logging.internal.WsLogger@506b19bc
      CLASS_NAME = "com.ibm.ws.webcontainer.util.EventListeners"
      listeners = interface java.util.EventListener[0]
    _filterInvocationListeners = class com.ibm.ws.webcontainer.util.EventListeners@22cd25b2
      EMPTY_LISTENERS = interface java.util.EventListener[0]
      logger = class com.ibm.ws.logging.internal.WsLogger@506b19bc
      CLASS_NAME = "com.ibm.ws.webcontainer.util.EventListeners"
      listeners = interface java.util.EventListener[0]
    _filterListeners = class com.ibm.ws.webcontainer.util.EventListeners@5f7b7f2a
      EMPTY_LISTENERS = interface java.util.EventListener[0]
      logger = class com.ibm.ws.logging.internal.WsLogger@506b19bc
      CLASS_NAME = "com.ibm.ws.webcontainer.util.EventListeners"
      listeners = interface java.util.EventListener[0]
    _filterErrorListeners = class com.ibm.ws.webcontainer.util.EventListeners@764c6219
      EMPTY_LISTENERS = interface java.util.EventListener[0]
      logger = class com.ibm.ws.logging.internal.WsLogger@506b19bc
      CLASS_NAME = "com.ibm.ws.webcontainer.util.EventListeners"
      listeners = interface java.util.EventListener[0]
  _managedObject = class com.ibm.ws.managedobject.internal.ManagedObjectImpl@59701ad8
    object = "<sensitive com.ibm.ws.security.jaspi.JaspiServletFilter@90fcdd1>"
    serialVersionUID = -5603642874755101089
    $$$tc$$$ = class com.ibm.websphere.ras.TraceComponent@111eb47a
      strings[0] = "TraceComponent[com.ibm.ws.managedobject.internal.ManagedObjectImpl,class com.ibm.ws.managedobject.internal.ManagedObjectImpl,[],null,null]"

