------Start of DE processing------ = [10/30/16 0:56:01:195 CST]
Exception = java.lang.ClassNotFoundException
Source = com.ibm.ws.webcontainer.servlet.ServletWrapper.loadServlet
probeid = 208
Stack Dump = java.lang.ClassNotFoundException: org.glassfish.jersey.servlet.ServletContainer
	at com.ibm.ws.classloading.internal.UnifiedClassLoader.findClass(UnifiedClassLoader.java:120)
	at java.lang.ClassLoader.loadClass(Unknown Source)
	at com.ibm.ws.classloading.internal.UnifiedClassLoader.loadClass0(UnifiedClassLoader.java:108)
	at com.ibm.ws.classloading.internal.UnifiedClassLoader$Delegation.loadClass(UnifiedClassLoader.java:79)
	at com.ibm.ws.classloading.internal.UnifiedClassLoader.loadClass(UnifiedClassLoader.java:103)
	at com.ibm.ws.classloading.internal.ThreadContextClassLoader.loadClass(ThreadContextClassLoader.java:112)
	at java.lang.ClassLoader.loadClass(Unknown Source)
	at com.ibm.ws.webcontainer.servlet.ServletWrapper$1.run(ServletWrapper.java:1569)
	at java.security.AccessController.doPrivileged(Native Method)
	at com.ibm.ws.webcontainer.servlet.ServletWrapper.loadServlet(ServletWrapper.java:1538)
	at com.ibm.ws.webcontainer.servlet.ServletWrapper.loadOnStartupCheck(ServletWrapper.java:1416)
	at com.ibm.ws.webcontainer.webapp.WebApp.doLoadOnStartupActions(WebApp.java:1180)
	at com.ibm.ws.webcontainer.webapp.WebApp.commonInitializationFinally(WebApp.java:1148)
	at com.ibm.ws.webcontainer.webapp.WebApp.initialize(WebApp.java:1057)
	at com.ibm.ws.webcontainer.webapp.WebApp.initialize(WebApp.java:6545)
	at com.ibm.ws.webcontainer.osgi.DynamicVirtualHost.startWebApp(DynamicVirtualHost.java:466)
	at com.ibm.ws.webcontainer.osgi.DynamicVirtualHost.createRunnableHandler(DynamicVirtualHost.java:264)
	at com.ibm.ws.webcontainer.osgi.DynamicVirtualHost.createRunnableHandler(DynamicVirtualHost.java:329)
	at com.ibm.ws.http.internal.VirtualHostImpl.discriminate(VirtualHostImpl.java:251)
	at com.ibm.ws.http.dispatcher.internal.channel.HttpDispatcherLink.ready(HttpDispatcherLink.java:301)
	at com.ibm.ws.http.channel.internal.inbound.HttpInboundLink.handleDiscrimination(HttpInboundLink.java:471)
	at com.ibm.ws.http.channel.internal.inbound.HttpInboundLink.handleNewRequest(HttpInboundLink.java:405)
	at com.ibm.ws.http.channel.internal.inbound.HttpInboundLink.processRequest(HttpInboundLink.java:285)
	at com.ibm.ws.http.channel.internal.inbound.HttpInboundLink.ready(HttpInboundLink.java:256)
	at com.ibm.ws.tcpchannel.internal.NewConnectionInitialReadCallback.sendToDiscriminators(NewConnectionInitialReadCallback.java:174)
	at com.ibm.ws.tcpchannel.internal.NewConnectionInitialReadCallback.complete(NewConnectionInitialReadCallback.java:83)
	at com.ibm.ws.tcpchannel.internal.WorkQueueManager.requestComplete(WorkQueueManager.java:504)
	at com.ibm.ws.tcpchannel.internal.WorkQueueManager.attemptIO(WorkQueueManager.java:574)
	at com.ibm.ws.tcpchannel.internal.WorkQueueManager.workerRun(WorkQueueManager.java:929)
	at com.ibm.ws.tcpchannel.internal.WorkQueueManager$Worker.run(WorkQueueManager.java:1018)
	at java.util.concurrent.ThreadPoolExecutor.runWorker(Unknown Source)
	at java.util.concurrent.ThreadPoolExecutor$Worker.run(Unknown Source)
	at java.lang.Thread.run(Unknown Source)

Dump of callerThis
Object type = com.ibm.ws.webcontainer.servlet.ServletWrapper$1
  val$className = "org.glassfish.jersey.servlet.ServletContainer"
  val$servletClass = null
  val$loader = class com.ibm.ws.classloading.internal.ThreadContextClassLoader@1d251624
    tc = class com.ibm.websphere.ras.TraceComponent@4892f13a
      strings[0] = "TraceComponent[com.ibm.ws.classloading.internal.ThreadContextClassLoader,class com.ibm.ws.classloading.internal.ThreadContextClassLoader,[ClassLoadingService],com.ibm.ws.classloading.internal.resources.ClassLoadingServiceMessages,null]"
    bundle = class java.util.concurrent.atomic.AtomicReference@345b6958
      serialVersionUID = -1848883965231344442
      unsafe = class sun.misc.Unsafe@71223971
      valueOffset = 12
      value = class org.eclipse.osgi.internal.framework.EquinoxBundle@7ff51e37
    key = "WebModule:ChefServer#ChefServer.war"
    refCount = class java.util.concurrent.atomic.AtomicInteger@1d06b784
      serialVersionUID = 6214790243416807050
      unsafe = class sun.misc.Unsafe@71223971
      valueOffset = 12
      value = 3
      serialVersionUID = -8742448824652078965
    appLoader = class com.ibm.ws.classloading.internal.AppClassLoader@f4945e3
      tc = class com.ibm.websphere.ras.TraceComponent@33d1fe3c
      PARENT_FIRST_SEARCH_ORDER = class java.util.Collections$UnmodifiableRandomAccessList@54567d39
      CLASS_LOADING_TRACE_PREFIX = "com.ibm.ws.class.load."
      DEFAULT_PACKAGE = "default.package"
      perPackageClassLoadingTraceComponents = class java.util.concurrent.ConcurrentHashMap@1b2c11f7
      config = class com.ibm.ws.classloading.internal.ClassLoaderConfigurationImpl@4d61f4b3
      privateLibraries = null
      delegateLoaders = class com.ibm.ws.classloading.internal.util.CompositeIterable@63f57680
      nativeLibraryFiles = class java.util.ArrayList@42d6072
      transformers = class java.util.ArrayList@7f757aa9
      apiAccess = class com.ibm.ws.classloading.internal.GatewayClassLoader@4d298ad7
      generator = class com.ibm.ws.classloading.internal.ClassGeneratorManager@3d73dd98
      protectionDomains = class java.util.concurrent.ConcurrentHashMap@757afdc0
      parent = class com.ibm.ws.classloading.internal.GatewayClassLoader@4d298ad7
      serialVersionUID = 960221346174702086
      tc = class com.ibm.websphere.ras.TraceComponent@361e0c7a
      EMPTY_URL_ARRAY = class java.net.URL[0]
      smartClassPath = class com.ibm.ws.classloading.internal.ContainerClassLoader$SmartClassPathImpl@4ecfac21
      nativeLibraryContainers = class java.util.ArrayList@6d73377d
      redefiner = class com.ibm.ws.classloading.internal.util.ClassRedefiner@4fc543ee
      mapCreationQueue = class java.util.concurrent.Executors$FinalizableDelegatedExecutorService@c525bae
      serialVersionUID = 7249739282446266343
      serialVersionUID = -7411549862368381758
      $$$tc$$$ = class com.ibm.websphere.ras.TraceComponent@411d5995
      serialVersionUID = -4868702105808481416
      $$$tc$$$ = class com.ibm.websphere.ras.TraceComponent@558f6df2
      serialVersionUID = 2596921220292114344
      $$$tc$$$ = class com.ibm.websphere.ras.TraceComponent@607c7dea
      initialized = true
      pdcache = class java.util.HashMap@4bf350ea
      debug = null
      parent = class com.ibm.ws.classloading.internal.GatewayClassLoader@4d298ad7
      parallelLockMap = null
      package2certs = class java.util.Hashtable@2ecca049
      nocerts = class java.security.cert.Certificate[0]
      classes = class java.util.Vector@30dd0115
      defaultDomain = class java.security.ProtectionDomain@75d285f7
      domains = class java.util.HashSet@24f7ffa7
      packages = class java.util.HashMap@6f72dd98
      scl = class sun.misc.Launcher$AppClassLoader@18b4aac2
      sclSet = true
      loadedLibraryNames = class java.util.Vector@2bfda2af
      systemNativeLibraries = class java.util.Vector@4531a279
      nativeLibraries = class java.util.Vector@37ffacca
      nativeLibraryContext = class java.util.Stack@3916ae42
      usr_paths = class java.lang.String[20]
      sys_paths = class java.lang.String[1]
      assertionLock = class com.ibm.ws.classloading.internal.AppClassLoader@f4945e3
      defaultAssertionStatus = false
      packageAssertionStatus = null
      classAssertionStatus = null
    serialVersionUID = 7093379526360135425
    followOnClassLoaders = class java.util.ArrayList@8c35f7
      serialVersionUID = 8683452581122892189
      DEFAULT_CAPACITY = 10
      EMPTY_ELEMENTDATA = class java.lang.Object[0]
      DEFAULTCAPACITY_EMPTY_ELEMENTDATA = class java.lang.Object[0]
      elementData = class java.lang.Object[10]
      size = 1
      MAX_ARRAY_SIZE = 2147483639
      modCount = 1
      MAX_ARRAY_SIZE = 2147483639
    serialVersionUID = -5107316606107305512
    $$$tc$$$ = class com.ibm.websphere.ras.TraceComponent@2a2392a8
      strings[0] = "TraceComponent[com.ibm.ws.classloading.internal.UnifiedClassLoader,class com.ibm.ws.classloading.internal.UnifiedClassLoader,[ClassLoadingService],com.ibm.ws.classloading.internal.resources.ClassLoadingServiceMessages,null]"
    serialVersionUID = -4868702105808481416
    $$$tc$$$ = class com.ibm.websphere.ras.TraceComponent@558f6df2
      strings[0] = "TraceComponent[com.ibm.ws.classloading.internal.LibertyLoader,class com.ibm.ws.classloading.internal.LibertyLoader,[ClassLoadingService],com.ibm.ws.classloading.internal.resources.ClassLoadingServiceMessages,null]"
    serialVersionUID = 2596921220292114344
    $$$tc$$$ = class com.ibm.websphere.ras.TraceComponent@607c7dea
      strings[0] = "TraceComponent[com.ibm.ws.classloading.LibertyClassLoader,class com.ibm.ws.classloading.LibertyClassLoader,[ClassLoadingService],com.ibm.ws.classloading.internal.resources.ClassLoadingServiceMessages,null]"
    initialized = true
    pdcache = class java.util.HashMap@4070b323
      serialVersionUID = 362498820763181265
      DEFAULT_INITIAL_CAPACITY = 16
      MAXIMUM_CAPACITY = 1073741824
      DEFAULT_LOAD_FACTOR = 0.75
      TREEIFY_THRESHOLD = 8
      UNTREEIFY_THRESHOLD = 6
      MIN_TREEIFY_CAPACITY = 64
      table = null
      entrySet = null
      size = 0
      modCount = 0
      threshold = 16
      loadFactor = 0.75
      keySet = null
      values = null
    debug = null
    parent = class com.ibm.ws.classloading.internal.GatewayClassLoader@47652ade
      config = class com.ibm.ws.classloading.internal.GatewayConfigurationImpl@2e0267d9
      wiringMonitor = class com.ibm.ws.classloading.internal.GatewayClassLoader$1@2f037a86
      bundle = class org.eclipse.osgi.internal.framework.EquinoxBundle@7ff51e37
      wiring = class org.eclipse.osgi.container.ModuleWiring@1097e944
      bundleLoader = class org.eclipse.osgi.internal.loader.EquinoxClassLoader@175569e0
      resourceProviders = class com.ibm.ws.classloading.internal.CompositeResourceProvider@2a54e87c
      serialVersionUID = -4256474098847905153
      $$$tc$$$ = class com.ibm.websphere.ras.TraceComponent@bd34782
      parent = class sun.misc.Launcher$AppClassLoader@18b4aac2
      parallelLockMap = null
      package2certs = class java.util.Hashtable@1eb760fa
      nocerts = class java.security.cert.Certificate[0]
      classes = class java.util.Vector@314567a1
      defaultDomain = class java.security.ProtectionDomain@d630200
      domains = class java.util.HashSet@790cd8
      packages = class java.util.HashMap@25ec1c9d
      scl = class sun.misc.Launcher$AppClassLoader@18b4aac2
      sclSet = true
      loadedLibraryNames = class java.util.Vector@2bfda2af
      systemNativeLibraries = class java.util.Vector@4531a279
      nativeLibraries = class java.util.Vector@3f0e1fee
      nativeLibraryContext = class java.util.Stack@3916ae42
      usr_paths = class java.lang.String[20]
      sys_paths = class java.lang.String[1]
      assertionLock = class com.ibm.ws.classloading.internal.GatewayClassLoader@47652ade
      defaultAssertionStatus = false
      packageAssertionStatus = null
      classAssertionStatus = null
    parallelLockMap = null
    package2certs = class java.util.Hashtable@21320557
      table = class java.util.Hashtable$Entry[11]
      count = 0
      threshold = 8
      loadFactor = 0.75
      modCount = 0
      serialVersionUID = 1421746759512286392
      MAX_ARRAY_SIZE = 2147483639
      keySet = null
      entrySet = null
      values = null
      KEYS = 0
      VALUES = 1
      ENTRIES = 2
    nocerts = class java.security.cert.Certificate[0]
    classes = class java.util.Vector@5a53be53
      elementData = class java.lang.Object[10]
      elementCount = 0
      capacityIncrement = 0
      serialVersionUID = -2767605614048989439
      MAX_ARRAY_SIZE = 2147483639
      modCount = 0
      MAX_ARRAY_SIZE = 2147483639
    defaultDomain = class java.security.ProtectionDomain@181ec79e
      codesource = class java.security.CodeSource@623c9149
      classloader = class com.ibm.ws.classloading.internal.ThreadContextClassLoader@1d251624
      principals = interface java.security.Principal[0]
      permissions = null
      hasAllPerm = false
      staticPermissions = false
      key = class java.security.ProtectionDomain$Key@64f17b93
      debug = null
    domains = class java.util.HashSet@5db28615
      serialVersionUID = -5024744406713321676
      map = class java.util.HashMap@7a758dcc
      PRESENT = class java.lang.Object@1037d1be
      MAX_ARRAY_SIZE = 2147483639
    packages = class java.util.HashMap@6c9b2849
      serialVersionUID = 362498820763181265
      DEFAULT_INITIAL_CAPACITY = 16
      MAXIMUM_CAPACITY = 1073741824
      DEFAULT_LOAD_FACTOR = 0.75
      TREEIFY_THRESHOLD = 8
      UNTREEIFY_THRESHOLD = 6
      MIN_TREEIFY_CAPACITY = 64
      table = null
      entrySet = null
      size = 0
      modCount = 0
      threshold = 0
      loadFactor = 0.75
      keySet = null
      values = null
    scl = class sun.misc.Launcher$AppClassLoader@18b4aac2
      ucp = class sun.misc.URLClassPath@716ff8b6
      $assertionsDisabled = true
      ucp = class sun.misc.URLClassPath@716ff8b6
      acc = class java.security.AccessControlContext@4976d7a2
      closeables = class java.util.WeakHashMap@5e68a1c3
      initialized = true
      pdcache = class java.util.HashMap@16f1d5a8
      debug = null
      parent = class sun.misc.Launcher$ExtClassLoader@5b37e0d2
      parallelLockMap = class java.util.concurrent.ConcurrentHashMap@18d52588
      package2certs = class java.util.concurrent.ConcurrentHashMap@67612af7
      nocerts = class java.security.cert.Certificate[0]
      classes = class java.util.Vector@7c1cf961
      defaultDomain = class java.security.ProtectionDomain@64583fdf
      domains = class java.util.Collections$SynchronizedSet@5510afb9
      packages = class java.util.HashMap@3b48117e
      scl = class sun.misc.Launcher$AppClassLoader@18b4aac2
      sclSet = true
      loadedLibraryNames = class java.util.Vector@2bfda2af
      systemNativeLibraries = class java.util.Vector@4531a279
      nativeLibraries = class java.util.Vector@20042087
      nativeLibraryContext = class java.util.Stack@3916ae42
      usr_paths = class java.lang.String[20]
      sys_paths = class java.lang.String[1]
      assertionLock = class java.lang.Object@507459f
      defaultAssertionStatus = false
      packageAssertionStatus = null
      classAssertionStatus = null
    sclSet = true
    loadedLibraryNames = class java.util.Vector@2bfda2af
      elementData = class java.lang.Object[10]
      elementCount = 8
      capacityIncrement = 0
      serialVersionUID = -2767605614048989439
      MAX_ARRAY_SIZE = 2147483639
      modCount = 8
      MAX_ARRAY_SIZE = 2147483639
    systemNativeLibraries = class java.util.Vector@4531a279
      elementData = class java.lang.Object[10]
      elementCount = 6
      capacityIncrement = 0
      serialVersionUID = -2767605614048989439
      MAX_ARRAY_SIZE = 2147483639
      modCount = 6
      MAX_ARRAY_SIZE = 2147483639
    nativeLibraries = class java.util.Vector@c7a06e4
      elementData = class java.lang.Object[10]
      elementCount = 0
      capacityIncrement = 0
      serialVersionUID = -2767605614048989439
      MAX_ARRAY_SIZE = 2147483639
      modCount = 0
      MAX_ARRAY_SIZE = 2147483639
    nativeLibraryContext = class java.util.Stack@3916ae42
      serialVersionUID = 1224463164541339165
      elementData = class java.lang.Object[10]
      elementCount = 0
      capacityIncrement = 0
      serialVersionUID = -2767605614048989439
      MAX_ARRAY_SIZE = 2147483639
      modCount = 16
      MAX_ARRAY_SIZE = 2147483639
    usr_paths = class java.lang.String[20]
      usr_paths[0] = "C:\Program Files\Java\jre1.8.0_111\bin"
      usr_paths[1] = "C:\WINDOWS\Sun\Java\bin"
      usr_paths[2] = "C:\WINDOWS\system32"
      usr_paths[3] = "C:\WINDOWS"
      usr_paths[4] = "C:/Program Files/Java/jre1.8.0_111/bin/server"
      usr_paths[5] = "C:/Program Files/Java/jre1.8.0_111/bin"
      usr_paths[6] = "C:/Program Files/Java/jre1.8.0_111/lib/amd64"
      usr_paths[7] = "C:\ProgramData\Oracle\Java\javapath"
      usr_paths[8] = "C:\WINDOWS\system32"
      usr_paths[9] = "C:\WINDOWS"
      usr_paths[10] = "C:\WINDOWS\System32\Wbem"
      usr_paths[11] = "C:\WINDOWS\System32\WindowsPowerShell\v1.0\"
      usr_paths[12] = "C:\Program Files (x86)\NVIDIA Corporation\PhysX\Common"
      usr_paths[13] = "C:\Program Files (x86)\Skype\Phone\"
      usr_paths[14] = "C:\Program Files\Git\cmd"
      usr_paths[15] = "C:\Users\manol\AppData\Local\Microsoft\WindowsApps"
      usr_paths[16] = "."
      usr_paths[17] = "C:\WINDOWS\System32"
      usr_paths[18] = "."
      usr_paths[19] = "."
    sys_paths = class java.lang.String[1]
      sys_paths[0] = "C:\Program Files\Java\jre1.8.0_111\bin"
    assertionLock = class com.ibm.ws.classloading.internal.ThreadContextClassLoader@1d251624
    defaultAssertionStatus = false
    packageAssertionStatus = null
    classAssertionStatus = null
  val$servletName = "Jersey Web Application"
  this$0 = class com.ibm.ws.webcontainer.osgi.servlet.ServletWrapper@4541d2d2
    serialVersionUID = 1
    _mo = null
    serialVersionUID = -4479626085298397598
    notifyInvocationListeners = false
    UNINITIALIZED_STATE = -1
    AVAILABLE_STATE = 0
    UNAVAILABLE_STATE = 1
    UNAVAILABLE_PERMANENTLY_STATE = 2
    collabHelper = class com.ibm.ws.webcontainer.osgi.collaborator.CollaboratorHelperImpl@b5ff8b9
      webAppInvCollabs = class java.util.Collections$UnmodifiableSet@a0b12c1
      securityDomainForApp = null
      logger = class com.ibm.ws.logging.internal.WsLogger@20a557ed
      staticDefaultSecurityCollaborator = class com.ibm.ws.webcontainer.collaborator.WebAppSecurityCollaborator@5361a4e2
      logger = class com.ibm.ws.logging.internal.WsLogger@2e7d4b1a
      CLASS_NAME = "com.ibm.wsspi.webcontainer.collaborator.CollaboratorHelper"
      webApp = class com.ibm.ws.webcontainer31.osgi.webapp.WebApp31@603d7665
      securityCollaborator = null
      nameSpaceCollaborator = class com.ibm.ws.webcontainer.osgi.collaborator.WebAppNameSpaceCollaboratorImpl@6e2ce175
      transactionCollaborator = class com.ibm.ws.transaction.services.WebAppTransactionCollaboratorImpl@127725d4
      connectionCollaborator = class com.ibm.ws.webcontainer.collaborator.ConnectionCollaborator@59f71aab
      allCollabEnum = class java.util.RegularEnumSet@24ed7b07
      servlet_23_or_greater = true
      DEFER_SERVLET_REQUEST_LISTENER_DESTROY_ON_ERROR = false
    nServicing = class java.util.concurrent.atomic.AtomicInteger@37fa6e91
      serialVersionUID = 6214790243416807050
      unsafe = class sun.misc.Unsafe@71223971
      valueOffset = 12
      value = 0
      serialVersionUID = -8742448824652078965
    lastAccessTime = 1477810561055
    state = -1
    logger = class com.ibm.ws.logging.internal.WsLogger@6a1b1d39
      tc = class com.ibm.websphere.ras.TraceComponent@7b1c6308
      ivCachedResourceBundleName = null
      ivCachedResourceBundle = null
      ivComponent = null
      ivOrganization = null
      ivProduct = null
      ivMinimumLocalizationLevelIntValue = 625
      ivTC = class com.ibm.websphere.ras.TraceComponent@4ce82583
      loggerRegistrationComponent = class java.lang.ThreadLocal@58d035f4
      emptyHandlers = class java.util.logging.Handler[0]
      offValue = 2147483647
      SYSTEM_LOGGER_RB_NAME = "sun.util.logging.resources.logging"
      SYSTEM_BUNDLE = class java.util.logging.Logger$LoggerBundle@53cfe3e5
      NO_RESOURCE_BUNDLE = class java.util.logging.Logger$LoggerBundle@1abfbe1e
      manager = class com.ibm.ws.kernel.boot.logging.WsLogManager@43195728
      name = "com.ibm.ws.webcontainer.servlet"
      handlers = class java.util.concurrent.CopyOnWriteArrayList@135e58c3
      loggerBundle = class java.util.logging.Logger$LoggerBundle@3f225186
      useParentHandlers = true
      filter = null
      anonymous = false
      catalog = class com.ibm.ws.webcontainer.resources.Messages_es@588a5732
      catalogName = "com.ibm.ws.webcontainer.resources.Messages"
      catalogLocale = class java.util.Locale@5123fb1c
      treeLock = class java.lang.Object@30da39bb
      parent = class com.ibm.ws.logging.internal.WsLogger@1d59e047
      kids = null
      levelObject = class java.util.logging.Level@17e00719
      levelValue = 800
      callersClassLoaderRef = class java.lang.ref.WeakReference@59d5e5e2
      isSystemLogger = false
      GLOBAL_LOGGER_NAME = "global"
      global = class java.util.logging.Logger@7d65968a
      $assertionsDisabled = true
    CLASS_NAME = "com.ibm.ws.webcontainer.servlet.ServletWrapper"
    nls = class com.ibm.ejs.ras.TraceNLS@313982a4
      resolver = class com.ibm.ws.logging.internal.TraceNLSResolver@5c730c85
      finder = class com.ibm.ws.logging.internal.StackFinder@6cc3f009
      ivBundleName = "com.ibm.ws.webcontainer.resources.Messages"
      caller = class java.lang.Class@7de4c3b5
    servletConfig = class com.ibm.ws.webcontainer.servlet.ServletConfig@45573e0a
      logger = class com.ibm.ws.logging.internal.WsLogger@6a1b1d39
      CLASS_NAME = "com.ibm.ws.webcontainer.servlet.ServletConfig"
      nls = class com.ibm.ejs.ras.TraceNLS@112dcf79
      liberty_nls = class com.ibm.ejs.ras.TraceNLS@175fe3f1
      enabled = true
      servletName = "Jersey Web Application"
      className = "org.glassfish.jersey.servlet.ServletContainer"
      mappings = class java.util.ArrayList@4138d76e
      startUpWeight = 1
      DEFAULT_STARTUP = -1
      isCachingEnabled = true
      isStatisticsEnabled = true
      isInternal = false
      metaData = class com.ibm.ws.webcontainer.osgi.metadata.WebComponentMetaDataImpl@4aea7632
      singleThreadModelServlet = false
      isJsp = false
      webAppConfig = class com.ibm.ws.webcontainer.osgi.webapp.WebAppConfiguration@3693d1e
      servletWrapper = class com.ibm.ws.webcontainer.osgi.servlet.ServletWrapper@4541d2d2
      servletClass = null
      servlet = null
      addedToLoadOnStartup = true
      previousWeight = null
      multipartConfig = null
      multipartConfigBaseLocation = null
      runAsRole = null
      servletSecurityElement = null
      declareRolesAnnotation = null
      logger = class com.ibm.ws.logging.internal.WsLogger@6a1b1d39
      CLASS_NAME = "com.ibm.ws.webcontainer.servlet.TargetConfig"
      initParams = class java.util.HashMap@5deb1323
      fileName = null
      displayName = null
      name = "Jersey Web Application"
      description = null
      smallIcon = null
      largeIcon = null
      context = class com.ibm.ws.webcontainer31.facade.ServletContextFacade31@433891d8
      className = null
      asyncSupported = false
      _id = "ServletGeneratedId1"
      _attributes = null
      serialVersionUID = 7511545662945734886
      $$$tc$$$ = class com.ibm.websphere.ras.TraceComponent@6b4e8c4b
    context = class com.ibm.ws.webcontainer31.osgi.webapp.WebApp31@603d7665
      tc = class com.ibm.websphere.ras.TraceComponent@3bd5574
      CLASS_NAME = "com.ibm.ws.webcontainer31.osgi.webapp.WebApp31"
      servlet31NLS = class com.ibm.ejs.ras.TraceNLS@5f382219
      validListenerClasses = class java.lang.Class[7]
      wsocServHandler = class com.ibm.ws.wsoc.external.WsocHandlerImpl@2447ea0b
      tc = class com.ibm.websphere.ras.TraceComponent@2f9d9c58
      CLASS_NAME = "com.ibm.ws.webcontainer.osgi.webapp.WebApp"
      metaDataService = class com.ibm.ws.container.service.metadata.internal.MetaDataServiceImpl@4ce164a8
      namespacePopulated = false
      referenceContext = class com.ibm.ws.injectionengine.osgi.internal.OSGiReferenceContextImpl@ba700dd
      j2eeNameFactory = class com.ibm.ws.container.service.metadata.internal.J2EENameFactoryImpl@18e58bbb
      moduleLoader = class com.ibm.ws.classloading.internal.AppClassLoader@f4945e3
      webAppConfig = class com.ibm.ws.webcontainer.osgi.webapp.WebAppConfiguration@3693d1e
      extensionProcessingDisabled = false
      managedObjectService = class com.ibm.ws.cdi.impl.managedobject.CDIManagedObjectService@6c31bec6
      GenPluginCfgMB = null
      internalServletMetaData = interface com.ibm.wsspi.webcontainer.metadata.WebComponentMetaData[2]
      loginProcessor = null
      logoutProcessor = null
      collabHelper = class com.ibm.ws.webcontainer.osgi.collaborator.CollaboratorHelperImpl@b5ff8b9
      envObject = class com.ibm.ws.util.WSThreadLocal@8af1293
      orderedLibPaths = class java.util.Collections$UnmodifiableRandomAccessList@29732e74
      perm = class com.ibm.websphere.security.WebSphereRuntimePermission@176abc13
      WELCOME_FILE_LIST = "com.ibm.ws.webcontainer.config.WelcomeFileList"
      DIR_BROWSING_MAPPING = "__dirBrowsing__1477810559047"
      FILTER_PROXY_MAPPING = "/__filterProxy__1477810559047"
      logger = class com.ibm.ws.logging.internal.WsLogger@337326af
      CLASS_NAME = "com.ibm.ws.webcontainer.webapp.WebApp"
      loader = class com.ibm.ws.classloading.internal.ThreadContextClassLoader@1d251624
      facade = class com.ibm.ws.webcontainer31.facade.ServletContextFacade31@433891d8
      features = class java.util.ArrayList@73081745
      applicationName = "ChefServer"
      config = class com.ibm.ws.webcontainer.osgi.webapp.WebAppConfiguration@3693d1e
      securityEnabledForApp = null
      webExtensionProcessor = class com.ibm.ws.webcontainer.osgi.extension.WebExtensionProcessor@31c0b713
      production = true
      isServlet23 = true
      contextPath = "/ChefServer"
      internalServletList = class [Ljava.lang.String;[2]
      BY_NAME_ONLY = "/_1477810559048_/"
      filterManager = null
      documentRoot = null
      SERVLET_API_VERSION = "Servlet 2.5"
      disableServletAuditLogging = -1
      serverInfo = "IBM WebSphere Liberty/16.0.0.3"
      sessionCtx = class com.ibm.ws.webcontainer31.session.impl.HttpSessionContext31Impl@1c1d5d36
      eventSource = class com.ibm.ws.webcontainer.webapp.WebAppEventSource@213d5ed7
      nls = class com.ibm.ejs.ras.TraceNLS@2f9cd3cf
      liberty_nls = class com.ibm.ejs.ras.TraceNLS@1bd08100
      error_nls = class com.ibm.ejs.ras.TraceNLS@654c99d9
      sessionListeners = class java.util.ArrayList@134e9cab
      sessionIdListeners = class java.util.ArrayList@5a8537a6
      sessionAttrListeners = class java.util.ArrayList@45c27577
      addedSessionListeners = class java.util.ArrayList@44c1ae47
      addedSessionAttrListeners = class java.util.ArrayList@230dd9b0
      servletContextListeners = class java.util.ArrayList@50c6f270
      servletContextLAttrListeners = class java.util.ArrayList@6f95cd2
      servletRequestListeners = class java.util.ArrayList@4f8379dc
      servletRequestLAttrListeners = class java.util.ArrayList@28ef9c5
      prependSlashToResource = false
      destroyed = false
      webAppNameSpaceCollab = class com.ibm.ws.webcontainer.osgi.collaborator.WebAppNameSpaceCollaboratorImpl@6e2ce175
      txCollab = class com.ibm.ws.transaction.services.WebAppTransactionCollaboratorImpl@127725d4
      sessionActivationListeners = class java.util.ArrayList@65bcde96
      sessionBindingListeners = class java.util.ArrayList@296f013f
      scratchdir = null
      jspClassLoaderLimit = 0
      jspClassLoaderExclusionList = null
      jspClassLoadersMap = null
      jspClassLoaderLimitTrackIF = false
      defaultExtProc = null
      directoryBrowsingServlet = null
      cdiContexts = class java.util.concurrent.ConcurrentHashMap@7df6c057
      moduleConfig = class com.ibm.ws.webcontainer.osgi.container.DeployedModule@8c35efd
      extensionFactories = class java.util.ArrayList@b08791d
      initialized = false
      lock = class com.ibm.ws.webcontainer.webapp.WebApp$1@5abff7ba
      afterServletContextCreated = false
      redirectContextRoot = false
      errorExceptionTypeFirst = false
      initFilterBeforeServletInit = false
      sortedServletConfigs = class java.util.ArrayList@118070c2
      effectiveMajorVersion = 3
      effectiveMinorVersion = 1
      canAddServletContextListener = true
      withinContextInitOfProgAddListener = false
      lastProgAddListenerInitialized = "com.ibm.ws.cache.CacheServiceImpl"
      webInfLibClassloader = null
      metaInfCache = class com.ibm.ws.webcontainer.webapp.WebApp$2@3a6e0b9
      useMetaInfCache = true
      SUN_CONFIGURE_LISTENER_CLASSNAME = "com.sun.faces.config.ConfigureListener"
      MYFACES_LIFECYCLE_LISTENER_CLASSNAME = "org.apache.myfaces.webapp.StartupServletContextListener"
      JSF_IMPL_ENABLED_PARAM = "com.ibm.ws.jsf.JSF_IMPL_ENABLED"
      JSF_IMPL_ENABLED_CUSTOM = "Custom"
      JSF_IMPL_ENABLED_NONE = "None"
      staticDocRoot = class com.ibm.ws.webcontainer.util.DocumentRootUtils@4baea141
      jspDocRoot = class com.ibm.ws.webcontainer.util.DocumentRootUtils@6e098da9
      container = class com.ibm.ws.adaptable.module.internal.AdaptableContainerImpl@5178dd07
      metaInfResourceFinder = class com.ibm.ws.webcontainer.util.MetaInfResourceFinder@7c9df6ca
      postConstructMethods = class com.ibm.ws.webcontainer.webapp.WebApp$AnnotatedMethods@488a72c8
      preDestroyMethods = class com.ibm.ws.webcontainer.webapp.WebApp$AnnotatedMethods@76106631
      OBJ_EMPTY = class java.lang.Object[0]
      CLASS_EMPTY = class java.lang.Class[0]
      DEFAULT_JSP_EXTENSIONS = class java.util.ArrayList@54d6d99f
      DEFER_SERVLET_REQUEST_LISTENER_DESTROY_ON_ERROR = false
      DO_ACCEPT_PARTIAL = true
      DO_NOT_ACCEPT_PARTIAL = false
      DO_ACCEPT_EXCLUDED = true
      DO_NOT_ACCEPT_EXCLUDED = false
      commands = class java.util.ArrayList@5ce9687e
      requestMapper = class com.ibm.wsspi.webcontainer.util.URIMapper@29bdac3c
      parent = class com.ibm.ws.webcontainer.osgi.webapp.WebGroup@4b4592b5
      name = "ChefServer"
      isAlive = true
      subElements = null
      attributes = class java.util.Collections$SynchronizedMap@69d03d89
      config = null
      serialVersionUID = -8271459000149267764
      $$$tc$$$ = class com.ibm.websphere.ras.TraceComponent@2c3401ea
    target = null
    cacheWrappers = null
    targetLoader = class com.ibm.ws.classloading.internal.ThreadContextClassLoader@1d251624
    evtSource = class com.ibm.ws.webcontainer.webapp.WebAppEventSource@213d5ed7
      _invocationListeners = class com.ibm.ws.webcontainer.util.EventListeners@4d72bd43
      _servletListeners = class com.ibm.ws.webcontainer.util.EventListeners@34153768
      _errorListeners = class com.ibm.ws.webcontainer.util.EventListeners@7e4644dc
      _applicationListeners = class com.ibm.ws.webcontainer.util.EventListeners@333f6d79
      _filterInvocationListeners = class com.ibm.ws.webcontainer.util.EventListeners@6b7f46f8
      _filterListeners = class com.ibm.ws.webcontainer.util.EventListeners@76cc9288
      _filterErrorListeners = class com.ibm.ws.webcontainer.util.EventListeners@3ae05829
    event = null
    unavailableMessage = null
    unavailableUntil = -1
    isSTM = false
    internalServlet = false
    webAppInvocationCollaborators = null
    platformHelper = class com.ibm.ws.webcontainer.PlatformHelper@137d6d1c
    webAppNameSpaceCollab = class com.ibm.ws.webcontainer.osgi.collaborator.WebAppNameSpaceCollaboratorImpl@6e2ce175
      cmdai = class com.ibm.ws.threadContext.ComponentMetaDataAccessorImpl@4aff5ff5
    txCollab = class com.ibm.ws.transaction.services.WebAppTransactionCollaboratorImpl@127725d4
      tc = class com.ibm.websphere.ras.TraceComponent@4af8dd6f
      ltCurrentRef = class com.ibm.wsspi.kernel.service.utils.AtomicServiceReference@be98631
      tranMgrRef = class com.ibm.wsspi.kernel.service.utils.AtomicServiceReference@2bae68d6
      userTranRef = class com.ibm.wsspi.kernel.service.utils.AtomicServiceReference@155af37e
      uowCallbackRef = class com.ibm.wsspi.kernel.service.utils.AtomicServiceReference@445af699
      serialVersionUID = -8319003162899973281
    connCollab = class com.ibm.ws.webcontainer.collaborator.ConnectionCollaborator@59f71aab
    suppressServletExceptionLogging = false
    throwExceptionEnum = class java.util.RegularEnumSet@211a9904
      serialVersionUID = 3411599620347842686
      elements = 256
      elementType = class java.lang.Class@7b5fc3c1
      universe = class com.ibm.wsspi.webcontainer.collaborator.CollaboratorInvocationEnum[9]
      ZERO_LENGTH_ENUM_ARRAY = class java.lang.Enum[0]
      MAX_ARRAY_SIZE = 2147483639
    discernUnavailableServlet = false
    reInitServletonInitUnavailableException = true
    destroyServletonServiceUnavailableException = false
    servlet23 = true
    PARAMS_HEAD_TRACE = class java.lang.Class[2]
      PARAMS_HEAD_TRACE[0] = class java.lang.Class@72fcaea9
      PARAMS_HEAD_TRACE[1] = class java.lang.Class@63256e88
    defaultHeadMethodInUse = false
    defaultTraceMethodInUse = false
    checkedForDefaultMethods = null
    defaultTraceRequestBehavior = false
    defaultHeadRequestBehavior = false
    useOriginalRequestState = false
    warningStatusSet = false
    LSTRING_FILE = "javax.servlet.LocalStrings"
    lStrings = class java.util.PropertyResourceBundle@62054acd
      lookup = class java.util.HashMap@d4d6b64
      INITIAL_CACHE_SIZE = 32
      NONEXISTENT_BUNDLE = class java.util.ResourceBundle$1@77b3082d
      cacheList = class java.util.concurrent.ConcurrentHashMap@68e9528f
      referenceQueue = class java.lang.ref.ReferenceQueue@e9912bd
      parent = null
      locale = class java.util.Locale@42818d39
      name = "javax.servlet.LocalStrings"
      expired = false
      cacheKey = class java.util.ResourceBundle$CacheKey@2d1c1724
      keySet = null
      providers = null
      $assertionsDisabled = true
    config = null

