------Start of DE processing------ = [10/30/16 0:58:00:832 CST]
Exception = com.ibm.ws.webcontainer.webapp.WebAppErrorReport
Source = com.ibm.ws.webcontainer.filter.FilterInstanceWrapper.doFilter
probeid = 144
Stack Dump = com.ibm.ws.webcontainer.webapp.WebAppErrorReport: javax.servlet.UnavailableException: SRVE0200E: Servlet [org.glassfish.jersey.servlet.ServletContainer]: No se ha encontrado la clase necesaria - org.glassfish.jersey.servlet.ServletContainer
	at com.ibm.ws.webcontainer.webapp.WebAppErrorReport.constructErrorReport(WebAppErrorReport.java:153)
	at com.ibm.ws.webcontainer.webapp.WebAppErrorReport.constructErrorReport(WebAppErrorReport.java:194)
	at com.ibm.ws.webcontainer.servlet.ServletWrapper.handleRequest(ServletWrapper.java:552)
	at com.ibm.ws.webcontainer.servlet.ServletWrapper.handleRequest(ServletWrapper.java:475)
	at com.ibm.ws.webcontainer.filter.WebAppFilterChain.invokeTarget(WebAppFilterChain.java:148)
	at com.ibm.ws.webcontainer.filter.WebAppFilterChain.doFilter(WebAppFilterChain.java:94)
	at com.ibm.ws.security.jaspi.JaspiServletFilter.doFilter(JaspiServletFilter.java:57)
	at com.ibm.ws.webcontainer.filter.FilterInstanceWrapper.doFilter(FilterInstanceWrapper.java:207)
	at com.ibm.ws.webcontainer.filter.WebAppFilterChain.doFilter(WebAppFilterChain.java:91)
	at com.ibm.ws.webcontainer.filter.WebAppFilterManager.doFilter(WebAppFilterManager.java:1021)
	at com.ibm.ws.webcontainer.filter.WebAppFilterManager.invokeFilters(WebAppFilterManager.java:1143)
	at com.ibm.ws.webcontainer.webapp.WebApp.handleRequest(WebApp.java:4939)
	at com.ibm.ws.webcontainer31.osgi.webapp.WebApp31.handleRequest(WebApp31.java:525)
	at com.ibm.ws.webcontainer.osgi.DynamicVirtualHost$2.handleRequest(DynamicVirtualHost.java:313)
	at com.ibm.ws.webcontainer.WebContainer.handleRequest(WebContainer.java:1007)
	at com.ibm.ws.webcontainer.osgi.DynamicVirtualHost$2.run(DynamicVirtualHost.java:278)
	at com.ibm.ws.http.dispatcher.internal.channel.HttpDispatcherLink$TaskWrapper.run(HttpDispatcherLink.java:967)
	at com.ibm.ws.http.dispatcher.internal.channel.HttpDispatcherLink.wrapHandlerAndExecute(HttpDispatcherLink.java:359)
	at com.ibm.ws.http.dispatcher.internal.channel.HttpDispatcherLink.ready(HttpDispatcherLink.java:318)
	at com.ibm.ws.http.channel.internal.inbound.HttpInboundLink.handleDiscrimination(HttpInboundLink.java:471)
	at com.ibm.ws.http.channel.internal.inbound.HttpInboundLink.handleNewRequest(HttpInboundLink.java:405)
	at com.ibm.ws.http.channel.internal.inbound.HttpInboundLink.processRequest(HttpInboundLink.java:285)
	at com.ibm.ws.http.channel.internal.inbound.HttpInboundLink.ready(HttpInboundLink.java:256)
	at com.ibm.ws.tcpchannel.internal.NewConnectionInitialReadCallback.sendToDiscriminators(NewConnectionInitialReadCallback.java:174)
	at com.ibm.ws.tcpchannel.internal.NewConnectionInitialReadCallback.complete(NewConnectionInitialReadCallback.java:83)
	at com.ibm.ws.tcpchannel.internal.WorkQueueManager.requestComplete(WorkQueueManager.java:504)
	at com.ibm.ws.tcpchannel.internal.WorkQueueManager.attemptIO(WorkQueueManager.java:574)
	at com.ibm.ws.tcpchannel.internal.WorkQueueManager.workerRun(WorkQueueManager.java:929)
	at com.ibm.ws.tcpchannel.internal.WorkQueueManager$Worker.run(WorkQueueManager.java:1018)
	at java.util.concurrent.ThreadPoolExecutor.runWorker(Unknown Source)
	at java.util.concurrent.ThreadPoolExecutor$Worker.run(Unknown Source)
	at java.lang.Thread.run(Unknown Source)
Caused by: javax.servlet.UnavailableException: SRVE0200E: Servlet [org.glassfish.jersey.servlet.ServletContainer]: No se ha encontrado la clase necesaria - org.glassfish.jersey.servlet.ServletContainer
	at com.ibm.ws.webcontainer.servlet.ServletWrapper.handleRequest(ServletWrapper.java:549)
	... 29 more

Dump of callerThis
Object type = com.ibm.ws.webcontainer.filter.FilterInstanceWrapper
  FILTER_STATE_UNINITIALIZED = 0
  FILTER_STATE_INITIALIZING = 1
  FILTER_STATE_AVAILABLE = 2
  FILTER_STATE_DESTROYING = 3
  FILTER_STATE_DESTROYED = 4
  FILTER_STATE_UNAVAILABLE = 5
  _filterName = "com.ibm.ws.security.jaspi.servlet.filter"
  _filterInstance = class com.ibm.ws.security.jaspi.JaspiServletFilter@55f84e59
    serialVersionUID = -1292833612206940252
    $$$tc$$$ = class com.ibm.websphere.ras.TraceComponent@4878272a
      strings[0] = "TraceComponent[com.ibm.ws.security.jaspi.JaspiServletFilter,class com.ibm.ws.security.jaspi.JaspiServletFilter,[security],com.ibm.ws.security.jaspi.internal.resources.JaspiMessages,null]"
  _filterState = 2
  nServicing = class java.util.concurrent.atomic.AtomicInteger@28571783
    serialVersionUID = 6214790243416807050
    unsafe = class sun.misc.Unsafe@71223971
      theUnsafe = class sun.misc.Unsafe@71223971
      INVALID_FIELD_OFFSET = -1
      ARRAY_BOOLEAN_BASE_OFFSET = 16
      ARRAY_BYTE_BASE_OFFSET = 16
      ARRAY_SHORT_BASE_OFFSET = 16
      ARRAY_CHAR_BASE_OFFSET = 16
      ARRAY_INT_BASE_OFFSET = 16
      ARRAY_LONG_BASE_OFFSET = 16
      ARRAY_FLOAT_BASE_OFFSET = 16
      ARRAY_DOUBLE_BASE_OFFSET = 16
      ARRAY_OBJECT_BASE_OFFSET = 16
      ARRAY_BOOLEAN_INDEX_SCALE = 1
      ARRAY_BYTE_INDEX_SCALE = 1
      ARRAY_SHORT_INDEX_SCALE = 2
      ARRAY_CHAR_INDEX_SCALE = 2
      ARRAY_INT_INDEX_SCALE = 4
      ARRAY_LONG_INDEX_SCALE = 8
      ARRAY_FLOAT_INDEX_SCALE = 4
      ARRAY_DOUBLE_INDEX_SCALE = 8
      ARRAY_OBJECT_INDEX_SCALE = 4
      ADDRESS_SIZE = 8
    valueOffset = 12
    value = 0
    serialVersionUID = -8742448824652078965
  logger = class com.ibm.ws.logging.internal.WsLogger@92cb6df
    tc = class com.ibm.websphere.ras.TraceComponent@7b1c6308
      strings[0] = "TraceComponent[com.ibm.ws.logging.internal.WsLogger,class com.ibm.ws.logging.internal.WsLogger,[logging],com.ibm.ws.logging.internal.resources.LoggingMessages,null]"
    ivCachedResourceBundleName = null
    ivCachedResourceBundle = null
    ivComponent = null
    ivOrganization = null
    ivProduct = null
    ivMinimumLocalizationLevelIntValue = 625
    ivTC = class com.ibm.websphere.ras.TraceComponent@30abb496
      strings[0] = "TraceComponent[com.ibm.ws.webcontainer.filter,class com.ibm.wsspi.webcontainer.logging.LoggerFactory$1,[com.ibm.ws.webcontainer.filter],null,null]"
    loggerRegistrationComponent = class java.lang.ThreadLocal@58d035f4
      threadLocalHashCode = -978983473
      nextHashCode = class java.util.concurrent.atomic.AtomicInteger@17cbbefc
      HASH_INCREMENT = 1640531527
    emptyHandlers = class java.util.logging.Handler[0]
    offValue = 2147483647
    SYSTEM_LOGGER_RB_NAME = "sun.util.logging.resources.logging"
    SYSTEM_BUNDLE = class java.util.logging.Logger$LoggerBundle@53cfe3e5
      resourceBundleName = "sun.util.logging.resources.logging"
      userBundle = null
    NO_RESOURCE_BUNDLE = class java.util.logging.Logger$LoggerBundle@1abfbe1e
      resourceBundleName = null
      userBundle = null
    manager = class com.ibm.ws.kernel.boot.logging.WsLogManager@43195728
      CLASS_NAME = "com.ibm.ws.kernel.boot.logging.WsLogManager"
      CONFIGURE_BY_SERVER_PROPERTY_NAME = "java.util.logging.configureByServer"
      CONFIGURE_BY_LOGGING_PROPERTIES_FILE = "java.util.logging.configureByLoggingPropertiesFile"
      configureByServer = true
      configureByLoggingProperties = false
      wsLogger = class java.lang.reflect.Constructor@216e079c
      resetEnabled = true
      manager = class com.ibm.ws.kernel.boot.logging.WsLogManager@43195728
      props = class java.util.Properties@72cdb16d
      defaultLevel = class java.util.logging.Level@17e00719
      listenerMap = class java.util.HashMap@38bff1d0
      systemContext = class java.util.logging.LogManager$SystemLoggerContext@69bc43bc
      userContext = class java.util.logging.LogManager$LoggerContext@65b0e97a
      rootLogger = class java.util.logging.LogManager$RootLogger@7a697a78
      readPrimordialConfiguration = true
      initializedGlobalHandlers = true
      deathImminent = false
      initializedCalled = true
      initializationDone = true
      contextsMap = null
      loggerRefQueue = class java.lang.ref.ReferenceQueue@3d9f2594
      MAX_ITERATIONS = 400
      controlPermission = class java.util.logging.LoggingPermission@36b52038
      loggingMXBean = null
      LOGGING_MXBEAN_NAME = "java.util.logging:type=Logging"
      $assertionsDisabled = true
    name = "com.ibm.ws.webcontainer.filter"
    handlers = class java.util.concurrent.CopyOnWriteArrayList@5871507f
      serialVersionUID = 8673264195747942595
      lock = class java.util.concurrent.locks.ReentrantLock@2eab9814
      array = class java.lang.Object[0]
      UNSAFE = class sun.misc.Unsafe@71223971
      lockOffset = 12
    loggerBundle = class java.util.logging.Logger$LoggerBundle@2d6bf1ad
      resourceBundleName = "com.ibm.ws.webcontainer.resources.Messages"
      userBundle = null
    useParentHandlers = true
    filter = null
    anonymous = false
    catalog = class com.ibm.ws.webcontainer.resources.Messages_es@49fd0136
      resources = class [Ljava.lang.Object;[332]
      lookup = class java.util.HashMap@375cd873
      INITIAL_CACHE_SIZE = 32
      NONEXISTENT_BUNDLE = class java.util.ResourceBundle$1@77b3082d
      cacheList = class java.util.concurrent.ConcurrentHashMap@68e9528f
      referenceQueue = class java.lang.ref.ReferenceQueue@e9912bd
      parent = class com.ibm.ws.webcontainer.resources.Messages@4e1b490e
      locale = class java.util.Locale@464f3f3e
      name = "com.ibm.ws.webcontainer.resources.Messages"
      expired = false
      cacheKey = class java.util.ResourceBundle$CacheKey@1b2738d1
      keySet = null
      providers = null
      $assertionsDisabled = true
    catalogName = "com.ibm.ws.webcontainer.resources.Messages"
    catalogLocale = class java.util.Locale@5123fb1c
      LOCALECACHE = class java.util.Locale$Cache@64fb3a0d
      ENGLISH = class java.util.Locale@3edadff1
      FRENCH = class java.util.Locale@3e12d999
      GERMAN = class java.util.Locale@339331b2
      ITALIAN = class java.util.Locale@e855e9f
      JAPANESE = class java.util.Locale@66483de9
      KOREAN = class java.util.Locale@4e3efea8
      CHINESE = class java.util.Locale@640a587c
      SIMPLIFIED_CHINESE = class java.util.Locale@40df93c4
      TRADITIONAL_CHINESE = class java.util.Locale@675f4943
      FRANCE = class java.util.Locale@5ead30be
      GERMANY = class java.util.Locale@68d24aaf
      ITALY = class java.util.Locale@542fa5c2
      JAPAN = class java.util.Locale@49a7eb55
      KOREA = class java.util.Locale@7eb81a1f
      CHINA = class java.util.Locale@40df93c4
      PRC = class java.util.Locale@40df93c4
      TAIWAN = class java.util.Locale@675f4943
      UK = class java.util.Locale@445b055
      US = class java.util.Locale@2d6d14aa
      CANADA = class java.util.Locale@5b66bf11
      CANADA_FRENCH = class java.util.Locale@65303e80
      ROOT = class java.util.Locale@42818d39
      PRIVATE_USE_EXTENSION = x
      UNICODE_LOCALE_EXTENSION = u
      serialVersionUID = 9149081749638150636
      DISPLAY_LANGUAGE = 0
      DISPLAY_COUNTRY = 1
      DISPLAY_VARIANT = 2
      DISPLAY_SCRIPT = 3
      baseLocale = class sun.util.locale.BaseLocale@4c5eed6b
      localeExtensions = null
      hashCodeValue = 96785844
      defaultLocale = class java.util.Locale@5123fb1c
      defaultDisplayLocale = null
      defaultFormatLocale = class java.util.Locale@5123fb1c
      languageTag = "es-US"
      serialPersistentFields = class java.io.ObjectStreamField[6]
      isoLanguages = null
      isoCountries = null
      $assertionsDisabled = true
    treeLock = class java.lang.Object@30da39bb
    parent = class com.ibm.ws.logging.internal.WsLogger@1d59e047
      tc = class com.ibm.websphere.ras.TraceComponent@7b1c6308
      ivCachedResourceBundleName = "com.ibm.ws.webcontainer.resources.Messages"
      ivCachedResourceBundle = class com.ibm.ws.webcontainer.resources.Messages_es@588a5732
      ivComponent = null
      ivOrganization = null
      ivProduct = null
      ivMinimumLocalizationLevelIntValue = 625
      ivTC = class com.ibm.websphere.ras.TraceComponent@5f2008dc
      loggerRegistrationComponent = class java.lang.ThreadLocal@58d035f4
      emptyHandlers = class java.util.logging.Handler[0]
      offValue = 2147483647
      SYSTEM_LOGGER_RB_NAME = "sun.util.logging.resources.logging"
      SYSTEM_BUNDLE = class java.util.logging.Logger$LoggerBundle@53cfe3e5
      NO_RESOURCE_BUNDLE = class java.util.logging.Logger$LoggerBundle@1abfbe1e
      manager = class com.ibm.ws.kernel.boot.logging.WsLogManager@43195728
      name = "com.ibm.ws.webcontainer"
      handlers = class java.util.concurrent.CopyOnWriteArrayList@f6e8a09
      loggerBundle = class java.util.logging.Logger$LoggerBundle@684920e4
      useParentHandlers = true
      filter = null
      anonymous = false
      catalog = class com.ibm.ws.webcontainer.resources.Messages_es@588a5732
      catalogName = "com.ibm.ws.webcontainer.resources.Messages"
      catalogLocale = class java.util.Locale@5123fb1c
      treeLock = class java.lang.Object@30da39bb
      parent = class java.util.logging.Logger@5eaae636
      kids = class java.util.ArrayList@369d1090
      levelObject = class java.util.logging.Level@17e00719
      levelValue = 800
      callersClassLoaderRef = class java.lang.ref.WeakReference@4d58fa88
      isSystemLogger = false
      GLOBAL_LOGGER_NAME = "global"
      global = class java.util.logging.Logger@7d65968a
      $assertionsDisabled = true
    kids = null
    levelObject = class java.util.logging.Level@17e00719
      defaultBundle = "sun.util.logging.resources.logging"
      name = "INFO"
      value = 800
      resourceBundleName = "sun.util.logging.resources.logging"
      localizedLevelName = "INFORMACIÓN"
      cachedLocale = class java.util.Locale@5123fb1c
      OFF = class java.util.logging.Level@404c1a7f
      SEVERE = class java.util.logging.Level@4f334b0e
      WARNING = class java.util.logging.Level@767b3507
      INFO = class java.util.logging.Level@17e00719
      CONFIG = class java.util.logging.Level@457d5835
      FINE = class java.util.logging.Level@65c22d07
      FINER = class java.util.logging.Level@30fc718a
      FINEST = class java.util.logging.Level@1f80a99f
      ALL = class java.util.logging.Level@3093f6aa
      serialVersionUID = -8176160795706313070
    levelValue = 800
    callersClassLoaderRef = class java.lang.ref.WeakReference@411d2091
      referent = class org.eclipse.osgi.internal.loader.EquinoxClassLoader@4426dbbc
      queue = class java.lang.ref.ReferenceQueue$Null@392ba7c8
      next = null
      discovered = null
      lock = class java.lang.ref.Reference$Lock@701e2db5
      pending = null
    isSystemLogger = false
    GLOBAL_LOGGER_NAME = "global"
    global = class java.util.logging.Logger@7d65968a
      emptyHandlers = class java.util.logging.Handler[0]
      offValue = 2147483647
      SYSTEM_LOGGER_RB_NAME = "sun.util.logging.resources.logging"
      SYSTEM_BUNDLE = class java.util.logging.Logger$LoggerBundle@53cfe3e5
      NO_RESOURCE_BUNDLE = class java.util.logging.Logger$LoggerBundle@1abfbe1e
      manager = class com.ibm.ws.kernel.boot.logging.WsLogManager@43195728
      name = "global"
      handlers = class java.util.concurrent.CopyOnWriteArrayList@3d6a076
      loggerBundle = class java.util.logging.Logger$LoggerBundle@1abfbe1e
      useParentHandlers = true
      filter = null
      anonymous = false
      catalog = null
      catalogName = null
      catalogLocale = null
      treeLock = class java.lang.Object@30da39bb
      parent = class java.util.logging.LogManager$RootLogger@7a697a78
      kids = null
      levelObject = null
      levelValue = 800
      callersClassLoaderRef = null
      isSystemLogger = true
      GLOBAL_LOGGER_NAME = "global"
      global = class java.util.logging.Logger@7d65968a
      $assertionsDisabled = true
    $assertionsDisabled = true
  CLASS_NAME = "com.ibm.ws.webcontainer.filter.FilterInstanceWrapper"
  _filterEvent = null
  _filterConfig = class com.ibm.ws.webcontainer.filter.FilterConfig@5246ab70
    tc = class com.ibm.websphere.ras.TraceComponent@3a7495c8
      strings[0] = "TraceComponent[com.ibm.ws.webcontainer.filter.FilterConfig,class com.ibm.ws.webcontainer.filter.FilterConfig,[webcontainer],com.ibm.ws.webcontainer.resources.LShimMessages,null]"
    dispatchMode = null
    filterClassLoader = null
    isInternal = false
    webAppConfig = class com.ibm.ws.webcontainer.osgi.webapp.WebAppConfiguration@3693d1e
      webModuleMetaData = class com.ibm.ws.webcontainer.osgi.metadata.WebModuleMetaDataImpl@1a4ae470
      webComponentMetaData = class com.ibm.ws.webcontainer.osgi.metadata.WebComponentMetaDataImpl@7ea6ad34
      dVirtualHost = class com.ibm.ws.webcontainer.osgi.DynamicVirtualHost@5c531be1
      orderedLibPaths = class java.util.Collections$UnmodifiableRandomAccessList@29732e74
      bundleHeaders = null
      cdiEnabled = false
      CLASS_NAME = "com.ibm.ws.webcontainer.webapp.WebAppConfiguration"
      logger = class com.ibm.ws.logging.internal.WsLogger@337326af
      tc = class com.ibm.websphere.ras.TraceComponent@7e9487db
      nls = class com.ibm.ejs.ras.TraceNLS@7c09c997
      version = 31
      contextRoot = "/ChefServer"
      sessionTimeout = 0
      moduleSessionTimeoutSet = false
      moduleSessionTrackingModeSet = false
      sessionCookieConfig = class com.ibm.ws.session.SessionCookieConfigImpl@4bc97cf2
      hasProgrammaticCookieConfig = false
      sessionDefaultTrackingModeSet = class java.util.RegularEnumSet@cdb7b2
      sessionManagerConfig = class com.ibm.ws.session.SessionManagerConfig@33fb3741
      displayName = "ChefServer"
      description = null
      reloadInterval = 0
      distributable = false
      denyUncoveredHttpMethods = false
      reloadingEnabled = false
      serveServletsByClassnameEnabled = false
      defaultErrorPage = null
      additionalClassPath = null
      fileServingEnabled = null
      directoryBrowsingEnabled = false
      autoRequestEncoding = false
      autoResponseEncoding = false
      autoLoadFilters = false
      requestListeners = null
      requestAttributeListeners = null
      sessionListeners = null
      localeMap = null
      moduleName = "ChefServer"
      j2eeModuleName = "ChefServer.war"
      moduleId = null
      isSyncToThreadEnabled = false
      isSystemApp = false
      ardEnabled = false
      ardDispatchType = null
      listeners = class java.util.ArrayList@191e0b52
      welcomeFileList = class java.util.ArrayList@2be93c97
      servletMappings = class java.util.HashMap@2bc7ebf4
      lastIndexBeforeDeclaredFilters = 0
      filterMappings = class java.util.ArrayList@465aa919
      servletInfo = class java.util.HashMap@2ff77e1b
      filterInfo = class java.util.HashMap@4d18e2f6
      mimeMappings = class java.util.HashMap@591438ea
      mimeFilters = null
      isMimeFilteringEnabled = false
      theWebGroup = null
      jspAttributes = class java.util.HashMap@4a9550b0
      fileServingAttributes = class java.util.HashMap@5e86f85f
      invokerAttributes = class java.util.HashMap@5403ae2b
      contextParams = class java.util.HashMap@2ca80f29
      virtualHost = "default_host"
      exceptionErrorPages = class java.util.HashMap@4c58dadc
      codeErrorPages = class java.util.HashMap@25759708
      tagLibList = null
      precompileJsps = false
      webApp = class com.ibm.ws.webcontainer31.osgi.webapp.WebApp31@603d7665
      virtualHostList = class java.util.Collections$EmptyList@6cce177b
      appStartupWeight = 0
      moduleStartupWeight = 0
      metaDataComplete = false
      classesToScan = class java.util.ArrayList@f39c8c
      uriFilterMappingInfos = class java.util.ArrayList@3533d079
      servletFilterMappingInfos = null
      dynamicServletRegistrationMap = null
      applicationName = "ChefServer"
      libBinPathList = class java.util.ArrayList@af72874
      webXmlDefinedListeners = class java.util.HashSet@3b323f5
      allRefs = class java.util.EnumMap@1f5a9937
      allRefBindings = class java.util.EnumMap@3d161ac
      envEntryValues = class java.util.HashMap@30565d2a
      resourceRefConfigList = null
      disallowAllFileServingProp = "false"
      disallowServeServletsByClassnameProp = "true"
      disableStaticMappingCache = false
      jspCachedLocations = class java.util.HashMap@2a607c5e
      _id = "WebAppGeneratedId1"
      _attributes = null
      serialVersionUID = 7511545662945734886
      $$$tc$$$ = class com.ibm.websphere.ras.TraceComponent@6b4e8c4b
    filter = null
    filterClass = class java.lang.Class@1da18787
      ANNOTATION = 8192
      ENUM = 16384
      SYNTHETIC = 4096
      cachedConstructor = null
      newInstanceCallerCache = null
      name = "com.ibm.ws.security.jaspi.JaspiServletFilter"
      allPermDomain = class java.security.ProtectionDomain@6be89793
      useCaches = true
      reflectionData = class java.lang.ref.SoftReference@a92d763
      classRedefinedCount = 0
      genericInfo = null
      serialVersionUID = 3206093459760846163
      serialPersistentFields = class java.io.ObjectStreamField[0]
      reflectionFactory = class sun.reflect.ReflectionFactory@5c347181
      initted = true
      enumConstants = null
      enumConstantDirectory = null
      annotationData = class java.lang.Class$AnnotationData@76a3c826
      annotationType = null
      classValueMap = null
    urlPatternMappings = class java.util.ArrayList@7d8eac73
      serialVersionUID = 8683452581122892189
      DEFAULT_CAPACITY = 10
      EMPTY_ELEMENTDATA = class java.lang.Object[0]
      DEFAULTCAPACITY_EMPTY_ELEMENTDATA = class java.lang.Object[0]
      elementData = class java.lang.Object[10]
      size = 1
      MAX_ARRAY_SIZE = 2147483639
      modCount = 1
      MAX_ARRAY_SIZE = 2147483639
    servletNameMappings = null
    nls = class com.ibm.ejs.ras.TraceNLS@47d77344
      resolver = class com.ibm.ws.logging.internal.TraceNLSResolver@5c730c85
      finder = class com.ibm.ws.logging.internal.StackFinder@6cc3f009
      ivBundleName = "com.ibm.ws.webcontainer.resources.Messages"
      caller = class java.lang.Class@629d389b
    logger = class com.ibm.ws.logging.internal.WsLogger@6a1b1d39
      tc = class com.ibm.websphere.ras.TraceComponent@7b1c6308
      ivCachedResourceBundleName = "com.ibm.ws.webcontainer.resources.Messages"
      ivCachedResourceBundle = class com.ibm.ws.webcontainer.resources.Messages_es@588a5732
      ivComponent = null
      ivOrganization = null
      ivProduct = null
      ivMinimumLocalizationLevelIntValue = 625
      ivTC = class com.ibm.websphere.ras.TraceComponent@4ce82583
      loggerRegistrationComponent = class java.lang.ThreadLocal@58d035f4
      emptyHandlers = class java.util.logging.Handler[0]
      offValue = 2147483647
      SYSTEM_LOGGER_RB_NAME = "sun.util.logging.resources.logging"
      SYSTEM_BUNDLE = class java.util.logging.Logger$LoggerBundle@53cfe3e5
      NO_RESOURCE_BUNDLE = class java.util.logging.Logger$LoggerBundle@1abfbe1e
      manager = class com.ibm.ws.kernel.boot.logging.WsLogManager@43195728
      name = "com.ibm.ws.webcontainer.servlet"
      handlers = class java.util.concurrent.CopyOnWriteArrayList@135e58c3
      loggerBundle = class java.util.logging.Logger$LoggerBundle@3f225186
      useParentHandlers = true
      filter = null
      anonymous = false
      catalog = class com.ibm.ws.webcontainer.resources.Messages_es@588a5732
      catalogName = "com.ibm.ws.webcontainer.resources.Messages"
      catalogLocale = class java.util.Locale@5123fb1c
      treeLock = class java.lang.Object@30da39bb
      parent = class com.ibm.ws.logging.internal.WsLogger@1d59e047
      kids = null
      levelObject = class java.util.logging.Level@17e00719
      levelValue = 800
      callersClassLoaderRef = class java.lang.ref.WeakReference@59d5e5e2
      isSystemLogger = false
      GLOBAL_LOGGER_NAME = "global"
      global = class java.util.logging.Logger@7d65968a
      $assertionsDisabled = true
    CLASS_NAME = "com.ibm.ws.webcontainer.servlet.TargetConfig"
    initParams = null
    fileName = null
    displayName = "com.ibm.ws.security.jaspi.servlet.filter"
    name = "com.ibm.ws.security.jaspi.servlet.filter"
    description = null
    smallIcon = null
    largeIcon = null
    context = class com.ibm.ws.webcontainer31.facade.ServletContextFacade31@433891d8
      context = class com.ibm.ws.webcontainer31.osgi.webapp.WebApp31@603d7665
    className = null
    asyncSupported = true
    _id = "com.ibm.ws.security.jaspi.servlet.filter"
    _attributes = null
    serialVersionUID = 7511545662945734886
    $$$tc$$$ = class com.ibm.websphere.ras.TraceComponent@6b4e8c4b
      strings[0] = "TraceComponent[com.ibm.ws.container.BaseConfiguration,class com.ibm.ws.container.BaseConfiguration,[],null,null]"
  _eventSource = class com.ibm.ws.webcontainer.webapp.WebAppEventSource@213d5ed7
    _invocationListeners = class com.ibm.ws.webcontainer.util.EventListeners@4d72bd43
      EMPTY_LISTENERS = interface java.util.EventListener[0]
      logger = class com.ibm.ws.logging.internal.WsLogger@65a7fefa
      CLASS_NAME = "com.ibm.ws.webcontainer.util.EventListeners"
      listeners = interface java.util.EventListener[0]
    _servletListeners = class com.ibm.ws.webcontainer.util.EventListeners@34153768
      EMPTY_LISTENERS = interface java.util.EventListener[0]
      logger = class com.ibm.ws.logging.internal.WsLogger@65a7fefa
      CLASS_NAME = "com.ibm.ws.webcontainer.util.EventListeners"
      listeners = interface java.util.EventListener[0]
    _errorListeners = class com.ibm.ws.webcontainer.util.EventListeners@7e4644dc
      EMPTY_LISTENERS = interface java.util.EventListener[0]
      logger = class com.ibm.ws.logging.internal.WsLogger@65a7fefa
      CLASS_NAME = "com.ibm.ws.webcontainer.util.EventListeners"
      listeners = interface java.util.EventListener[0]
    _applicationListeners = class com.ibm.ws.webcontainer.util.EventListeners@333f6d79
      EMPTY_LISTENERS = interface java.util.EventListener[0]
      logger = class com.ibm.ws.logging.internal.WsLogger@65a7fefa
      CLASS_NAME = "com.ibm.ws.webcontainer.util.EventListeners"
      listeners = interface java.util.EventListener[0]
    _filterInvocationListeners = class com.ibm.ws.webcontainer.util.EventListeners@6b7f46f8
      EMPTY_LISTENERS = interface java.util.EventListener[0]
      logger = class com.ibm.ws.logging.internal.WsLogger@65a7fefa
      CLASS_NAME = "com.ibm.ws.webcontainer.util.EventListeners"
      listeners = interface java.util.EventListener[0]
    _filterListeners = class com.ibm.ws.webcontainer.util.EventListeners@76cc9288
      EMPTY_LISTENERS = interface java.util.EventListener[0]
      logger = class com.ibm.ws.logging.internal.WsLogger@65a7fefa
      CLASS_NAME = "com.ibm.ws.webcontainer.util.EventListeners"
      listeners = interface java.util.EventListener[0]
    _filterErrorListeners = class com.ibm.ws.webcontainer.util.EventListeners@3ae05829
      EMPTY_LISTENERS = interface java.util.EventListener[0]
      logger = class com.ibm.ws.logging.internal.WsLogger@65a7fefa
      CLASS_NAME = "com.ibm.ws.webcontainer.util.EventListeners"
      listeners = interface java.util.EventListener[0]
  _managedObject = class com.ibm.ws.managedobject.internal.ManagedObjectImpl@5c9eb979
    object = "<sensitive com.ibm.ws.security.jaspi.JaspiServletFilter@55f84e59>"
    serialVersionUID = -5603642874755101089
    $$$tc$$$ = class com.ibm.websphere.ras.TraceComponent@54618296
      strings[0] = "TraceComponent[com.ibm.ws.managedobject.internal.ManagedObjectImpl,class com.ibm.ws.managedobject.internal.ManagedObjectImpl,[],null,null]"

