------Start of DE processing------ = [10/31/16 3:48:27:571 CST]
Exception = java.lang.IllegalStateException
Source = com.ibm.ws.artifact.loose.internal.LooseArtifactNotifier
probeid = 384
Stack Dump = java.lang.IllegalStateException: The service has been unregistered
	at org.eclipse.osgi.internal.serviceregistry.ServiceRegistrationImpl.unregister(ServiceRegistrationImpl.java:206)
	at com.ibm.ws.artifact.loose.internal.LooseArtifactNotifier.updateNonRecurseFileMonitorService(LooseArtifactNotifier.java:383)
	at com.ibm.ws.artifact.loose.internal.LooseArtifactNotifier.updateFileMonitorService(LooseArtifactNotifier.java:291)
	at com.ibm.ws.artifact.loose.internal.LooseArtifactNotifier.processMonitoredPathList(LooseArtifactNotifier.java:239)
	at com.ibm.ws.artifact.loose.internal.LooseArtifactNotifier.removeListener(LooseArtifactNotifier.java:266)
	at com.ibm.ws.artifact.overlay.internal.DirectoryBasedOverlayNotifier.removeListener(DirectoryBasedOverlayNotifier.java:177)
	at com.ibm.ws.adaptable.module.internal.NotifierImpl.removeListener(NotifierImpl.java:88)
	at com.ibm.ws.app.manager.internal.monitor.ApplicationMonitor$BaseApplicationListener.stop(ApplicationMonitor.java:361)
	at com.ibm.ws.app.manager.internal.monitor.ApplicationMonitor$BaseApplicationListener.access$300(ApplicationMonitor.java:318)
	at com.ibm.ws.app.manager.internal.monitor.ApplicationMonitor$ApplicationListeners.stopListeners(ApplicationMonitor.java:236)
	at com.ibm.ws.app.manager.internal.monitor.ApplicationMonitor$ApplicationListeners.access$000(ApplicationMonitor.java:198)
	at com.ibm.ws.app.manager.internal.monitor.ApplicationMonitor.deactivate(ApplicationMonitor.java:77)
	at sun.reflect.NativeMethodAccessorImpl.invoke0(Native Method)
	at sun.reflect.NativeMethodAccessorImpl.invoke(Unknown Source)
	at sun.reflect.DelegatingMethodAccessorImpl.invoke(Unknown Source)
	at java.lang.reflect.Method.invoke(Unknown Source)
	at org.apache.felix.scr.impl.inject.BaseMethod.invokeMethod(BaseMethod.java:224)
	at org.apache.felix.scr.impl.inject.BaseMethod.access$500(BaseMethod.java:39)
	at org.apache.felix.scr.impl.inject.BaseMethod$Resolved.invoke(BaseMethod.java:617)
	at org.apache.felix.scr.impl.inject.BaseMethod.invoke(BaseMethod.java:501)
	at org.apache.felix.scr.impl.inject.ActivateMethod.invoke(ActivateMethod.java:302)
	at org.apache.felix.scr.impl.inject.ActivateMethod.invoke(ActivateMethod.java:294)
	at org.apache.felix.scr.impl.manager.SingleComponentManager.disposeImplementationObject(SingleComponentManager.java:343)
	at org.apache.felix.scr.impl.manager.SingleComponentManager.deleteComponent(SingleComponentManager.java:152)
	at org.apache.felix.scr.impl.manager.AbstractComponentManager.doDeactivate(AbstractComponentManager.java:813)
	at org.apache.felix.scr.impl.manager.AbstractComponentManager.deactivateInternal(AbstractComponentManager.java:787)
	at org.apache.felix.scr.impl.manager.AbstractComponentManager.dispose(AbstractComponentManager.java:579)
	at org.apache.felix.scr.impl.manager.ConfigurableComponentHolder.disposeComponents(ConfigurableComponentHolder.java:706)
	at org.apache.felix.scr.impl.BundleComponentActivator.dispose(BundleComponentActivator.java:523)
	at org.apache.felix.scr.impl.Activator.disposeComponents(Activator.java:452)
	at org.apache.felix.scr.impl.Activator.access$300(Activator.java:54)
	at org.apache.felix.scr.impl.Activator$ScrExtension.destroy(Activator.java:306)
	at org.apache.felix.utils.extender.AbstractExtender$2.run(AbstractExtender.java:290)
	at java.util.concurrent.Executors$RunnableAdapter.call(Unknown Source)
	at java.util.concurrent.FutureTask.run(Unknown Source)
	at org.apache.felix.utils.extender.AbstractExtender.destroyExtension(AbstractExtender.java:312)
	at org.apache.felix.utils.extender.AbstractExtender.bundleChanged(AbstractExtender.java:186)
	at org.eclipse.osgi.internal.framework.BundleContextImpl.dispatchEvent(BundleContextImpl.java:903)
	at org.eclipse.osgi.framework.eventmgr.EventManager.dispatchEvent(EventManager.java:230)
	at org.eclipse.osgi.framework.eventmgr.ListenerQueue.dispatchEventSynchronous(ListenerQueue.java:148)
	at org.eclipse.osgi.internal.framework.EquinoxEventPublisher.publishBundleEventPrivileged(EquinoxEventPublisher.java:213)
	at org.eclipse.osgi.internal.framework.EquinoxEventPublisher.publishBundleEvent(EquinoxEventPublisher.java:120)
	at org.eclipse.osgi.internal.framework.EquinoxEventPublisher.publishBundleEvent(EquinoxEventPublisher.java:112)
	at org.eclipse.osgi.internal.framework.EquinoxContainerAdaptor.publishModuleEvent(EquinoxContainerAdaptor.java:156)
	at org.eclipse.osgi.container.Module.publishEvent(Module.java:476)
	at org.eclipse.osgi.container.Module.doStop(Module.java:634)
	at org.eclipse.osgi.container.Module.stop(Module.java:498)
	at org.eclipse.osgi.container.ModuleContainer$ContainerStartLevel.decStartLevel(ModuleContainer.java:1661)
	at org.eclipse.osgi.container.ModuleContainer$ContainerStartLevel.doContainerStartLevel(ModuleContainer.java:1580)
	at org.eclipse.osgi.container.SystemModule.stopWorker(SystemModule.java:270)
	at org.eclipse.osgi.internal.framework.EquinoxBundle$SystemBundle$EquinoxSystemModule.stopWorker(EquinoxBundle.java:147)
	at org.eclipse.osgi.container.Module.doStop(Module.java:636)
	at org.eclipse.osgi.container.Module.stop(Module.java:498)
	at org.eclipse.osgi.container.SystemModule.stop(SystemModule.java:202)
	at org.eclipse.osgi.internal.framework.EquinoxBundle$SystemBundle$EquinoxSystemModule$1.run(EquinoxBundle.java:165)
	at java.lang.Thread.run(Unknown Source)

Dump of callerThis
Object type = com.ibm.ws.artifact.loose.internal.LooseArtifactNotifier
  root = class com.ibm.ws.artifact.loose.internal.LooseArchive@cf69f15
    cacheDir = class java.io.File@13666eb7
      fs = class java.io.WinNTFileSystem@4f618d06
      path = "C:\Users\manol\git\restCHEF\Liberty\usr\servers\server1\workarea\org.eclipse.osgi\113\data\cache\com.ibm.ws.app.manager_61"
      status = class java.io.File$PathStatus@d4f10b
      prefixLength = 3
      separatorChar = \
      separator = "\"
      pathSeparatorChar = ;
      pathSeparator = ";"
      PATH_OFFSET = 16
      PREFIX_LENGTH_OFFSET = 12
      UNSAFE = class sun.misc.Unsafe@7bb1625d
      serialVersionUID = 301077366599181567
      filePath = null
      $assertionsDisabled = true
    xmlFile = class java.io.File@7ffdb7a7
      fs = class java.io.WinNTFileSystem@4f618d06
      path = "C:\Users\manol\git\restCHEF\Liberty\usr\servers\server1\apps\ChefServer.war.xml"
      status = class java.io.File$PathStatus@d4f10b
      prefixLength = 3
      separatorChar = \
      separator = "\"
      pathSeparatorChar = ;
      pathSeparator = ";"
      PATH_OFFSET = 16
      PREFIX_LENGTH_OFFSET = 12
      UNSAFE = class sun.misc.Unsafe@7bb1625d
      serialVersionUID = 301077366599181567
      filePath = null
      $assertionsDisabled = true
    parent = null
    cfh = class com.ibm.ws.artifact.loose.internal.LooseContainerFactoryHelper@11d3aad6
      locationService = class com.ibm.ws.kernel.service.location.internal.WsLocationAdminImpl@57151f23
      containerFactoryReference = class com.ibm.wsspi.kernel.service.utils.AtomicServiceReference@6b5d9219
      ctx = class org.eclipse.osgi.internal.framework.BundleContextImpl@522f1716
      tc = class com.ibm.websphere.ras.TraceComponent@8a0ad2f
      serialVersionUID = -6436244972857197695
    pathInParent = null
    _entries = class java.util.ArrayList@3ea6ed2a
    tc = class com.ibm.websphere.ras.TraceComponent@2592a873
      strings[0] = "TraceComponent[com.ibm.ws.artifact.loose.internal.LooseArchive,class com.ibm.ws.artifact.loose.internal.LooseArchive,[archive.artifact.xml],com.ibm.ws.artifact.loose.internal.resources.LooseApiMessages,null]"
    artifactNotifier = class com.ibm.ws.artifact.loose.internal.LooseArtifactNotifier@7337369e
    serialVersionUID = 345486831272892625
  entries = class java.util.ArrayList@3ea6ed2a
    serialVersionUID = 8683452581122892189
    DEFAULT_CAPACITY = 10
    EMPTY_ELEMENTDATA = class java.lang.Object[0]
    DEFAULTCAPACITY_EMPTY_ELEMENTDATA = class java.lang.Object[0]
    elementData = class java.lang.Object[10]
      elementData[0] = class com.ibm.ws.artifact.loose.internal.LooseArchive$DirEntryInfo@3ddf836d
      elementData[1] = class com.ibm.ws.artifact.loose.internal.LooseArchive$DirEntryInfo@56c02a75
      elementData[2] = null
      elementData[3] = null
      elementData[4] = null
      elementData[5] = null
      elementData[6] = null
      elementData[7] = null
      elementData[8] = null
      elementData[9] = null
    size = 2
    MAX_ARRAY_SIZE = 2147483639
    modCount = 2
    MAX_ARRAY_SIZE = 2147483639
  serviceProperties = class java.util.Hashtable@366dd680
    table = class java.util.Hashtable$Entry[11]
      table[0] = class java.util.Hashtable$Entry@4d4ee0bf
      table[1] = null
      table[2] = null
      table[3] = null
      table[4] = null
      table[5] = class java.util.Hashtable$Entry@1b455a98
      table[6] = class java.util.Hashtable$Entry@580ffd4b
      table[7] = class java.util.Hashtable$Entry@7ff413e8
      table[8] = class java.util.Hashtable$Entry@45854fb1
      table[9] = class java.util.Hashtable$Entry@74a54c03
      table[10] = class java.util.Hashtable$Entry@53e71279
    count = 8
    threshold = 8
    loadFactor = 0.75
    modCount = 8
    serialVersionUID = 1421746759512286392
    MAX_ARRAY_SIZE = 2147483639
    keySet = null
    entrySet = null
    values = null
    KEYS = 0
    VALUES = 1
    ENTRIES = 2
  nonRecurseServiceProperties = class java.util.Hashtable@710824e4
    table = class java.util.Hashtable$Entry[11]
      table[0] = class java.util.Hashtable$Entry@41f33977
      table[1] = null
      table[2] = null
      table[3] = null
      table[4] = null
      table[5] = class java.util.Hashtable$Entry@163720be
      table[6] = class java.util.Hashtable$Entry@48dc2905
      table[7] = class java.util.Hashtable$Entry@782d9f8f
      table[8] = class java.util.Hashtable$Entry@20cd297c
      table[9] = class java.util.Hashtable$Entry@f50df0b
      table[10] = class java.util.Hashtable$Entry@266d4be5
    count = 8
    threshold = 8
    loadFactor = 0.75
    modCount = 8
    serialVersionUID = 1421746759512286392
    MAX_ARRAY_SIZE = 2147483639
    keySet = null
    entrySet = null
    values = null
    KEYS = 0
    VALUES = 1
    ENTRIES = 2
  interval = 500
  notificationType = "external"
  ctx = class org.eclipse.osgi.internal.framework.BundleContextImpl@522f1716
    findHookName = "org.osgi.framework.hooks.bundle.FindHook"
    valid = false
    bundle = class org.eclipse.osgi.internal.framework.EquinoxBundle@437b6ed0
    container = class org.eclipse.osgi.internal.framework.EquinoxContainer@4f4b6340
      NAME = "org.eclipse.osgi"
      secureAction = class org.eclipse.osgi.framework.util.SecureAction@e9037ea
      equinoxConfig = class org.eclipse.osgi.internal.framework.EquinoxConfiguration@3580c988
      logServices = class org.eclipse.osgi.internal.log.EquinoxLogServices@4fa58673
      storage = class org.eclipse.osgi.storage.Storage@70528e4e
      packageAdmin = class org.eclipse.osgi.internal.framework.legacy.PackageAdminImpl@7ff2d8c9
      startLevel = class org.eclipse.osgi.internal.framework.legacy.StartLevelImpl@4c0d9236
      bootDelegation = class java.util.HashSet@2f7813da
      bootDelegationStems = class java.lang.String[11]
      bootDelegateAll = false
      eventPublisher = class org.eclipse.osgi.internal.framework.EquinoxEventPublisher@2101b44a
      monitor = class java.lang.Object@22e165bb
      serviceRegistry = class org.eclipse.osgi.internal.serviceregistry.ServiceRegistry@5b30cd1d
      contextFinder = class org.eclipse.osgi.internal.framework.ContextFinder@1b91b37c
      signedContentFactory = class org.osgi.util.tracker.ServiceTracker@25ddff3
      executor = class java.util.concurrent.ScheduledThreadPoolExecutor@6dd4faa1
      storageSaver = class org.eclipse.osgi.internal.framework.StorageSaver@4001ff6e
    debug = class org.eclipse.osgi.internal.debug.Debug@199ffbac
      ECLIPSE_OSGI = "org.eclipse.osgi"
      OPTION_DEBUG_GENERAL = "org.eclipse.osgi/debug"
      OPTION_DEBUG_BUNDLE_TIME = "org.eclipse.osgi/debug/bundleTime"
      OPTION_DEBUG_LOADER = "org.eclipse.osgi/debug/loader"
      OPTION_DEBUG_STORAGE = "org.eclipse.osgi/debug/storage"
      OPTION_DEBUG_EVENTS = "org.eclipse.osgi/debug/events"
      OPTION_DEBUG_SERVICES = "org.eclipse.osgi/debug/services"
      OPTION_DEBUG_HOOKS = "org.eclipse.osgi/debug/hooks"
      OPTION_DEBUG_MANIFEST = "org.eclipse.osgi/debug/manifest"
      OPTION_DEBUG_FILTER = "org.eclipse.osgi/debug/filter"
      OPTION_DEBUG_SECURITY = "org.eclipse.osgi/debug/security"
      OPTION_DEBUG_STARTLEVEL = "org.eclipse.osgi/debug/startlevel"
      OPTION_DEBUG_PACKAGEADMIN = "org.eclipse.osgi/debug/packageadmin"
      OPTION_DEBUG_PACKAGEADMIN_TIMING = "org.eclipse.osgi/debug/packageadmin/timing"
      OPTION_MONITOR_ACTIVATION = "org.eclipse.osgi/monitor/activation"
      OPTION_MONITOR_LAZY = "org.eclipse.osgi/monitor/lazy"
      OPTION_DEBUG_MESSAGE_BUNDLES = "org.eclipse.osgi/debug/messageBundles"
      OPTION_DEBUG_LOCATION = "org.eclipse.osgi/debug/location"
      OPTION_CACHED_MANIFEST = "org.eclipse.osgi/debug/cachedmanifest"
      OPTION_DEBUG_SYSTEM_BUNDLE = "org.eclipse.osgi/debug/systemBundle"
      DEBUG_GENERAL = false
      DEBUG_BUNDLE_TIME = false
      DEBUG_LOADER = false
      DEBUG_STORAGE = false
      DEBUG_EVENTS = false
      DEBUG_SERVICES = false
      DEBUG_HOOKS = false
      DEBUG_MANIFEST = false
      DEBUG_FILTER = false
      DEBUG_SECURITY = false
      DEBUG_STARTLEVEL = false
      DEBUG_PACKAGEADMIN = false
      DEBUG_PACKAGEADMIN_TIMING = false
      DEBUG_MESSAGE_BUNDLES = false
      MONITOR_ACTIVATION = false
      DEBUG_LOCATION = false
      DEBUG_CACHED_MANIFEST = false
      DEBUG_SYSTEM_BUNDLE = false
      out = class com.ibm.ws.logging.internal.impl.BaseTraceService$TeePrintStream@4e78cfb4
    servicesInUse = null
    activator = null
    contextLock = class java.lang.Object@3c188949
  service = null
  nonRecurseService = class org.eclipse.osgi.internal.serviceregistry.ServiceRegistrationImpl@17dd5494
    registry = class org.eclipse.osgi.internal.serviceregistry.ServiceRegistry@5b30cd1d
      SERVICEEVENT = 3
      findHookName = "org.osgi.framework.hooks.service.FindHook"
      eventHookName = "org.osgi.framework.hooks.service.EventHook"
      eventListenerHookName = "org.osgi.framework.hooks.service.EventListenerHook"
      listenerHookName = "org.osgi.framework.hooks.service.ListenerHook"
      publishedServicesByClass = class java.util.HashMap@d0b9815
      allPublishedServices = class java.util.ArrayList@4f8d5d74
      publishedServicesByContext = class java.util.HashMap@33b5bf24
      serviceid = 835
      serviceEventListeners = class java.util.HashMap@2294cae1
      initialCapacity = 50
      initialSubCapacity = 10
      container = class org.eclipse.osgi.internal.framework.EquinoxContainer@4f4b6340
      systemBundleContext = class org.eclipse.osgi.internal.framework.BundleContextImpl@54d18072
      debug = class org.eclipse.osgi.internal.debug.Debug@199ffbac
      $assertionsDisabled = true
    context = class org.eclipse.osgi.internal.framework.BundleContextImpl@522f1716
    bundle = class org.eclipse.osgi.internal.framework.EquinoxBundle@437b6ed0
      equinoxContainer = class org.eclipse.osgi.internal.framework.EquinoxContainer@4f4b6340
      module = class org.eclipse.osgi.internal.framework.EquinoxBundle$EquinoxModule@55cee5bc
      monitor = class java.lang.Object@3e385f8e
      context = null
      signerInfos = null
      $SWITCH_TABLE$org$eclipse$osgi$container$Module$State = {1,2,3,4,5,6,7} /* array length = 7*/
    clazzes = class java.lang.String[1]
      clazzes[0] = "com.ibm.wsspi.kernel.filemonitor.FileMonitor"
    service = class com.ibm.ws.artifact.loose.internal.LooseArtifactNotifier@7337369e
    reference = null
    contextsUsing = class java.util.ArrayList@1b6ee89e
      serialVersionUID = 8683452581122892189
      DEFAULT_CAPACITY = 10
      EMPTY_ELEMENTDATA = class java.lang.Object[0]
      DEFAULTCAPACITY_EMPTY_ELEMENTDATA = class java.lang.Object[0]
      elementData = class java.lang.Object[10]
      size = 0
      MAX_ARRAY_SIZE = 2147483639
      modCount = 3
      MAX_ARRAY_SIZE = 2147483639
    properties = class org.eclipse.osgi.internal.serviceregistry.ServiceProperties@7c39947c
      readOnly = true
      headers = class java.lang.Object[20]
      values = class java.lang.Object[20]
      size = 12
    serviceid = 820
    serviceranking = 0
    registrationLock = class java.lang.Object@21bcf6c3
    state = 2
    REGISTERED = 0
    UNREGISTERING = 1
    UNREGISTERED = 2
    $assertionsDisabled = true
  filesToMonitor = class java.util.TreeMap@49be03e7
    comparator = class com.ibm.wsspi.kernel.service.utils.PathUtils$PathComparator@4c5fea2a
      serialVersionUID = 8845848986582493462
      PATH_SEPARATOR = /
      CMP_LT = -1
      CMP_GT = 1
    root = class java.util.TreeMap$Entry@581ad182
      key = "/"
      value = class java.util.HashSet@c5320be
      left = null
      right = class java.util.TreeMap$Entry@63c40e42
      parent = null
      color = true
    size = 2
    modCount = 2
    entrySet = null
    navigableKeySet = null
    descendingMap = null
    UNBOUNDED = class java.lang.Object@76fa6b15
    RED = false
    BLACK = true
    serialVersionUID = 919286545866124006
    keySet = null
    values = null
  filesBeingMonitored = class java.util.HashSet@40f87847
    serialVersionUID = -5024744406713321676
    map = class java.util.HashMap@461497f9
      serialVersionUID = 362498820763181265
      DEFAULT_INITIAL_CAPACITY = 16
      MAXIMUM_CAPACITY = 1073741824
      DEFAULT_LOAD_FACTOR = 0.75
      TREEIFY_THRESHOLD = 8
      UNTREEIFY_THRESHOLD = 6
      MIN_TREEIFY_CAPACITY = 64
      table = class java.util.HashMap$Node[16]
      entrySet = null
      size = 0
      modCount = 17
      threshold = 12
      loadFactor = 0.75
      keySet = class java.util.HashMap$KeySet@56cdb06e
      values = null
    PRESENT = class java.lang.Object@654d66ee
    MAX_ARRAY_SIZE = 2147483639
  dirsToMonitor = class java.util.TreeMap@18796f0e
    comparator = class com.ibm.wsspi.kernel.service.utils.PathUtils$PathComparator@114b14ea
      serialVersionUID = 8845848986582493462
      PATH_SEPARATOR = /
      CMP_LT = -1
      CMP_GT = 1
    root = class java.util.TreeMap$Entry@271e2396
      key = "/"
      value = class java.util.HashSet@3f06747c
      left = null
      right = class java.util.TreeMap$Entry@9f74a90
      parent = null
      color = true
    size = 2
    modCount = 2
    entrySet = null
    navigableKeySet = null
    descendingMap = null
    UNBOUNDED = class java.lang.Object@76fa6b15
    RED = false
    BLACK = true
    serialVersionUID = 919286545866124006
    keySet = null
    values = null
  dirsBeingMonitored = class java.util.HashSet@28e657e1
    serialVersionUID = -5024744406713321676
    map = class java.util.HashMap@6944f40a
      serialVersionUID = 362498820763181265
      DEFAULT_INITIAL_CAPACITY = 16
      MAXIMUM_CAPACITY = 1073741824
      DEFAULT_LOAD_FACTOR = 0.75
      TREEIFY_THRESHOLD = 8
      UNTREEIFY_THRESHOLD = 6
      MIN_TREEIFY_CAPACITY = 64
      table = class java.util.HashMap$Node[16]
      entrySet = null
      size = 0
      modCount = 16
      threshold = 12
      loadFactor = 0.75
      keySet = class java.util.HashMap$KeySet@5aa6ee0
      values = null
    PRESENT = class java.lang.Object@654d66ee
    MAX_ARRAY_SIZE = 2147483639
  listeners = class java.util.concurrent.CopyOnWriteArrayList@11fec821
    serialVersionUID = 8673264195747942595
    lock = class java.util.concurrent.locks.ReentrantLock@75a92bab
      serialVersionUID = 7373984872572414699
      sync = class java.util.concurrent.locks.ReentrantLock$NonfairSync@355cfd2e
    array = class java.lang.Object[0]
    UNSAFE = class sun.misc.Unsafe@7bb1625d
      theUnsafe = class sun.misc.Unsafe@7bb1625d
      INVALID_FIELD_OFFSET = -1
      ARRAY_BOOLEAN_BASE_OFFSET = 16
      ARRAY_BYTE_BASE_OFFSET = 16
      ARRAY_SHORT_BASE_OFFSET = 16
      ARRAY_CHAR_BASE_OFFSET = 16
      ARRAY_INT_BASE_OFFSET = 16
      ARRAY_LONG_BASE_OFFSET = 16
      ARRAY_FLOAT_BASE_OFFSET = 16
      ARRAY_DOUBLE_BASE_OFFSET = 16
      ARRAY_OBJECT_BASE_OFFSET = 16
      ARRAY_BOOLEAN_INDEX_SCALE = 1
      ARRAY_BYTE_INDEX_SCALE = 1
      ARRAY_SHORT_INDEX_SCALE = 2
      ARRAY_CHAR_INDEX_SCALE = 2
      ARRAY_INT_INDEX_SCALE = 4
      ARRAY_LONG_INDEX_SCALE = 8
      ARRAY_FLOAT_INDEX_SCALE = 4
      ARRAY_DOUBLE_INDEX_SCALE = 8
      ARRAY_OBJECT_INDEX_SCALE = 4
      ADDRESS_SIZE = 8
    lockOffset = 12
  pathsBeingMonitored = class java.util.HashSet@12c7a019
    serialVersionUID = -5024744406713321676
    map = class java.util.HashMap@3e3e03b6
      serialVersionUID = 362498820763181265
      DEFAULT_INITIAL_CAPACITY = 16
      MAXIMUM_CAPACITY = 1073741824
      DEFAULT_LOAD_FACTOR = 0.75
      TREEIFY_THRESHOLD = 8
      UNTREEIFY_THRESHOLD = 6
      MIN_TREEIFY_CAPACITY = 64
      table = class java.util.HashMap$Node[16]
      entrySet = null
      size = 0
      modCount = 9
      threshold = 12
      loadFactor = 0.75
      keySet = class java.util.HashMap$KeySet@31297edd
      values = null
    PRESENT = class java.lang.Object@654d66ee
    MAX_ARRAY_SIZE = 2147483639
  parent = null
  children = class java.util.HashMap@4195ac50
    serialVersionUID = 362498820763181265
    DEFAULT_INITIAL_CAPACITY = 16
    MAXIMUM_CAPACITY = 1073741824
    DEFAULT_LOAD_FACTOR = 0.75
    TREEIFY_THRESHOLD = 8
    UNTREEIFY_THRESHOLD = 6
    MIN_TREEIFY_CAPACITY = 64
    table = null
    entrySet = null
    size = 0
    modCount = 0
    threshold = 0
    loadFactor = 0.75
    keySet = class java.util.HashMap$KeySet@5ba5fa45
      this$0 = class java.util.HashMap@4195ac50
      MAX_ARRAY_SIZE = 2147483639
    values = class java.util.HashMap$Values@7b962450
      this$0 = class java.util.HashMap@4195ac50
      MAX_ARRAY_SIZE = 2147483639
  enabledChildren = class java.util.ArrayList@5bd6b2dc
    serialVersionUID = 8683452581122892189
    DEFAULT_CAPACITY = 10
    EMPTY_ELEMENTDATA = class java.lang.Object[0]
    DEFAULTCAPACITY_EMPTY_ELEMENTDATA = class java.lang.Object[0]
    elementData = class java.lang.Object[0]
    size = 0
    MAX_ARRAY_SIZE = 2147483639
    modCount = 0
    MAX_ARRAY_SIZE = 2147483639
  pathInParent = null
  serialVersionUID = -5797991102055520589
  $$$tc$$$ = class com.ibm.websphere.ras.TraceComponent@250afe42
    strings[0] = "TraceComponent[com.ibm.ws.artifact.loose.internal.LooseArtifactNotifier,class com.ibm.ws.artifact.loose.internal.LooseArtifactNotifier,[archive.artifact.xml],com.ibm.ws.artifact.loose.internal.resources.LooseApiMessages,null]"

Dump of objectArray[0]
Object type = java.util.HashSet
  serialVersionUID = -5024744406713321676
  map = class java.util.HashMap@1a29894d
    serialVersionUID = 362498820763181265
    DEFAULT_INITIAL_CAPACITY = 16
    MAXIMUM_CAPACITY = 1073741824
    DEFAULT_LOAD_FACTOR = 0.75
    TREEIFY_THRESHOLD = 8
    UNTREEIFY_THRESHOLD = 6
    MIN_TREEIFY_CAPACITY = 64
    table = null
    entrySet = null
    size = 0
    modCount = 0
    threshold = 0
    loadFactor = 0.75
    keySet = null
    values = null
  PRESENT = class java.lang.Object@654d66ee
  MAX_ARRAY_SIZE = 2147483639

Dump of objectArray[1]
Object type = java.util.HashSet
  serialVersionUID = -5024744406713321676
  map = class java.util.HashMap@ae656dd
    serialVersionUID = 362498820763181265
    DEFAULT_INITIAL_CAPACITY = 16
    MAXIMUM_CAPACITY = 1073741824
    DEFAULT_LOAD_FACTOR = 0.75
    TREEIFY_THRESHOLD = 8
    UNTREEIFY_THRESHOLD = 6
    MIN_TREEIFY_CAPACITY = 64
    table = null
    entrySet = null
    size = 0
    modCount = 0
    threshold = 0
    loadFactor = 0.75
    keySet = null
    values = null
  PRESENT = class java.lang.Object@654d66ee
  MAX_ARRAY_SIZE = 2147483639

