------Start of DE processing------ = [10/29/16 23:49:00:437 CST]
Exception = java.lang.ClassNotFoundException
Source = com.ibm.ws.webcontainer.servlet.ServletWrapper.loadServlet
probeid = 208
Stack Dump = java.lang.ClassNotFoundException: org.glassfish.jersey.servlet.ServletContainer
	at com.ibm.ws.classloading.internal.UnifiedClassLoader.findClass(UnifiedClassLoader.java:120)
	at java.lang.ClassLoader.loadClass(Unknown Source)
	at com.ibm.ws.classloading.internal.UnifiedClassLoader.loadClass0(UnifiedClassLoader.java:108)
	at com.ibm.ws.classloading.internal.UnifiedClassLoader$Delegation.loadClass(UnifiedClassLoader.java:79)
	at com.ibm.ws.classloading.internal.UnifiedClassLoader.loadClass(UnifiedClassLoader.java:103)
	at com.ibm.ws.classloading.internal.ThreadContextClassLoader.loadClass(ThreadContextClassLoader.java:112)
	at java.lang.ClassLoader.loadClass(Unknown Source)
	at com.ibm.ws.webcontainer.servlet.ServletWrapper$1.run(ServletWrapper.java:1569)
	at java.security.AccessController.doPrivileged(Native Method)
	at com.ibm.ws.webcontainer.servlet.ServletWrapper.loadServlet(ServletWrapper.java:1538)
	at com.ibm.ws.webcontainer.servlet.ServletWrapper.loadOnStartupCheck(ServletWrapper.java:1416)
	at com.ibm.ws.webcontainer.webapp.WebApp.doLoadOnStartupActions(WebApp.java:1180)
	at com.ibm.ws.webcontainer.webapp.WebApp.commonInitializationFinally(WebApp.java:1148)
	at com.ibm.ws.webcontainer.webapp.WebApp.initialize(WebApp.java:1057)
	at com.ibm.ws.webcontainer.webapp.WebApp.initialize(WebApp.java:6545)
	at com.ibm.ws.webcontainer.osgi.DynamicVirtualHost.startWebApp(DynamicVirtualHost.java:466)
	at com.ibm.ws.webcontainer.osgi.DynamicVirtualHost.createRunnableHandler(DynamicVirtualHost.java:264)
	at com.ibm.ws.webcontainer.osgi.DynamicVirtualHost.createRunnableHandler(DynamicVirtualHost.java:329)
	at com.ibm.ws.http.internal.VirtualHostImpl.discriminate(VirtualHostImpl.java:251)
	at com.ibm.ws.http.dispatcher.internal.channel.HttpDispatcherLink.ready(HttpDispatcherLink.java:301)
	at com.ibm.ws.http.channel.internal.inbound.HttpInboundLink.handleDiscrimination(HttpInboundLink.java:471)
	at com.ibm.ws.http.channel.internal.inbound.HttpInboundLink.handleNewRequest(HttpInboundLink.java:405)
	at com.ibm.ws.http.channel.internal.inbound.HttpInboundLink.processRequest(HttpInboundLink.java:285)
	at com.ibm.ws.http.channel.internal.inbound.HttpInboundLink.ready(HttpInboundLink.java:256)
	at com.ibm.ws.tcpchannel.internal.NewConnectionInitialReadCallback.sendToDiscriminators(NewConnectionInitialReadCallback.java:174)
	at com.ibm.ws.tcpchannel.internal.NewConnectionInitialReadCallback.complete(NewConnectionInitialReadCallback.java:83)
	at com.ibm.ws.tcpchannel.internal.WorkQueueManager.requestComplete(WorkQueueManager.java:504)
	at com.ibm.ws.tcpchannel.internal.WorkQueueManager.attemptIO(WorkQueueManager.java:574)
	at com.ibm.ws.tcpchannel.internal.WorkQueueManager.workerRun(WorkQueueManager.java:929)
	at com.ibm.ws.tcpchannel.internal.WorkQueueManager$Worker.run(WorkQueueManager.java:1018)
	at java.util.concurrent.ThreadPoolExecutor.runWorker(Unknown Source)
	at java.util.concurrent.ThreadPoolExecutor$Worker.run(Unknown Source)
	at java.lang.Thread.run(Unknown Source)

Dump of callerThis
Object type = com.ibm.ws.webcontainer.servlet.ServletWrapper$1
  val$className = "org.glassfish.jersey.servlet.ServletContainer"
  val$servletClass = null
  val$loader = class com.ibm.ws.classloading.internal.ThreadContextClassLoader@1a6f3bf2
    tc = class com.ibm.websphere.ras.TraceComponent@4b7427bf
      strings[0] = "TraceComponent[com.ibm.ws.classloading.internal.ThreadContextClassLoader,class com.ibm.ws.classloading.internal.ThreadContextClassLoader,[ClassLoadingService],com.ibm.ws.classloading.internal.resources.ClassLoadingServiceMessages,null]"
    bundle = class java.util.concurrent.atomic.AtomicReference@57be3e3d
      serialVersionUID = -1848883965231344442
      unsafe = class sun.misc.Unsafe@5b857638
      valueOffset = 12
      value = class org.eclipse.osgi.internal.framework.EquinoxBundle@3896c15
    key = "WebModule:ChefServer#ChefServer.war"
    refCount = class java.util.concurrent.atomic.AtomicInteger@2ba7fff6
      serialVersionUID = 6214790243416807050
      unsafe = class sun.misc.Unsafe@5b857638
      valueOffset = 12
      value = 3
      serialVersionUID = -8742448824652078965
    appLoader = class com.ibm.ws.classloading.internal.AppClassLoader@31a5e931
      tc = class com.ibm.websphere.ras.TraceComponent@27b26425
      PARENT_FIRST_SEARCH_ORDER = class java.util.Collections$UnmodifiableRandomAccessList@18c8321
      CLASS_LOADING_TRACE_PREFIX = "com.ibm.ws.class.load."
      DEFAULT_PACKAGE = "default.package"
      perPackageClassLoadingTraceComponents = class java.util.concurrent.ConcurrentHashMap@69d20513
      config = class com.ibm.ws.classloading.internal.ClassLoaderConfigurationImpl@2cde4efd
      privateLibraries = null
      delegateLoaders = class com.ibm.ws.classloading.internal.util.CompositeIterable@764783f5
      nativeLibraryFiles = class java.util.ArrayList@13378397
      transformers = class java.util.ArrayList@6ab4e67f
      apiAccess = class com.ibm.ws.classloading.internal.GatewayClassLoader@403812a5
      generator = class com.ibm.ws.classloading.internal.ClassGeneratorManager@34c3e472
      protectionDomains = class java.util.concurrent.ConcurrentHashMap@7e518134
      parent = class com.ibm.ws.classloading.internal.GatewayClassLoader@403812a5
      serialVersionUID = 960221346174702086
      tc = class com.ibm.websphere.ras.TraceComponent@2f8d2ae3
      EMPTY_URL_ARRAY = class java.net.URL[0]
      smartClassPath = class com.ibm.ws.classloading.internal.ContainerClassLoader$SmartClassPathImpl@1c9f1d09
      nativeLibraryContainers = class java.util.ArrayList@37d48a9c
      redefiner = class com.ibm.ws.classloading.internal.util.ClassRedefiner@457ee573
      mapCreationQueue = class java.util.concurrent.Executors$FinalizableDelegatedExecutorService@3824c480
      serialVersionUID = 7249739282446266343
      serialVersionUID = -7411549862368381758
      $$$tc$$$ = class com.ibm.websphere.ras.TraceComponent@27e1be26
      serialVersionUID = -4868702105808481416
      $$$tc$$$ = class com.ibm.websphere.ras.TraceComponent@32b253e1
      serialVersionUID = 2596921220292114344
      $$$tc$$$ = class com.ibm.websphere.ras.TraceComponent@f842789
      initialized = true
      pdcache = class java.util.HashMap@4f2410b8
      debug = null
      parent = class com.ibm.ws.classloading.internal.GatewayClassLoader@403812a5
      parallelLockMap = null
      package2certs = class java.util.Hashtable@7dc32152
      nocerts = class java.security.cert.Certificate[0]
      classes = class java.util.Vector@63ddeaae
      defaultDomain = class java.security.ProtectionDomain@77e2c
      domains = class java.util.HashSet@6f490f44
      packages = class java.util.HashMap@be46a4e
      scl = class sun.misc.Launcher$AppClassLoader@18b4aac2
      sclSet = true
      loadedLibraryNames = class java.util.Vector@7ea10fd2
      systemNativeLibraries = class java.util.Vector@155f3374
      nativeLibraries = class java.util.Vector@7e06906
      nativeLibraryContext = class java.util.Stack@6a2c670
      usr_paths = class java.lang.String[20]
      sys_paths = class java.lang.String[1]
      assertionLock = class com.ibm.ws.classloading.internal.AppClassLoader@31a5e931
      defaultAssertionStatus = false
      packageAssertionStatus = null
      classAssertionStatus = null
    serialVersionUID = 7093379526360135425
    followOnClassLoaders = class java.util.ArrayList@40d00a5
      serialVersionUID = 8683452581122892189
      DEFAULT_CAPACITY = 10
      EMPTY_ELEMENTDATA = class java.lang.Object[0]
      DEFAULTCAPACITY_EMPTY_ELEMENTDATA = class java.lang.Object[0]
      elementData = class java.lang.Object[10]
      size = 1
      MAX_ARRAY_SIZE = 2147483639
      modCount = 1
      MAX_ARRAY_SIZE = 2147483639
    serialVersionUID = -5107316606107305512
    $$$tc$$$ = class com.ibm.websphere.ras.TraceComponent@a14c791
      strings[0] = "TraceComponent[com.ibm.ws.classloading.internal.UnifiedClassLoader,class com.ibm.ws.classloading.internal.UnifiedClassLoader,[ClassLoadingService],com.ibm.ws.classloading.internal.resources.ClassLoadingServiceMessages,null]"
    serialVersionUID = -4868702105808481416
    $$$tc$$$ = class com.ibm.websphere.ras.TraceComponent@32b253e1
      strings[0] = "TraceComponent[com.ibm.ws.classloading.internal.LibertyLoader,class com.ibm.ws.classloading.internal.LibertyLoader,[ClassLoadingService],com.ibm.ws.classloading.internal.resources.ClassLoadingServiceMessages,null]"
    serialVersionUID = 2596921220292114344
    $$$tc$$$ = class com.ibm.websphere.ras.TraceComponent@f842789
      strings[0] = "TraceComponent[com.ibm.ws.classloading.LibertyClassLoader,class com.ibm.ws.classloading.LibertyClassLoader,[ClassLoadingService],com.ibm.ws.classloading.internal.resources.ClassLoadingServiceMessages,null]"
    initialized = true
    pdcache = class java.util.HashMap@6f60d3be
      serialVersionUID = 362498820763181265
      DEFAULT_INITIAL_CAPACITY = 16
      MAXIMUM_CAPACITY = 1073741824
      DEFAULT_LOAD_FACTOR = 0.75
      TREEIFY_THRESHOLD = 8
      UNTREEIFY_THRESHOLD = 6
      MIN_TREEIFY_CAPACITY = 64
      table = null
      entrySet = null
      size = 0
      modCount = 0
      threshold = 16
      loadFactor = 0.75
      keySet = null
      values = null
    debug = null
    parent = class com.ibm.ws.classloading.internal.GatewayClassLoader@378934d5
      config = class com.ibm.ws.classloading.internal.GatewayConfigurationImpl@677836c6
      wiringMonitor = class com.ibm.ws.classloading.internal.GatewayClassLoader$1@3047f8a5
      bundle = class org.eclipse.osgi.internal.framework.EquinoxBundle@3896c15
      wiring = class org.eclipse.osgi.container.ModuleWiring@3ac27ca5
      bundleLoader = class org.eclipse.osgi.internal.loader.EquinoxClassLoader@53314371
      resourceProviders = class com.ibm.ws.classloading.internal.CompositeResourceProvider@755981d7
      serialVersionUID = -4256474098847905153
      $$$tc$$$ = class com.ibm.websphere.ras.TraceComponent@153117ca
      parent = class sun.misc.Launcher$AppClassLoader@18b4aac2
      parallelLockMap = null
      package2certs = class java.util.Hashtable@7ad4cd09
      nocerts = class java.security.cert.Certificate[0]
      classes = class java.util.Vector@53daa1a2
      defaultDomain = class java.security.ProtectionDomain@a295a63
      domains = class java.util.HashSet@334735c8
      packages = class java.util.HashMap@6fa70a2c
      scl = class sun.misc.Launcher$AppClassLoader@18b4aac2
      sclSet = true
      loadedLibraryNames = class java.util.Vector@7ea10fd2
      systemNativeLibraries = class java.util.Vector@155f3374
      nativeLibraries = class java.util.Vector@697661cb
      nativeLibraryContext = class java.util.Stack@6a2c670
      usr_paths = class java.lang.String[20]
      sys_paths = class java.lang.String[1]
      assertionLock = class com.ibm.ws.classloading.internal.GatewayClassLoader@378934d5
      defaultAssertionStatus = false
      packageAssertionStatus = null
      classAssertionStatus = null
    parallelLockMap = null
    package2certs = class java.util.Hashtable@304fedf
      table = class java.util.Hashtable$Entry[11]
      count = 0
      threshold = 8
      loadFactor = 0.75
      modCount = 0
      serialVersionUID = 1421746759512286392
      MAX_ARRAY_SIZE = 2147483639
      keySet = null
      entrySet = null
      values = null
      KEYS = 0
      VALUES = 1
      ENTRIES = 2
    nocerts = class java.security.cert.Certificate[0]
    classes = class java.util.Vector@5a83591
      elementData = class java.lang.Object[10]
      elementCount = 0
      capacityIncrement = 0
      serialVersionUID = -2767605614048989439
      MAX_ARRAY_SIZE = 2147483639
      modCount = 0
      MAX_ARRAY_SIZE = 2147483639
    defaultDomain = class java.security.ProtectionDomain@772396c4
      codesource = class java.security.CodeSource@2a760e61
      classloader = class com.ibm.ws.classloading.internal.ThreadContextClassLoader@1a6f3bf2
      principals = interface java.security.Principal[0]
      permissions = null
      hasAllPerm = false
      staticPermissions = false
      key = class java.security.ProtectionDomain$Key@5ba8cc80
      debug = null
    domains = class java.util.HashSet@1eb746bd
      serialVersionUID = -5024744406713321676
      map = class java.util.HashMap@5371f704
      PRESENT = class java.lang.Object@45c6890a
      MAX_ARRAY_SIZE = 2147483639
    packages = class java.util.HashMap@3a61b1b2
      serialVersionUID = 362498820763181265
      DEFAULT_INITIAL_CAPACITY = 16
      MAXIMUM_CAPACITY = 1073741824
      DEFAULT_LOAD_FACTOR = 0.75
      TREEIFY_THRESHOLD = 8
      UNTREEIFY_THRESHOLD = 6
      MIN_TREEIFY_CAPACITY = 64
      table = null
      entrySet = null
      size = 0
      modCount = 0
      threshold = 0
      loadFactor = 0.75
      keySet = null
      values = null
    scl = class sun.misc.Launcher$AppClassLoader@18b4aac2
      ucp = class sun.misc.URLClassPath@177c15a1
      $assertionsDisabled = true
      ucp = class sun.misc.URLClassPath@177c15a1
      acc = class java.security.AccessControlContext@2491a62b
      closeables = class java.util.WeakHashMap@137cf2fe
      initialized = true
      pdcache = class java.util.HashMap@1cedabae
      debug = null
      parent = class sun.misc.Launcher$ExtClassLoader@5b37e0d2
      parallelLockMap = class java.util.concurrent.ConcurrentHashMap@6b4b748f
      package2certs = class java.util.concurrent.ConcurrentHashMap@42423733
      nocerts = class java.security.cert.Certificate[0]
      classes = class java.util.Vector@36ddd687
      defaultDomain = class java.security.ProtectionDomain@479cbb29
      domains = class java.util.Collections$SynchronizedSet@77c34059
      packages = class java.util.HashMap@246b1a3d
      scl = class sun.misc.Launcher$AppClassLoader@18b4aac2
      sclSet = true
      loadedLibraryNames = class java.util.Vector@7ea10fd2
      systemNativeLibraries = class java.util.Vector@155f3374
      nativeLibraries = class java.util.Vector@7cda99d9
      nativeLibraryContext = class java.util.Stack@6a2c670
      usr_paths = class java.lang.String[20]
      sys_paths = class java.lang.String[1]
      assertionLock = class java.lang.Object@5ebd3098
      defaultAssertionStatus = false
      packageAssertionStatus = null
      classAssertionStatus = null
    sclSet = true
    loadedLibraryNames = class java.util.Vector@7ea10fd2
      elementData = class java.lang.Object[10]
      elementCount = 8
      capacityIncrement = 0
      serialVersionUID = -2767605614048989439
      MAX_ARRAY_SIZE = 2147483639
      modCount = 8
      MAX_ARRAY_SIZE = 2147483639
    systemNativeLibraries = class java.util.Vector@155f3374
      elementData = class java.lang.Object[10]
      elementCount = 6
      capacityIncrement = 0
      serialVersionUID = -2767605614048989439
      MAX_ARRAY_SIZE = 2147483639
      modCount = 6
      MAX_ARRAY_SIZE = 2147483639
    nativeLibraries = class java.util.Vector@31790dcc
      elementData = class java.lang.Object[10]
      elementCount = 0
      capacityIncrement = 0
      serialVersionUID = -2767605614048989439
      MAX_ARRAY_SIZE = 2147483639
      modCount = 0
      MAX_ARRAY_SIZE = 2147483639
    nativeLibraryContext = class java.util.Stack@6a2c670
      serialVersionUID = 1224463164541339165
      elementData = class java.lang.Object[10]
      elementCount = 0
      capacityIncrement = 0
      serialVersionUID = -2767605614048989439
      MAX_ARRAY_SIZE = 2147483639
      modCount = 16
      MAX_ARRAY_SIZE = 2147483639
    usr_paths = class java.lang.String[20]
      usr_paths[0] = "C:\Program Files\Java\jre1.8.0_111\bin"
      usr_paths[1] = "C:\WINDOWS\Sun\Java\bin"
      usr_paths[2] = "C:\WINDOWS\system32"
      usr_paths[3] = "C:\WINDOWS"
      usr_paths[4] = "C:/Program Files/Java/jre1.8.0_111/bin/server"
      usr_paths[5] = "C:/Program Files/Java/jre1.8.0_111/bin"
      usr_paths[6] = "C:/Program Files/Java/jre1.8.0_111/lib/amd64"
      usr_paths[7] = "C:\ProgramData\Oracle\Java\javapath"
      usr_paths[8] = "C:\WINDOWS\system32"
      usr_paths[9] = "C:\WINDOWS"
      usr_paths[10] = "C:\WINDOWS\System32\Wbem"
      usr_paths[11] = "C:\WINDOWS\System32\WindowsPowerShell\v1.0\"
      usr_paths[12] = "C:\Program Files (x86)\NVIDIA Corporation\PhysX\Common"
      usr_paths[13] = "C:\Program Files (x86)\Skype\Phone\"
      usr_paths[14] = "C:\Program Files\Git\cmd"
      usr_paths[15] = "C:\Users\manol\AppData\Local\Microsoft\WindowsApps"
      usr_paths[16] = "."
      usr_paths[17] = "C:\WINDOWS\System32"
      usr_paths[18] = "."
      usr_paths[19] = "."
    sys_paths = class java.lang.String[1]
      sys_paths[0] = "C:\Program Files\Java\jre1.8.0_111\bin"
    assertionLock = class com.ibm.ws.classloading.internal.ThreadContextClassLoader@1a6f3bf2
    defaultAssertionStatus = false
    packageAssertionStatus = null
    classAssertionStatus = null
  val$servletName = "Jersey Web Application"
  this$0 = class com.ibm.ws.webcontainer.osgi.servlet.ServletWrapper@38cb259d
    serialVersionUID = 1
    _mo = null
    serialVersionUID = -4479626085298397598
    notifyInvocationListeners = false
    UNINITIALIZED_STATE = -1
    AVAILABLE_STATE = 0
    UNAVAILABLE_STATE = 1
    UNAVAILABLE_PERMANENTLY_STATE = 2
    collabHelper = class com.ibm.ws.webcontainer.osgi.collaborator.CollaboratorHelperImpl@147f4b61
      webAppInvCollabs = class java.util.Collections$UnmodifiableSet@232f4d40
      securityDomainForApp = null
      logger = class com.ibm.ws.logging.internal.WsLogger@748ed563
      staticDefaultSecurityCollaborator = class com.ibm.ws.webcontainer.collaborator.WebAppSecurityCollaborator@2e2c9a00
      logger = class com.ibm.ws.logging.internal.WsLogger@381505d9
      CLASS_NAME = "com.ibm.wsspi.webcontainer.collaborator.CollaboratorHelper"
      webApp = class com.ibm.ws.webcontainer31.osgi.webapp.WebApp31@6c8b6c54
      securityCollaborator = null
      nameSpaceCollaborator = class com.ibm.ws.webcontainer.osgi.collaborator.WebAppNameSpaceCollaboratorImpl@7aa32d3b
      transactionCollaborator = class com.ibm.ws.transaction.services.WebAppTransactionCollaboratorImpl@3242e07d
      connectionCollaborator = class com.ibm.ws.webcontainer.collaborator.ConnectionCollaborator@45a9b804
      allCollabEnum = class java.util.RegularEnumSet@3a32fa75
      servlet_23_or_greater = true
      DEFER_SERVLET_REQUEST_LISTENER_DESTROY_ON_ERROR = false
    nServicing = class java.util.concurrent.atomic.AtomicInteger@63b6f3f7
      serialVersionUID = 6214790243416807050
      unsafe = class sun.misc.Unsafe@5b857638
      valueOffset = 12
      value = 0
      serialVersionUID = -8742448824652078965
    lastAccessTime = 1477806540188
    state = -1
    logger = class com.ibm.ws.logging.internal.WsLogger@4205aca
      tc = class com.ibm.websphere.ras.TraceComponent@75af58d0
      ivCachedResourceBundleName = null
      ivCachedResourceBundle = null
      ivComponent = null
      ivOrganization = null
      ivProduct = null
      ivMinimumLocalizationLevelIntValue = 625
      ivTC = class com.ibm.websphere.ras.TraceComponent@3524fb6c
      loggerRegistrationComponent = class java.lang.ThreadLocal@11624b8
      emptyHandlers = class java.util.logging.Handler[0]
      offValue = 2147483647
      SYSTEM_LOGGER_RB_NAME = "sun.util.logging.resources.logging"
      SYSTEM_BUNDLE = class java.util.logging.Logger$LoggerBundle@3c6e30e8
      NO_RESOURCE_BUNDLE = class java.util.logging.Logger$LoggerBundle@6e10cf0f
      manager = class com.ibm.ws.kernel.boot.logging.WsLogManager@5e931591
      name = "com.ibm.ws.webcontainer.servlet"
      handlers = class java.util.concurrent.CopyOnWriteArrayList@7b57fb01
      loggerBundle = class java.util.logging.Logger$LoggerBundle@36f36df3
      useParentHandlers = true
      filter = null
      anonymous = false
      catalog = class com.ibm.ws.webcontainer.resources.Messages_es@5e73b495
      catalogName = "com.ibm.ws.webcontainer.resources.Messages"
      catalogLocale = class java.util.Locale@180a0d57
      treeLock = class java.lang.Object@5c4162a4
      parent = class com.ibm.ws.logging.internal.WsLogger@7170002a
      kids = null
      levelObject = class java.util.logging.Level@32e4d58d
      levelValue = 800
      callersClassLoaderRef = class java.lang.ref.WeakReference@7a4c1633
      isSystemLogger = false
      GLOBAL_LOGGER_NAME = "global"
      global = class java.util.logging.Logger@4893d5f6
      $assertionsDisabled = true
    CLASS_NAME = "com.ibm.ws.webcontainer.servlet.ServletWrapper"
    nls = class com.ibm.ejs.ras.TraceNLS@3378c234
      resolver = class com.ibm.ws.logging.internal.TraceNLSResolver@7b48d33c
      finder = class com.ibm.ws.logging.internal.StackFinder@39f51291
      ivBundleName = "com.ibm.ws.webcontainer.resources.Messages"
      caller = class java.lang.Class@2b939f8d
    servletConfig = class com.ibm.ws.webcontainer.servlet.ServletConfig@5db2a379
      logger = class com.ibm.ws.logging.internal.WsLogger@4205aca
      CLASS_NAME = "com.ibm.ws.webcontainer.servlet.ServletConfig"
      nls = class com.ibm.ejs.ras.TraceNLS@2104d2c9
      liberty_nls = class com.ibm.ejs.ras.TraceNLS@de88b34
      enabled = true
      servletName = "Jersey Web Application"
      className = "org.glassfish.jersey.servlet.ServletContainer"
      mappings = class java.util.ArrayList@757cae1a
      startUpWeight = 1
      DEFAULT_STARTUP = -1
      isCachingEnabled = true
      isStatisticsEnabled = true
      isInternal = false
      metaData = class com.ibm.ws.webcontainer.osgi.metadata.WebComponentMetaDataImpl@79730407
      singleThreadModelServlet = false
      isJsp = false
      webAppConfig = class com.ibm.ws.webcontainer.osgi.webapp.WebAppConfiguration@7e66137a
      servletWrapper = class com.ibm.ws.webcontainer.osgi.servlet.ServletWrapper@38cb259d
      servletClass = null
      servlet = null
      addedToLoadOnStartup = true
      previousWeight = null
      multipartConfig = null
      multipartConfigBaseLocation = null
      runAsRole = null
      servletSecurityElement = null
      declareRolesAnnotation = null
      logger = class com.ibm.ws.logging.internal.WsLogger@4205aca
      CLASS_NAME = "com.ibm.ws.webcontainer.servlet.TargetConfig"
      initParams = class java.util.HashMap@2702e22e
      fileName = null
      displayName = null
      name = "Jersey Web Application"
      description = null
      smallIcon = null
      largeIcon = null
      context = class com.ibm.ws.webcontainer31.facade.ServletContextFacade31@463099f5
      className = null
      asyncSupported = false
      _id = "ServletGeneratedId1"
      _attributes = null
      serialVersionUID = 7511545662945734886
      $$$tc$$$ = class com.ibm.websphere.ras.TraceComponent@33323fc7
    context = class com.ibm.ws.webcontainer31.osgi.webapp.WebApp31@6c8b6c54
      tc = class com.ibm.websphere.ras.TraceComponent@6e8bb51a
      CLASS_NAME = "com.ibm.ws.webcontainer31.osgi.webapp.WebApp31"
      servlet31NLS = class com.ibm.ejs.ras.TraceNLS@592bbae5
      validListenerClasses = class java.lang.Class[7]
      wsocServHandler = class com.ibm.ws.wsoc.external.WsocHandlerImpl@64ccfdd3
      tc = class com.ibm.websphere.ras.TraceComponent@668a1861
      CLASS_NAME = "com.ibm.ws.webcontainer.osgi.webapp.WebApp"
      metaDataService = class com.ibm.ws.container.service.metadata.internal.MetaDataServiceImpl@34b9034f
      namespacePopulated = false
      referenceContext = class com.ibm.ws.injectionengine.osgi.internal.OSGiReferenceContextImpl@b30a9aa
      j2eeNameFactory = class com.ibm.ws.container.service.metadata.internal.J2EENameFactoryImpl@7fcc4cfb
      moduleLoader = class com.ibm.ws.classloading.internal.AppClassLoader@31a5e931
      webAppConfig = class com.ibm.ws.webcontainer.osgi.webapp.WebAppConfiguration@7e66137a
      extensionProcessingDisabled = false
      managedObjectService = class com.ibm.ws.cdi.impl.managedobject.CDIManagedObjectService@7c6d14b4
      GenPluginCfgMB = null
      internalServletMetaData = interface com.ibm.wsspi.webcontainer.metadata.WebComponentMetaData[2]
      loginProcessor = null
      logoutProcessor = null
      collabHelper = class com.ibm.ws.webcontainer.osgi.collaborator.CollaboratorHelperImpl@147f4b61
      envObject = class com.ibm.ws.util.WSThreadLocal@5544de86
      orderedLibPaths = class java.util.Collections$UnmodifiableRandomAccessList@65a82715
      perm = class com.ibm.websphere.security.WebSphereRuntimePermission@a0641a9
      WELCOME_FILE_LIST = "com.ibm.ws.webcontainer.config.WelcomeFileList"
      DIR_BROWSING_MAPPING = "__dirBrowsing__1477806535649"
      FILTER_PROXY_MAPPING = "/__filterProxy__1477806535649"
      logger = class com.ibm.ws.logging.internal.WsLogger@27104d10
      CLASS_NAME = "com.ibm.ws.webcontainer.webapp.WebApp"
      loader = class com.ibm.ws.classloading.internal.ThreadContextClassLoader@1a6f3bf2
      facade = class com.ibm.ws.webcontainer31.facade.ServletContextFacade31@463099f5
      features = class java.util.ArrayList@54d3179a
      applicationName = "ChefServer"
      config = class com.ibm.ws.webcontainer.osgi.webapp.WebAppConfiguration@7e66137a
      securityEnabledForApp = null
      webExtensionProcessor = class com.ibm.ws.webcontainer.osgi.extension.WebExtensionProcessor@70e7029a
      production = true
      isServlet23 = true
      contextPath = "/ChefServer"
      internalServletList = class [Ljava.lang.String;[2]
      BY_NAME_ONLY = "/_1477806535649_/"
      filterManager = null
      documentRoot = null
      SERVLET_API_VERSION = "Servlet 2.5"
      disableServletAuditLogging = -1
      serverInfo = "IBM WebSphere Liberty/16.0.0.3"
      sessionCtx = class com.ibm.ws.webcontainer31.session.impl.HttpSessionContext31Impl@6d09b2e1
      eventSource = class com.ibm.ws.webcontainer.webapp.WebAppEventSource@9cfda73
      nls = class com.ibm.ejs.ras.TraceNLS@21aa171d
      liberty_nls = class com.ibm.ejs.ras.TraceNLS@69912260
      error_nls = class com.ibm.ejs.ras.TraceNLS@1dc245a
      sessionListeners = class java.util.ArrayList@2162003a
      sessionIdListeners = class java.util.ArrayList@5081e9f4
      sessionAttrListeners = class java.util.ArrayList@30e353a6
      addedSessionListeners = class java.util.ArrayList@50fd5f14
      addedSessionAttrListeners = class java.util.ArrayList@61aff6e1
      servletContextListeners = class java.util.ArrayList@3ebe6d69
      servletContextLAttrListeners = class java.util.ArrayList@14ea777b
      servletRequestListeners = class java.util.ArrayList@2ed58f0d
      servletRequestLAttrListeners = class java.util.ArrayList@30536cc8
      prependSlashToResource = false
      destroyed = false
      webAppNameSpaceCollab = class com.ibm.ws.webcontainer.osgi.collaborator.WebAppNameSpaceCollaboratorImpl@7aa32d3b
      txCollab = class com.ibm.ws.transaction.services.WebAppTransactionCollaboratorImpl@3242e07d
      sessionActivationListeners = class java.util.ArrayList@7d4b8a8e
      sessionBindingListeners = class java.util.ArrayList@3a5d7bf3
      scratchdir = null
      jspClassLoaderLimit = 0
      jspClassLoaderExclusionList = null
      jspClassLoadersMap = null
      jspClassLoaderLimitTrackIF = false
      defaultExtProc = null
      directoryBrowsingServlet = null
      cdiContexts = class java.util.concurrent.ConcurrentHashMap@38723652
      moduleConfig = class com.ibm.ws.webcontainer.osgi.container.DeployedModule@136c38b8
      extensionFactories = class java.util.ArrayList@3252cfa1
      initialized = false
      lock = class com.ibm.ws.webcontainer.webapp.WebApp$1@6301b8fb
      afterServletContextCreated = false
      redirectContextRoot = false
      errorExceptionTypeFirst = false
      initFilterBeforeServletInit = false
      sortedServletConfigs = class java.util.ArrayList@4ae8d26f
      effectiveMajorVersion = 3
      effectiveMinorVersion = 1
      canAddServletContextListener = true
      withinContextInitOfProgAddListener = false
      lastProgAddListenerInitialized = "com.ibm.ws.cache.CacheServiceImpl"
      webInfLibClassloader = null
      metaInfCache = class com.ibm.ws.webcontainer.webapp.WebApp$2@38b38a72
      useMetaInfCache = true
      SUN_CONFIGURE_LISTENER_CLASSNAME = "com.sun.faces.config.ConfigureListener"
      MYFACES_LIFECYCLE_LISTENER_CLASSNAME = "org.apache.myfaces.webapp.StartupServletContextListener"
      JSF_IMPL_ENABLED_PARAM = "com.ibm.ws.jsf.JSF_IMPL_ENABLED"
      JSF_IMPL_ENABLED_CUSTOM = "Custom"
      JSF_IMPL_ENABLED_NONE = "None"
      staticDocRoot = class com.ibm.ws.webcontainer.util.DocumentRootUtils@1cb87502
      jspDocRoot = class com.ibm.ws.webcontainer.util.DocumentRootUtils@7210c00e
      container = class com.ibm.ws.adaptable.module.internal.AdaptableContainerImpl@3c5dd72c
      metaInfResourceFinder = class com.ibm.ws.webcontainer.util.MetaInfResourceFinder@7e670f89
      postConstructMethods = class com.ibm.ws.webcontainer.webapp.WebApp$AnnotatedMethods@5aa3ea2d
      preDestroyMethods = class com.ibm.ws.webcontainer.webapp.WebApp$AnnotatedMethods@5ec841e
      OBJ_EMPTY = class java.lang.Object[0]
      CLASS_EMPTY = class java.lang.Class[0]
      DEFAULT_JSP_EXTENSIONS = class java.util.ArrayList@7188341d
      DEFER_SERVLET_REQUEST_LISTENER_DESTROY_ON_ERROR = false
      DO_ACCEPT_PARTIAL = true
      DO_NOT_ACCEPT_PARTIAL = false
      DO_ACCEPT_EXCLUDED = true
      DO_NOT_ACCEPT_EXCLUDED = false
      commands = class java.util.ArrayList@726200a7
      requestMapper = class com.ibm.wsspi.webcontainer.util.URIMapper@134fa681
      parent = class com.ibm.ws.webcontainer.osgi.webapp.WebGroup@23d75029
      name = "ChefServer"
      isAlive = true
      subElements = null
      attributes = class java.util.Collections$SynchronizedMap@5d2c98bd
      config = null
      serialVersionUID = -8271459000149267764
      $$$tc$$$ = class com.ibm.websphere.ras.TraceComponent@342a2627
    target = null
    cacheWrappers = null
    targetLoader = class com.ibm.ws.classloading.internal.ThreadContextClassLoader@1a6f3bf2
    evtSource = class com.ibm.ws.webcontainer.webapp.WebAppEventSource@9cfda73
      _invocationListeners = class com.ibm.ws.webcontainer.util.EventListeners@67eb6041
      _servletListeners = class com.ibm.ws.webcontainer.util.EventListeners@50e5b5d4
      _errorListeners = class com.ibm.ws.webcontainer.util.EventListeners@68d838c4
      _applicationListeners = class com.ibm.ws.webcontainer.util.EventListeners@1e98b748
      _filterInvocationListeners = class com.ibm.ws.webcontainer.util.EventListeners@22cd25b2
      _filterListeners = class com.ibm.ws.webcontainer.util.EventListeners@5f7b7f2a
      _filterErrorListeners = class com.ibm.ws.webcontainer.util.EventListeners@764c6219
    event = null
    unavailableMessage = null
    unavailableUntil = -1
    isSTM = false
    internalServlet = false
    webAppInvocationCollaborators = null
    platformHelper = class com.ibm.ws.webcontainer.PlatformHelper@f3f378a
    webAppNameSpaceCollab = class com.ibm.ws.webcontainer.osgi.collaborator.WebAppNameSpaceCollaboratorImpl@7aa32d3b
      cmdai = class com.ibm.ws.threadContext.ComponentMetaDataAccessorImpl@1bb99a26
    txCollab = class com.ibm.ws.transaction.services.WebAppTransactionCollaboratorImpl@3242e07d
      tc = class com.ibm.websphere.ras.TraceComponent@3c109c73
      ltCurrentRef = class com.ibm.wsspi.kernel.service.utils.AtomicServiceReference@2d35a96f
      tranMgrRef = class com.ibm.wsspi.kernel.service.utils.AtomicServiceReference@669ee9ce
      userTranRef = class com.ibm.wsspi.kernel.service.utils.AtomicServiceReference@62185818
      uowCallbackRef = class com.ibm.wsspi.kernel.service.utils.AtomicServiceReference@77d1b2e8
      serialVersionUID = -8319003162899973281
    connCollab = class com.ibm.ws.webcontainer.collaborator.ConnectionCollaborator@45a9b804
    suppressServletExceptionLogging = false
    throwExceptionEnum = class java.util.RegularEnumSet@335c445c
      serialVersionUID = 3411599620347842686
      elements = 256
      elementType = class java.lang.Class@206e01d0
      universe = class com.ibm.wsspi.webcontainer.collaborator.CollaboratorInvocationEnum[9]
      ZERO_LENGTH_ENUM_ARRAY = class java.lang.Enum[0]
      MAX_ARRAY_SIZE = 2147483639
    discernUnavailableServlet = false
    reInitServletonInitUnavailableException = true
    destroyServletonServiceUnavailableException = false
    servlet23 = true
    PARAMS_HEAD_TRACE = class java.lang.Class[2]
      PARAMS_HEAD_TRACE[0] = class java.lang.Class@2c1f85ca
      PARAMS_HEAD_TRACE[1] = class java.lang.Class@3d3a8717
    defaultHeadMethodInUse = false
    defaultTraceMethodInUse = false
    checkedForDefaultMethods = null
    defaultTraceRequestBehavior = false
    defaultHeadRequestBehavior = false
    useOriginalRequestState = false
    warningStatusSet = false
    LSTRING_FILE = "javax.servlet.LocalStrings"
    lStrings = class java.util.PropertyResourceBundle@7d70d1bc
      lookup = class java.util.HashMap@112699ae
      INITIAL_CACHE_SIZE = 32
      NONEXISTENT_BUNDLE = class java.util.ResourceBundle$1@28ac4a95
      cacheList = class java.util.concurrent.ConcurrentHashMap@1bdc16a5
      referenceQueue = class java.lang.ref.ReferenceQueue@3e920799
      parent = null
      locale = class java.util.Locale@4453fc19
      name = "javax.servlet.LocalStrings"
      expired = false
      cacheKey = class java.util.ResourceBundle$CacheKey@ee1fee4
      keySet = null
      providers = null
      $assertionsDisabled = true
    config = null

