------Start of DE processing------ = [10/30/16 1:00:42:038 CST]
Exception = java.lang.ClassNotFoundException
Source = com.ibm.ws.webcontainer.servlet.ServletWrapper.loadServlet
probeid = 208
Stack Dump = java.lang.ClassNotFoundException: org.glassfish.jersey.servlet.ServletContainer
	at com.ibm.ws.classloading.internal.UnifiedClassLoader.findClass(UnifiedClassLoader.java:120)
	at java.lang.ClassLoader.loadClass(Unknown Source)
	at com.ibm.ws.classloading.internal.UnifiedClassLoader.loadClass0(UnifiedClassLoader.java:108)
	at com.ibm.ws.classloading.internal.UnifiedClassLoader$Delegation.loadClass(UnifiedClassLoader.java:79)
	at com.ibm.ws.classloading.internal.UnifiedClassLoader.loadClass(UnifiedClassLoader.java:103)
	at com.ibm.ws.classloading.internal.ThreadContextClassLoader.loadClass(ThreadContextClassLoader.java:112)
	at java.lang.ClassLoader.loadClass(Unknown Source)
	at com.ibm.ws.webcontainer.servlet.ServletWrapper$1.run(ServletWrapper.java:1569)
	at java.security.AccessController.doPrivileged(Native Method)
	at com.ibm.ws.webcontainer.servlet.ServletWrapper.loadServlet(ServletWrapper.java:1538)
	at com.ibm.ws.webcontainer.servlet.ServletWrapper.loadOnStartupCheck(ServletWrapper.java:1416)
	at com.ibm.ws.webcontainer.webapp.WebApp.doLoadOnStartupActions(WebApp.java:1180)
	at com.ibm.ws.webcontainer.webapp.WebApp.commonInitializationFinally(WebApp.java:1148)
	at com.ibm.ws.webcontainer.webapp.WebApp.initialize(WebApp.java:1057)
	at com.ibm.ws.webcontainer.webapp.WebApp.initialize(WebApp.java:6545)
	at com.ibm.ws.webcontainer.osgi.DynamicVirtualHost.startWebApp(DynamicVirtualHost.java:466)
	at com.ibm.ws.webcontainer.osgi.DynamicVirtualHost.createRunnableHandler(DynamicVirtualHost.java:264)
	at com.ibm.ws.webcontainer.osgi.DynamicVirtualHost.createRunnableHandler(DynamicVirtualHost.java:329)
	at com.ibm.ws.http.internal.VirtualHostImpl.discriminate(VirtualHostImpl.java:251)
	at com.ibm.ws.http.dispatcher.internal.channel.HttpDispatcherLink.ready(HttpDispatcherLink.java:301)
	at com.ibm.ws.http.channel.internal.inbound.HttpInboundLink.handleDiscrimination(HttpInboundLink.java:471)
	at com.ibm.ws.http.channel.internal.inbound.HttpInboundLink.handleNewRequest(HttpInboundLink.java:405)
	at com.ibm.ws.http.channel.internal.inbound.HttpInboundLink.processRequest(HttpInboundLink.java:285)
	at com.ibm.ws.http.channel.internal.inbound.HttpInboundLink.ready(HttpInboundLink.java:256)
	at com.ibm.ws.tcpchannel.internal.NewConnectionInitialReadCallback.sendToDiscriminators(NewConnectionInitialReadCallback.java:174)
	at com.ibm.ws.tcpchannel.internal.NewConnectionInitialReadCallback.complete(NewConnectionInitialReadCallback.java:83)
	at com.ibm.ws.tcpchannel.internal.WorkQueueManager.requestComplete(WorkQueueManager.java:504)
	at com.ibm.ws.tcpchannel.internal.WorkQueueManager.attemptIO(WorkQueueManager.java:574)
	at com.ibm.ws.tcpchannel.internal.WorkQueueManager.workerRun(WorkQueueManager.java:929)
	at com.ibm.ws.tcpchannel.internal.WorkQueueManager$Worker.run(WorkQueueManager.java:1018)
	at java.util.concurrent.ThreadPoolExecutor.runWorker(Unknown Source)
	at java.util.concurrent.ThreadPoolExecutor$Worker.run(Unknown Source)
	at java.lang.Thread.run(Unknown Source)

Dump of callerThis
Object type = com.ibm.ws.webcontainer.servlet.ServletWrapper$1
  val$className = "org.glassfish.jersey.servlet.ServletContainer"
  val$servletClass = null
  val$loader = class com.ibm.ws.classloading.internal.ThreadContextClassLoader@2e9f0d94
    tc = class com.ibm.websphere.ras.TraceComponent@80631f5
      strings[0] = "TraceComponent[com.ibm.ws.classloading.internal.ThreadContextClassLoader,class com.ibm.ws.classloading.internal.ThreadContextClassLoader,[ClassLoadingService],com.ibm.ws.classloading.internal.resources.ClassLoadingServiceMessages,null]"
    bundle = class java.util.concurrent.atomic.AtomicReference@6bde1af9
      serialVersionUID = -1848883965231344442
      unsafe = class sun.misc.Unsafe@22e47b87
      valueOffset = 12
      value = class org.eclipse.osgi.internal.framework.EquinoxBundle@107b06ae
    key = "WebModule:ChefServer#ChefServer.war"
    refCount = class java.util.concurrent.atomic.AtomicInteger@61b152d7
      serialVersionUID = 6214790243416807050
      unsafe = class sun.misc.Unsafe@22e47b87
      valueOffset = 12
      value = 3
      serialVersionUID = -8742448824652078965
    appLoader = class com.ibm.ws.classloading.internal.AppClassLoader@10122472
      tc = class com.ibm.websphere.ras.TraceComponent@5a778f9
      PARENT_FIRST_SEARCH_ORDER = class java.util.Collections$UnmodifiableRandomAccessList@429d8599
      CLASS_LOADING_TRACE_PREFIX = "com.ibm.ws.class.load."
      DEFAULT_PACKAGE = "default.package"
      perPackageClassLoadingTraceComponents = class java.util.concurrent.ConcurrentHashMap@2b7008f3
      config = class com.ibm.ws.classloading.internal.ClassLoaderConfigurationImpl@47b28a3f
      privateLibraries = null
      delegateLoaders = class com.ibm.ws.classloading.internal.util.CompositeIterable@56ca8ae5
      nativeLibraryFiles = class java.util.ArrayList@78d57ce8
      transformers = class java.util.ArrayList@5349c491
      apiAccess = class com.ibm.ws.classloading.internal.GatewayClassLoader@53cab98e
      generator = class com.ibm.ws.classloading.internal.ClassGeneratorManager@795fb5
      protectionDomains = class java.util.concurrent.ConcurrentHashMap@2e670fd
      parent = class com.ibm.ws.classloading.internal.GatewayClassLoader@53cab98e
      serialVersionUID = 960221346174702086
      tc = class com.ibm.websphere.ras.TraceComponent@668402f7
      EMPTY_URL_ARRAY = class java.net.URL[0]
      smartClassPath = class com.ibm.ws.classloading.internal.ContainerClassLoader$SmartClassPathImpl@4cf75598
      nativeLibraryContainers = class java.util.ArrayList@6393f44
      redefiner = class com.ibm.ws.classloading.internal.util.ClassRedefiner@37e9d6e6
      mapCreationQueue = class java.util.concurrent.Executors$FinalizableDelegatedExecutorService@5df7e2a8
      serialVersionUID = 7249739282446266343
      serialVersionUID = -7411549862368381758
      $$$tc$$$ = class com.ibm.websphere.ras.TraceComponent@cd419c8
      serialVersionUID = -4868702105808481416
      $$$tc$$$ = class com.ibm.websphere.ras.TraceComponent@19f51a59
      serialVersionUID = 2596921220292114344
      $$$tc$$$ = class com.ibm.websphere.ras.TraceComponent@40d2209d
      initialized = true
      pdcache = class java.util.HashMap@6456fe3b
      debug = null
      parent = class com.ibm.ws.classloading.internal.GatewayClassLoader@53cab98e
      parallelLockMap = null
      package2certs = class java.util.Hashtable@1d715ab1
      nocerts = class java.security.cert.Certificate[0]
      classes = class java.util.Vector@7ff10915
      defaultDomain = class java.security.ProtectionDomain@5e99b1f
      domains = class java.util.HashSet@561d0abf
      packages = class java.util.HashMap@41ae661f
      scl = class sun.misc.Launcher$AppClassLoader@18b4aac2
      sclSet = true
      loadedLibraryNames = class java.util.Vector@32a14442
      systemNativeLibraries = class java.util.Vector@6031c76
      nativeLibraries = class java.util.Vector@3660669e
      nativeLibraryContext = class java.util.Stack@35d13e36
      usr_paths = class java.lang.String[20]
      sys_paths = class java.lang.String[1]
      assertionLock = class com.ibm.ws.classloading.internal.AppClassLoader@10122472
      defaultAssertionStatus = false
      packageAssertionStatus = null
      classAssertionStatus = null
    serialVersionUID = 7093379526360135425
    followOnClassLoaders = class java.util.ArrayList@7851751e
      serialVersionUID = 8683452581122892189
      DEFAULT_CAPACITY = 10
      EMPTY_ELEMENTDATA = class java.lang.Object[0]
      DEFAULTCAPACITY_EMPTY_ELEMENTDATA = class java.lang.Object[0]
      elementData = class java.lang.Object[10]
      size = 1
      MAX_ARRAY_SIZE = 2147483639
      modCount = 1
      MAX_ARRAY_SIZE = 2147483639
    serialVersionUID = -5107316606107305512
    $$$tc$$$ = class com.ibm.websphere.ras.TraceComponent@ce92ddd
      strings[0] = "TraceComponent[com.ibm.ws.classloading.internal.UnifiedClassLoader,class com.ibm.ws.classloading.internal.UnifiedClassLoader,[ClassLoadingService],com.ibm.ws.classloading.internal.resources.ClassLoadingServiceMessages,null]"
    serialVersionUID = -4868702105808481416
    $$$tc$$$ = class com.ibm.websphere.ras.TraceComponent@19f51a59
      strings[0] = "TraceComponent[com.ibm.ws.classloading.internal.LibertyLoader,class com.ibm.ws.classloading.internal.LibertyLoader,[ClassLoadingService],com.ibm.ws.classloading.internal.resources.ClassLoadingServiceMessages,null]"
    serialVersionUID = 2596921220292114344
    $$$tc$$$ = class com.ibm.websphere.ras.TraceComponent@40d2209d
      strings[0] = "TraceComponent[com.ibm.ws.classloading.LibertyClassLoader,class com.ibm.ws.classloading.LibertyClassLoader,[ClassLoadingService],com.ibm.ws.classloading.internal.resources.ClassLoadingServiceMessages,null]"
    initialized = true
    pdcache = class java.util.HashMap@5292de0b
      serialVersionUID = 362498820763181265
      DEFAULT_INITIAL_CAPACITY = 16
      MAXIMUM_CAPACITY = 1073741824
      DEFAULT_LOAD_FACTOR = 0.75
      TREEIFY_THRESHOLD = 8
      UNTREEIFY_THRESHOLD = 6
      MIN_TREEIFY_CAPACITY = 64
      table = null
      entrySet = null
      size = 0
      modCount = 0
      threshold = 16
      loadFactor = 0.75
      keySet = null
      values = null
    debug = null
    parent = class com.ibm.ws.classloading.internal.GatewayClassLoader@5417b3ec
      config = class com.ibm.ws.classloading.internal.GatewayConfigurationImpl@3cbc2242
      wiringMonitor = class com.ibm.ws.classloading.internal.GatewayClassLoader$1@305d013d
      bundle = class org.eclipse.osgi.internal.framework.EquinoxBundle@107b06ae
      wiring = class org.eclipse.osgi.container.ModuleWiring@63a56b8d
      bundleLoader = class org.eclipse.osgi.internal.loader.EquinoxClassLoader@3b9d2849
      resourceProviders = class com.ibm.ws.classloading.internal.CompositeResourceProvider@666ea34a
      serialVersionUID = -4256474098847905153
      $$$tc$$$ = class com.ibm.websphere.ras.TraceComponent@6ff10f19
      parent = class sun.misc.Launcher$AppClassLoader@18b4aac2
      parallelLockMap = null
      package2certs = class java.util.Hashtable@3ee20253
      nocerts = class java.security.cert.Certificate[0]
      classes = class java.util.Vector@76d3ff01
      defaultDomain = class java.security.ProtectionDomain@245e5ef2
      domains = class java.util.HashSet@37b9cdc0
      packages = class java.util.HashMap@1967a1fe
      scl = class sun.misc.Launcher$AppClassLoader@18b4aac2
      sclSet = true
      loadedLibraryNames = class java.util.Vector@32a14442
      systemNativeLibraries = class java.util.Vector@6031c76
      nativeLibraries = class java.util.Vector@70257e24
      nativeLibraryContext = class java.util.Stack@35d13e36
      usr_paths = class java.lang.String[20]
      sys_paths = class java.lang.String[1]
      assertionLock = class com.ibm.ws.classloading.internal.GatewayClassLoader@5417b3ec
      defaultAssertionStatus = false
      packageAssertionStatus = null
      classAssertionStatus = null
    parallelLockMap = null
    package2certs = class java.util.Hashtable@2198b8c2
      table = class java.util.Hashtable$Entry[11]
      count = 0
      threshold = 8
      loadFactor = 0.75
      modCount = 0
      serialVersionUID = 1421746759512286392
      MAX_ARRAY_SIZE = 2147483639
      keySet = null
      entrySet = null
      values = null
      KEYS = 0
      VALUES = 1
      ENTRIES = 2
    nocerts = class java.security.cert.Certificate[0]
    classes = class java.util.Vector@5fac2f97
      elementData = class java.lang.Object[10]
      elementCount = 0
      capacityIncrement = 0
      serialVersionUID = -2767605614048989439
      MAX_ARRAY_SIZE = 2147483639
      modCount = 0
      MAX_ARRAY_SIZE = 2147483639
    defaultDomain = class java.security.ProtectionDomain@2c5318b8
      codesource = class java.security.CodeSource@451eac0c
      classloader = class com.ibm.ws.classloading.internal.ThreadContextClassLoader@2e9f0d94
      principals = interface java.security.Principal[0]
      permissions = null
      hasAllPerm = false
      staticPermissions = false
      key = class java.security.ProtectionDomain$Key@73f3aaf7
      debug = null
    domains = class java.util.HashSet@6875e9bf
      serialVersionUID = -5024744406713321676
      map = class java.util.HashMap@25afa993
      PRESENT = class java.lang.Object@2e019e11
      MAX_ARRAY_SIZE = 2147483639
    packages = class java.util.HashMap@ccf02db
      serialVersionUID = 362498820763181265
      DEFAULT_INITIAL_CAPACITY = 16
      MAXIMUM_CAPACITY = 1073741824
      DEFAULT_LOAD_FACTOR = 0.75
      TREEIFY_THRESHOLD = 8
      UNTREEIFY_THRESHOLD = 6
      MIN_TREEIFY_CAPACITY = 64
      table = null
      entrySet = null
      size = 0
      modCount = 0
      threshold = 0
      loadFactor = 0.75
      keySet = null
      values = null
    scl = class sun.misc.Launcher$AppClassLoader@18b4aac2
      ucp = class sun.misc.URLClassPath@782245a8
      $assertionsDisabled = true
      ucp = class sun.misc.URLClassPath@782245a8
      acc = class java.security.AccessControlContext@5ca33803
      closeables = class java.util.WeakHashMap@46dcef16
      initialized = true
      pdcache = class java.util.HashMap@2d26b0bf
      debug = null
      parent = class sun.misc.Launcher$ExtClassLoader@5b37e0d2
      parallelLockMap = class java.util.concurrent.ConcurrentHashMap@4743bfb6
      package2certs = class java.util.concurrent.ConcurrentHashMap@2e5f47d
      nocerts = class java.security.cert.Certificate[0]
      classes = class java.util.Vector@23e01f68
      defaultDomain = class java.security.ProtectionDomain@3b5bf0e3
      domains = class java.util.Collections$SynchronizedSet@61bf4631
      packages = class java.util.HashMap@4c541067
      scl = class sun.misc.Launcher$AppClassLoader@18b4aac2
      sclSet = true
      loadedLibraryNames = class java.util.Vector@32a14442
      systemNativeLibraries = class java.util.Vector@6031c76
      nativeLibraries = class java.util.Vector@6f6c4dda
      nativeLibraryContext = class java.util.Stack@35d13e36
      usr_paths = class java.lang.String[20]
      sys_paths = class java.lang.String[1]
      assertionLock = class java.lang.Object@b54643c
      defaultAssertionStatus = false
      packageAssertionStatus = null
      classAssertionStatus = null
    sclSet = true
    loadedLibraryNames = class java.util.Vector@32a14442
      elementData = class java.lang.Object[10]
      elementCount = 8
      capacityIncrement = 0
      serialVersionUID = -2767605614048989439
      MAX_ARRAY_SIZE = 2147483639
      modCount = 8
      MAX_ARRAY_SIZE = 2147483639
    systemNativeLibraries = class java.util.Vector@6031c76
      elementData = class java.lang.Object[10]
      elementCount = 6
      capacityIncrement = 0
      serialVersionUID = -2767605614048989439
      MAX_ARRAY_SIZE = 2147483639
      modCount = 6
      MAX_ARRAY_SIZE = 2147483639
    nativeLibraries = class java.util.Vector@417c2518
      elementData = class java.lang.Object[10]
      elementCount = 0
      capacityIncrement = 0
      serialVersionUID = -2767605614048989439
      MAX_ARRAY_SIZE = 2147483639
      modCount = 0
      MAX_ARRAY_SIZE = 2147483639
    nativeLibraryContext = class java.util.Stack@35d13e36
      serialVersionUID = 1224463164541339165
      elementData = class java.lang.Object[10]
      elementCount = 0
      capacityIncrement = 0
      serialVersionUID = -2767605614048989439
      MAX_ARRAY_SIZE = 2147483639
      modCount = 16
      MAX_ARRAY_SIZE = 2147483639
    usr_paths = class java.lang.String[20]
      usr_paths[0] = "C:\Program Files\Java\jre1.8.0_111\bin"
      usr_paths[1] = "C:\WINDOWS\Sun\Java\bin"
      usr_paths[2] = "C:\WINDOWS\system32"
      usr_paths[3] = "C:\WINDOWS"
      usr_paths[4] = "C:/Program Files/Java/jre1.8.0_111/bin/server"
      usr_paths[5] = "C:/Program Files/Java/jre1.8.0_111/bin"
      usr_paths[6] = "C:/Program Files/Java/jre1.8.0_111/lib/amd64"
      usr_paths[7] = "C:\ProgramData\Oracle\Java\javapath"
      usr_paths[8] = "C:\WINDOWS\system32"
      usr_paths[9] = "C:\WINDOWS"
      usr_paths[10] = "C:\WINDOWS\System32\Wbem"
      usr_paths[11] = "C:\WINDOWS\System32\WindowsPowerShell\v1.0\"
      usr_paths[12] = "C:\Program Files (x86)\NVIDIA Corporation\PhysX\Common"
      usr_paths[13] = "C:\Program Files (x86)\Skype\Phone\"
      usr_paths[14] = "C:\Program Files\Git\cmd"
      usr_paths[15] = "C:\Users\manol\AppData\Local\Microsoft\WindowsApps"
      usr_paths[16] = "."
      usr_paths[17] = "C:\WINDOWS\System32"
      usr_paths[18] = "."
      usr_paths[19] = "."
    sys_paths = class java.lang.String[1]
      sys_paths[0] = "C:\Program Files\Java\jre1.8.0_111\bin"
    assertionLock = class com.ibm.ws.classloading.internal.ThreadContextClassLoader@2e9f0d94
    defaultAssertionStatus = false
    packageAssertionStatus = null
    classAssertionStatus = null
  val$servletName = "Jersey Web Application"
  this$0 = class com.ibm.ws.webcontainer.osgi.servlet.ServletWrapper@26e09e1f
    serialVersionUID = 1
    _mo = null
    serialVersionUID = -4479626085298397598
    notifyInvocationListeners = false
    UNINITIALIZED_STATE = -1
    AVAILABLE_STATE = 0
    UNAVAILABLE_STATE = 1
    UNAVAILABLE_PERMANENTLY_STATE = 2
    collabHelper = class com.ibm.ws.webcontainer.osgi.collaborator.CollaboratorHelperImpl@505d346e
      webAppInvCollabs = class java.util.Collections$UnmodifiableSet@242ea6e0
      securityDomainForApp = null
      logger = class com.ibm.ws.logging.internal.WsLogger@38c22b28
      staticDefaultSecurityCollaborator = class com.ibm.ws.webcontainer.collaborator.WebAppSecurityCollaborator@15d089a0
      logger = class com.ibm.ws.logging.internal.WsLogger@709a97f8
      CLASS_NAME = "com.ibm.wsspi.webcontainer.collaborator.CollaboratorHelper"
      webApp = class com.ibm.ws.webcontainer31.osgi.webapp.WebApp31@2baa5653
      securityCollaborator = null
      nameSpaceCollaborator = class com.ibm.ws.webcontainer.osgi.collaborator.WebAppNameSpaceCollaboratorImpl@258cb74b
      transactionCollaborator = class com.ibm.ws.transaction.services.WebAppTransactionCollaboratorImpl@3cc3b9e7
      connectionCollaborator = class com.ibm.ws.webcontainer.collaborator.ConnectionCollaborator@5ce4d065
      allCollabEnum = class java.util.RegularEnumSet@59a869a8
      servlet_23_or_greater = true
      DEFER_SERVLET_REQUEST_LISTENER_DESTROY_ON_ERROR = false
    nServicing = class java.util.concurrent.atomic.AtomicInteger@3a8696ca
      serialVersionUID = 6214790243416807050
      unsafe = class sun.misc.Unsafe@22e47b87
      valueOffset = 12
      value = 0
      serialVersionUID = -8742448824652078965
    lastAccessTime = 1477810841920
    state = -1
    logger = class com.ibm.ws.logging.internal.WsLogger@6b684f07
      tc = class com.ibm.websphere.ras.TraceComponent@58dd6495
      ivCachedResourceBundleName = null
      ivCachedResourceBundle = null
      ivComponent = null
      ivOrganization = null
      ivProduct = null
      ivMinimumLocalizationLevelIntValue = 625
      ivTC = class com.ibm.websphere.ras.TraceComponent@7c14bb19
      loggerRegistrationComponent = class java.lang.ThreadLocal@36ed0a61
      emptyHandlers = class java.util.logging.Handler[0]
      offValue = 2147483647
      SYSTEM_LOGGER_RB_NAME = "sun.util.logging.resources.logging"
      SYSTEM_BUNDLE = class java.util.logging.Logger$LoggerBundle@26f22684
      NO_RESOURCE_BUNDLE = class java.util.logging.Logger$LoggerBundle@3bb05f36
      manager = class com.ibm.ws.kernel.boot.logging.WsLogManager@6550f423
      name = "com.ibm.ws.webcontainer.servlet"
      handlers = class java.util.concurrent.CopyOnWriteArrayList@252481b9
      loggerBundle = class java.util.logging.Logger$LoggerBundle@1255559f
      useParentHandlers = true
      filter = null
      anonymous = false
      catalog = class com.ibm.ws.webcontainer.resources.Messages_es@2b25f10c
      catalogName = "com.ibm.ws.webcontainer.resources.Messages"
      catalogLocale = class java.util.Locale@49b6e9a7
      treeLock = class java.lang.Object@481e8061
      parent = class com.ibm.ws.logging.internal.WsLogger@705fcd50
      kids = null
      levelObject = class java.util.logging.Level@74f6ffc6
      levelValue = 800
      callersClassLoaderRef = class java.lang.ref.WeakReference@af3db2e
      isSystemLogger = false
      GLOBAL_LOGGER_NAME = "global"
      global = class java.util.logging.Logger@7ba2f15a
      $assertionsDisabled = true
    CLASS_NAME = "com.ibm.ws.webcontainer.servlet.ServletWrapper"
    nls = class com.ibm.ejs.ras.TraceNLS@26377a2d
      resolver = class com.ibm.ws.logging.internal.TraceNLSResolver@7f22718b
      finder = class com.ibm.ws.logging.internal.StackFinder@923094d
      ivBundleName = "com.ibm.ws.webcontainer.resources.Messages"
      caller = class java.lang.Class@6385c2ed
    servletConfig = class com.ibm.ws.webcontainer.servlet.ServletConfig@1f70d4c1
      logger = class com.ibm.ws.logging.internal.WsLogger@6b684f07
      CLASS_NAME = "com.ibm.ws.webcontainer.servlet.ServletConfig"
      nls = class com.ibm.ejs.ras.TraceNLS@56c0ee80
      liberty_nls = class com.ibm.ejs.ras.TraceNLS@5a2d32c4
      enabled = true
      servletName = "Jersey Web Application"
      className = "org.glassfish.jersey.servlet.ServletContainer"
      mappings = class java.util.ArrayList@279c8eac
      startUpWeight = 1
      DEFAULT_STARTUP = -1
      isCachingEnabled = true
      isStatisticsEnabled = true
      isInternal = false
      metaData = class com.ibm.ws.webcontainer.osgi.metadata.WebComponentMetaDataImpl@3a8023cc
      singleThreadModelServlet = false
      isJsp = false
      webAppConfig = class com.ibm.ws.webcontainer.osgi.webapp.WebAppConfiguration@6b656ef2
      servletWrapper = class com.ibm.ws.webcontainer.osgi.servlet.ServletWrapper@26e09e1f
      servletClass = null
      servlet = null
      addedToLoadOnStartup = true
      previousWeight = null
      multipartConfig = null
      multipartConfigBaseLocation = null
      runAsRole = null
      servletSecurityElement = null
      declareRolesAnnotation = null
      logger = class com.ibm.ws.logging.internal.WsLogger@6b684f07
      CLASS_NAME = "com.ibm.ws.webcontainer.servlet.TargetConfig"
      initParams = class java.util.HashMap@1bc7c617
      fileName = null
      displayName = null
      name = "Jersey Web Application"
      description = null
      smallIcon = null
      largeIcon = null
      context = class com.ibm.ws.webcontainer31.facade.ServletContextFacade31@20e218e0
      className = null
      asyncSupported = false
      _id = "ServletGeneratedId1"
      _attributes = null
      serialVersionUID = 7511545662945734886
      $$$tc$$$ = class com.ibm.websphere.ras.TraceComponent@1a88bc0b
    context = class com.ibm.ws.webcontainer31.osgi.webapp.WebApp31@2baa5653
      tc = class com.ibm.websphere.ras.TraceComponent@ea82ec
      CLASS_NAME = "com.ibm.ws.webcontainer31.osgi.webapp.WebApp31"
      servlet31NLS = class com.ibm.ejs.ras.TraceNLS@7cfac8ee
      validListenerClasses = class java.lang.Class[7]
      wsocServHandler = class com.ibm.ws.wsoc.external.WsocHandlerImpl@59a8b7a0
      tc = class com.ibm.websphere.ras.TraceComponent@1d873c0e
      CLASS_NAME = "com.ibm.ws.webcontainer.osgi.webapp.WebApp"
      metaDataService = class com.ibm.ws.container.service.metadata.internal.MetaDataServiceImpl@6acaa00c
      namespacePopulated = false
      referenceContext = class com.ibm.ws.injectionengine.osgi.internal.OSGiReferenceContextImpl@6ee8f3ce
      j2eeNameFactory = class com.ibm.ws.container.service.metadata.internal.J2EENameFactoryImpl@3125619b
      moduleLoader = class com.ibm.ws.classloading.internal.AppClassLoader@10122472
      webAppConfig = class com.ibm.ws.webcontainer.osgi.webapp.WebAppConfiguration@6b656ef2
      extensionProcessingDisabled = false
      managedObjectService = class com.ibm.ws.cdi.impl.managedobject.CDIManagedObjectService@2dacd5a8
      GenPluginCfgMB = null
      internalServletMetaData = interface com.ibm.wsspi.webcontainer.metadata.WebComponentMetaData[2]
      loginProcessor = null
      logoutProcessor = null
      collabHelper = class com.ibm.ws.webcontainer.osgi.collaborator.CollaboratorHelperImpl@505d346e
      envObject = class com.ibm.ws.util.WSThreadLocal@750b34ce
      orderedLibPaths = class java.util.Collections$UnmodifiableRandomAccessList@790c4127
      perm = class com.ibm.websphere.security.WebSphereRuntimePermission@32feec6a
      WELCOME_FILE_LIST = "com.ibm.ws.webcontainer.config.WelcomeFileList"
      DIR_BROWSING_MAPPING = "__dirBrowsing__1477810840056"
      FILTER_PROXY_MAPPING = "/__filterProxy__1477810840056"
      logger = class com.ibm.ws.logging.internal.WsLogger@2f2ae121
      CLASS_NAME = "com.ibm.ws.webcontainer.webapp.WebApp"
      loader = class com.ibm.ws.classloading.internal.ThreadContextClassLoader@2e9f0d94
      facade = class com.ibm.ws.webcontainer31.facade.ServletContextFacade31@20e218e0
      features = class java.util.ArrayList@32b0d4e
      applicationName = "ChefServer"
      config = class com.ibm.ws.webcontainer.osgi.webapp.WebAppConfiguration@6b656ef2
      securityEnabledForApp = null
      webExtensionProcessor = class com.ibm.ws.webcontainer.osgi.extension.WebExtensionProcessor@18356175
      production = true
      isServlet23 = true
      contextPath = "/ChefServer"
      internalServletList = class [Ljava.lang.String;[2]
      BY_NAME_ONLY = "/_1477810840057_/"
      filterManager = null
      documentRoot = null
      SERVLET_API_VERSION = "Servlet 2.5"
      disableServletAuditLogging = -1
      serverInfo = "IBM WebSphere Liberty/16.0.0.3"
      sessionCtx = class com.ibm.ws.webcontainer31.session.impl.HttpSessionContext31Impl@253692c0
      eventSource = class com.ibm.ws.webcontainer.webapp.WebAppEventSource@114e2123
      nls = class com.ibm.ejs.ras.TraceNLS@7eacaa55
      liberty_nls = class com.ibm.ejs.ras.TraceNLS@4da1423c
      error_nls = class com.ibm.ejs.ras.TraceNLS@7a66d056
      sessionListeners = class java.util.ArrayList@6b57fd48
      sessionIdListeners = class java.util.ArrayList@70320c75
      sessionAttrListeners = class java.util.ArrayList@374500ed
      addedSessionListeners = class java.util.ArrayList@7b6d8233
      addedSessionAttrListeners = class java.util.ArrayList@2f049dab
      servletContextListeners = class java.util.ArrayList@4f356d9a
      servletContextLAttrListeners = class java.util.ArrayList@50684ef9
      servletRequestListeners = class java.util.ArrayList@478322dd
      servletRequestLAttrListeners = class java.util.ArrayList@4c611643
      prependSlashToResource = false
      destroyed = false
      webAppNameSpaceCollab = class com.ibm.ws.webcontainer.osgi.collaborator.WebAppNameSpaceCollaboratorImpl@258cb74b
      txCollab = class com.ibm.ws.transaction.services.WebAppTransactionCollaboratorImpl@3cc3b9e7
      sessionActivationListeners = class java.util.ArrayList@28dcebe8
      sessionBindingListeners = class java.util.ArrayList@3ad1778c
      scratchdir = null
      jspClassLoaderLimit = 0
      jspClassLoaderExclusionList = null
      jspClassLoadersMap = null
      jspClassLoaderLimitTrackIF = false
      defaultExtProc = null
      directoryBrowsingServlet = null
      cdiContexts = class java.util.concurrent.ConcurrentHashMap@649a2fc1
      moduleConfig = class com.ibm.ws.webcontainer.osgi.container.DeployedModule@208dee1f
      extensionFactories = class java.util.ArrayList@6fc1c24d
      initialized = false
      lock = class com.ibm.ws.webcontainer.webapp.WebApp$1@5e1da52e
      afterServletContextCreated = false
      redirectContextRoot = false
      errorExceptionTypeFirst = false
      initFilterBeforeServletInit = false
      sortedServletConfigs = class java.util.ArrayList@6bcc6d0b
      effectiveMajorVersion = 3
      effectiveMinorVersion = 1
      canAddServletContextListener = true
      withinContextInitOfProgAddListener = false
      lastProgAddListenerInitialized = "com.ibm.ws.cache.CacheServiceImpl"
      webInfLibClassloader = null
      metaInfCache = class com.ibm.ws.webcontainer.webapp.WebApp$2@247e8b7b
      useMetaInfCache = true
      SUN_CONFIGURE_LISTENER_CLASSNAME = "com.sun.faces.config.ConfigureListener"
      MYFACES_LIFECYCLE_LISTENER_CLASSNAME = "org.apache.myfaces.webapp.StartupServletContextListener"
      JSF_IMPL_ENABLED_PARAM = "com.ibm.ws.jsf.JSF_IMPL_ENABLED"
      JSF_IMPL_ENABLED_CUSTOM = "Custom"
      JSF_IMPL_ENABLED_NONE = "None"
      staticDocRoot = class com.ibm.ws.webcontainer.util.DocumentRootUtils@454cf613
      jspDocRoot = class com.ibm.ws.webcontainer.util.DocumentRootUtils@76cb0f41
      container = class com.ibm.ws.adaptable.module.internal.AdaptableContainerImpl@5c1aa0ae
      metaInfResourceFinder = class com.ibm.ws.webcontainer.util.MetaInfResourceFinder@7e6790a6
      postConstructMethods = class com.ibm.ws.webcontainer.webapp.WebApp$AnnotatedMethods@2e92e942
      preDestroyMethods = class com.ibm.ws.webcontainer.webapp.WebApp$AnnotatedMethods@ccc6eed
      OBJ_EMPTY = class java.lang.Object[0]
      CLASS_EMPTY = class java.lang.Class[0]
      DEFAULT_JSP_EXTENSIONS = class java.util.ArrayList@2253d932
      DEFER_SERVLET_REQUEST_LISTENER_DESTROY_ON_ERROR = false
      DO_ACCEPT_PARTIAL = true
      DO_NOT_ACCEPT_PARTIAL = false
      DO_ACCEPT_EXCLUDED = true
      DO_NOT_ACCEPT_EXCLUDED = false
      commands = class java.util.ArrayList@5912b2db
      requestMapper = class com.ibm.wsspi.webcontainer.util.URIMapper@36c60412
      parent = class com.ibm.ws.webcontainer.osgi.webapp.WebGroup@ae0d1b1
      name = "ChefServer"
      isAlive = true
      subElements = null
      attributes = class java.util.Collections$SynchronizedMap@3a5c478f
      config = null
      serialVersionUID = -8271459000149267764
      $$$tc$$$ = class com.ibm.websphere.ras.TraceComponent@110d33d7
    target = null
    cacheWrappers = null
    targetLoader = class com.ibm.ws.classloading.internal.ThreadContextClassLoader@2e9f0d94
    evtSource = class com.ibm.ws.webcontainer.webapp.WebAppEventSource@114e2123
      _invocationListeners = class com.ibm.ws.webcontainer.util.EventListeners@2e06e549
      _servletListeners = class com.ibm.ws.webcontainer.util.EventListeners@1e485249
      _errorListeners = class com.ibm.ws.webcontainer.util.EventListeners@7002e765
      _applicationListeners = class com.ibm.ws.webcontainer.util.EventListeners@212e2e84
      _filterInvocationListeners = class com.ibm.ws.webcontainer.util.EventListeners@381bab45
      _filterListeners = class com.ibm.ws.webcontainer.util.EventListeners@649d6c15
      _filterErrorListeners = class com.ibm.ws.webcontainer.util.EventListeners@343962c
    event = null
    unavailableMessage = null
    unavailableUntil = -1
    isSTM = false
    internalServlet = false
    webAppInvocationCollaborators = null
    platformHelper = class com.ibm.ws.webcontainer.PlatformHelper@3877447a
    webAppNameSpaceCollab = class com.ibm.ws.webcontainer.osgi.collaborator.WebAppNameSpaceCollaboratorImpl@258cb74b
      cmdai = class com.ibm.ws.threadContext.ComponentMetaDataAccessorImpl@46c52ff7
    txCollab = class com.ibm.ws.transaction.services.WebAppTransactionCollaboratorImpl@3cc3b9e7
      tc = class com.ibm.websphere.ras.TraceComponent@10523aca
      ltCurrentRef = class com.ibm.wsspi.kernel.service.utils.AtomicServiceReference@4623435c
      tranMgrRef = class com.ibm.wsspi.kernel.service.utils.AtomicServiceReference@781490e4
      userTranRef = class com.ibm.wsspi.kernel.service.utils.AtomicServiceReference@4d73ca61
      uowCallbackRef = class com.ibm.wsspi.kernel.service.utils.AtomicServiceReference@2aaf171c
      serialVersionUID = -8319003162899973281
    connCollab = class com.ibm.ws.webcontainer.collaborator.ConnectionCollaborator@5ce4d065
    suppressServletExceptionLogging = false
    throwExceptionEnum = class java.util.RegularEnumSet@5e320b17
      serialVersionUID = 3411599620347842686
      elements = 256
      elementType = class java.lang.Class@663f123b
      universe = class com.ibm.wsspi.webcontainer.collaborator.CollaboratorInvocationEnum[9]
      ZERO_LENGTH_ENUM_ARRAY = class java.lang.Enum[0]
      MAX_ARRAY_SIZE = 2147483639
    discernUnavailableServlet = false
    reInitServletonInitUnavailableException = true
    destroyServletonServiceUnavailableException = false
    servlet23 = true
    PARAMS_HEAD_TRACE = class java.lang.Class[2]
      PARAMS_HEAD_TRACE[0] = class java.lang.Class@56b94924
      PARAMS_HEAD_TRACE[1] = class java.lang.Class@736bda9a
    defaultHeadMethodInUse = false
    defaultTraceMethodInUse = false
    checkedForDefaultMethods = null
    defaultTraceRequestBehavior = false
    defaultHeadRequestBehavior = false
    useOriginalRequestState = false
    warningStatusSet = false
    LSTRING_FILE = "javax.servlet.LocalStrings"
    lStrings = class java.util.PropertyResourceBundle@4574dfbb
      lookup = class java.util.HashMap@36600136
      INITIAL_CACHE_SIZE = 32
      NONEXISTENT_BUNDLE = class java.util.ResourceBundle$1@30850125
      cacheList = class java.util.concurrent.ConcurrentHashMap@4cc00a98
      referenceQueue = class java.lang.ref.ReferenceQueue@7a9fcb87
      parent = null
      locale = class java.util.Locale@123ae86e
      name = "javax.servlet.LocalStrings"
      expired = false
      cacheKey = class java.util.ResourceBundle$CacheKey@aae4f25
      keySet = null
      providers = null
      $assertionsDisabled = true
    config = null

