------Start of DE processing------ = [10/30/16 0:58:00:776 CST]
Exception = com.ibm.ws.webcontainer.webapp.WebAppErrorReport
Source = com.ibm.ws.webcontainer.filter.WebAppFilterChain.doFilter
probeid = 82
Stack Dump = com.ibm.ws.webcontainer.webapp.WebAppErrorReport: javax.servlet.UnavailableException: SRVE0200E: Servlet [org.glassfish.jersey.servlet.ServletContainer]: No se ha encontrado la clase necesaria - org.glassfish.jersey.servlet.ServletContainer
	at com.ibm.ws.webcontainer.webapp.WebAppErrorReport.constructErrorReport(WebAppErrorReport.java:153)
	at com.ibm.ws.webcontainer.webapp.WebAppErrorReport.constructErrorReport(WebAppErrorReport.java:194)
	at com.ibm.ws.webcontainer.servlet.ServletWrapper.handleRequest(ServletWrapper.java:552)
	at com.ibm.ws.webcontainer.servlet.ServletWrapper.handleRequest(ServletWrapper.java:475)
	at com.ibm.ws.webcontainer.filter.WebAppFilterChain.invokeTarget(WebAppFilterChain.java:148)
	at com.ibm.ws.webcontainer.filter.WebAppFilterChain.doFilter(WebAppFilterChain.java:94)
	at com.ibm.ws.security.jaspi.JaspiServletFilter.doFilter(JaspiServletFilter.java:57)
	at com.ibm.ws.webcontainer.filter.FilterInstanceWrapper.doFilter(FilterInstanceWrapper.java:207)
	at com.ibm.ws.webcontainer.filter.WebAppFilterChain.doFilter(WebAppFilterChain.java:91)
	at com.ibm.ws.webcontainer.filter.WebAppFilterManager.doFilter(WebAppFilterManager.java:1021)
	at com.ibm.ws.webcontainer.filter.WebAppFilterManager.invokeFilters(WebAppFilterManager.java:1143)
	at com.ibm.ws.webcontainer.webapp.WebApp.handleRequest(WebApp.java:4939)
	at com.ibm.ws.webcontainer31.osgi.webapp.WebApp31.handleRequest(WebApp31.java:525)
	at com.ibm.ws.webcontainer.osgi.DynamicVirtualHost$2.handleRequest(DynamicVirtualHost.java:313)
	at com.ibm.ws.webcontainer.WebContainer.handleRequest(WebContainer.java:1007)
	at com.ibm.ws.webcontainer.osgi.DynamicVirtualHost$2.run(DynamicVirtualHost.java:278)
	at com.ibm.ws.http.dispatcher.internal.channel.HttpDispatcherLink$TaskWrapper.run(HttpDispatcherLink.java:967)
	at com.ibm.ws.http.dispatcher.internal.channel.HttpDispatcherLink.wrapHandlerAndExecute(HttpDispatcherLink.java:359)
	at com.ibm.ws.http.dispatcher.internal.channel.HttpDispatcherLink.ready(HttpDispatcherLink.java:318)
	at com.ibm.ws.http.channel.internal.inbound.HttpInboundLink.handleDiscrimination(HttpInboundLink.java:471)
	at com.ibm.ws.http.channel.internal.inbound.HttpInboundLink.handleNewRequest(HttpInboundLink.java:405)
	at com.ibm.ws.http.channel.internal.inbound.HttpInboundLink.processRequest(HttpInboundLink.java:285)
	at com.ibm.ws.http.channel.internal.inbound.HttpInboundLink.ready(HttpInboundLink.java:256)
	at com.ibm.ws.tcpchannel.internal.NewConnectionInitialReadCallback.sendToDiscriminators(NewConnectionInitialReadCallback.java:174)
	at com.ibm.ws.tcpchannel.internal.NewConnectionInitialReadCallback.complete(NewConnectionInitialReadCallback.java:83)
	at com.ibm.ws.tcpchannel.internal.WorkQueueManager.requestComplete(WorkQueueManager.java:504)
	at com.ibm.ws.tcpchannel.internal.WorkQueueManager.attemptIO(WorkQueueManager.java:574)
	at com.ibm.ws.tcpchannel.internal.WorkQueueManager.workerRun(WorkQueueManager.java:929)
	at com.ibm.ws.tcpchannel.internal.WorkQueueManager$Worker.run(WorkQueueManager.java:1018)
	at java.util.concurrent.ThreadPoolExecutor.runWorker(Unknown Source)
	at java.util.concurrent.ThreadPoolExecutor$Worker.run(Unknown Source)
	at java.lang.Thread.run(Unknown Source)
Caused by: javax.servlet.UnavailableException: SRVE0200E: Servlet [org.glassfish.jersey.servlet.ServletContainer]: No se ha encontrado la clase necesaria - org.glassfish.jersey.servlet.ServletContainer
	at com.ibm.ws.webcontainer.servlet.ServletWrapper.handleRequest(ServletWrapper.java:549)
	... 29 more

Dump of callerThis
Object type = com.ibm.ws.webcontainer.filter.WebAppFilterChain
  _filters = class java.util.ArrayList@6d031d89
    serialVersionUID = 8683452581122892189
    DEFAULT_CAPACITY = 10
    EMPTY_ELEMENTDATA = class java.lang.Object[0]
    DEFAULTCAPACITY_EMPTY_ELEMENTDATA = class java.lang.Object[0]
    elementData = class java.lang.Object[5]
      elementData[0] = class com.ibm.ws.webcontainer.filter.FilterInstanceWrapper@69a2cf8
      elementData[1] = null
      elementData[2] = null
      elementData[3] = null
      elementData[4] = null
    size = 1
    MAX_ARRAY_SIZE = 2147483639
    modCount = 1
    MAX_ARRAY_SIZE = 2147483639
  _currentFilterIndex = 1
  _numberOfFilters = 1
  requestProcessor = class com.ibm.ws.webcontainer.osgi.servlet.ServletWrapper@4541d2d2
    serialVersionUID = 1
    _mo = null
    serialVersionUID = -4479626085298397598
    notifyInvocationListeners = false
    UNINITIALIZED_STATE = -1
    AVAILABLE_STATE = 0
    UNAVAILABLE_STATE = 1
    UNAVAILABLE_PERMANENTLY_STATE = 2
    collabHelper = class com.ibm.ws.webcontainer.osgi.collaborator.CollaboratorHelperImpl@b5ff8b9
      webAppInvCollabs = class java.util.Collections$UnmodifiableSet@a0b12c1
      securityDomainForApp = null
      logger = class com.ibm.ws.logging.internal.WsLogger@20a557ed
      staticDefaultSecurityCollaborator = class com.ibm.ws.webcontainer.collaborator.WebAppSecurityCollaborator@5361a4e2
      logger = class com.ibm.ws.logging.internal.WsLogger@2e7d4b1a
      CLASS_NAME = "com.ibm.wsspi.webcontainer.collaborator.CollaboratorHelper"
      webApp = class com.ibm.ws.webcontainer31.osgi.webapp.WebApp31@603d7665
      securityCollaborator = class com.ibm.ws.webcontainer.security.WebAppSecurityCollaboratorImpl@1d3f91ad
      nameSpaceCollaborator = class com.ibm.ws.webcontainer.osgi.collaborator.WebAppNameSpaceCollaboratorImpl@6e2ce175
      transactionCollaborator = class com.ibm.ws.transaction.services.WebAppTransactionCollaboratorImpl@127725d4
      connectionCollaborator = class com.ibm.ws.webcontainer.collaborator.ConnectionCollaborator@59f71aab
      allCollabEnum = class java.util.RegularEnumSet@24ed7b07
      servlet_23_or_greater = true
      DEFER_SERVLET_REQUEST_LISTENER_DESTROY_ON_ERROR = false
    nServicing = class java.util.concurrent.atomic.AtomicInteger@37fa6e91
      serialVersionUID = 6214790243416807050
      unsafe = class sun.misc.Unsafe@71223971
      valueOffset = 12
      value = 0
      serialVersionUID = -8742448824652078965
    lastAccessTime = 1477810561055
    state = 2
    logger = class com.ibm.ws.logging.internal.WsLogger@6a1b1d39
      tc = class com.ibm.websphere.ras.TraceComponent@7b1c6308
      ivCachedResourceBundleName = "com.ibm.ws.webcontainer.resources.Messages"
      ivCachedResourceBundle = class com.ibm.ws.webcontainer.resources.Messages_es@588a5732
      ivComponent = null
      ivOrganization = null
      ivProduct = null
      ivMinimumLocalizationLevelIntValue = 625
      ivTC = class com.ibm.websphere.ras.TraceComponent@4ce82583
      loggerRegistrationComponent = class java.lang.ThreadLocal@58d035f4
      emptyHandlers = class java.util.logging.Handler[0]
      offValue = 2147483647
      SYSTEM_LOGGER_RB_NAME = "sun.util.logging.resources.logging"
      SYSTEM_BUNDLE = class java.util.logging.Logger$LoggerBundle@53cfe3e5
      NO_RESOURCE_BUNDLE = class java.util.logging.Logger$LoggerBundle@1abfbe1e
      manager = class com.ibm.ws.kernel.boot.logging.WsLogManager@43195728
      name = "com.ibm.ws.webcontainer.servlet"
      handlers = class java.util.concurrent.CopyOnWriteArrayList@135e58c3
      loggerBundle = class java.util.logging.Logger$LoggerBundle@3f225186
      useParentHandlers = true
      filter = null
      anonymous = false
      catalog = class com.ibm.ws.webcontainer.resources.Messages_es@588a5732
      catalogName = "com.ibm.ws.webcontainer.resources.Messages"
      catalogLocale = class java.util.Locale@5123fb1c
      treeLock = class java.lang.Object@30da39bb
      parent = class com.ibm.ws.logging.internal.WsLogger@1d59e047
      kids = null
      levelObject = class java.util.logging.Level@17e00719
      levelValue = 800
      callersClassLoaderRef = class java.lang.ref.WeakReference@59d5e5e2
      isSystemLogger = false
      GLOBAL_LOGGER_NAME = "global"
      global = class java.util.logging.Logger@7d65968a
      $assertionsDisabled = true
    CLASS_NAME = "com.ibm.ws.webcontainer.servlet.ServletWrapper"
    nls = class com.ibm.ejs.ras.TraceNLS@313982a4
      resolver = class com.ibm.ws.logging.internal.TraceNLSResolver@5c730c85
      finder = class com.ibm.ws.logging.internal.StackFinder@6cc3f009
      ivBundleName = "com.ibm.ws.webcontainer.resources.Messages"
      caller = class java.lang.Class@7de4c3b5
    servletConfig = class com.ibm.ws.webcontainer.servlet.ServletConfig@45573e0a
      logger = class com.ibm.ws.logging.internal.WsLogger@6a1b1d39
      CLASS_NAME = "com.ibm.ws.webcontainer.servlet.ServletConfig"
      nls = class com.ibm.ejs.ras.TraceNLS@112dcf79
      liberty_nls = class com.ibm.ejs.ras.TraceNLS@175fe3f1
      enabled = true
      servletName = "Jersey Web Application"
      className = "org.glassfish.jersey.servlet.ServletContainer"
      mappings = class java.util.ArrayList@4138d76e
      startUpWeight = 1
      DEFAULT_STARTUP = -1
      isCachingEnabled = true
      isStatisticsEnabled = true
      isInternal = false
      metaData = class com.ibm.ws.webcontainer.osgi.metadata.WebComponentMetaDataImpl@4aea7632
      singleThreadModelServlet = false
      isJsp = false
      webAppConfig = class com.ibm.ws.webcontainer.osgi.webapp.WebAppConfiguration@3693d1e
      servletWrapper = class com.ibm.ws.webcontainer.osgi.servlet.ServletWrapper@4541d2d2
      servletClass = null
      servlet = null
      addedToLoadOnStartup = true
      previousWeight = null
      multipartConfig = null
      multipartConfigBaseLocation = null
      runAsRole = null
      servletSecurityElement = null
      declareRolesAnnotation = null
      logger = class com.ibm.ws.logging.internal.WsLogger@6a1b1d39
      CLASS_NAME = "com.ibm.ws.webcontainer.servlet.TargetConfig"
      initParams = class java.util.HashMap@5deb1323
      fileName = null
      displayName = null
      name = "Jersey Web Application"
      description = null
      smallIcon = null
      largeIcon = null
      context = class com.ibm.ws.webcontainer31.facade.ServletContextFacade31@433891d8
      className = null
      asyncSupported = false
      _id = "ServletGeneratedId1"
      _attributes = null
      serialVersionUID = 7511545662945734886
      $$$tc$$$ = class com.ibm.websphere.ras.TraceComponent@6b4e8c4b
    context = class com.ibm.ws.webcontainer31.osgi.webapp.WebApp31@603d7665
    target = null
    cacheWrappers = null
    targetLoader = class com.ibm.ws.classloading.internal.ThreadContextClassLoader@1d251624
      tc = class com.ibm.websphere.ras.TraceComponent@4892f13a
      bundle = class java.util.concurrent.atomic.AtomicReference@345b6958
      key = "WebModule:ChefServer#ChefServer.war"
      refCount = class java.util.concurrent.atomic.AtomicInteger@1d06b784
      appLoader = class com.ibm.ws.classloading.internal.AppClassLoader@f4945e3
      serialVersionUID = 7093379526360135425
      followOnClassLoaders = class java.util.ArrayList@8c35f7
      serialVersionUID = -5107316606107305512
      $$$tc$$$ = class com.ibm.websphere.ras.TraceComponent@2a2392a8
      serialVersionUID = -4868702105808481416
      $$$tc$$$ = class com.ibm.websphere.ras.TraceComponent@558f6df2
      serialVersionUID = 2596921220292114344
      $$$tc$$$ = class com.ibm.websphere.ras.TraceComponent@607c7dea
      initialized = true
      pdcache = class java.util.HashMap@4070b323
      debug = null
      parent = class com.ibm.ws.classloading.internal.GatewayClassLoader@47652ade
      parallelLockMap = null
      package2certs = class java.util.Hashtable@21320557
      nocerts = class java.security.cert.Certificate[0]
      classes = class java.util.Vector@5a53be53
      defaultDomain = class java.security.ProtectionDomain@181ec79e
      domains = class java.util.HashSet@5db28615
      packages = class java.util.HashMap@6c9b2849
      scl = class sun.misc.Launcher$AppClassLoader@18b4aac2
      sclSet = true
      loadedLibraryNames = class java.util.Vector@2bfda2af
      systemNativeLibraries = class java.util.Vector@4531a279
      nativeLibraries = class java.util.Vector@c7a06e4
      nativeLibraryContext = class java.util.Stack@3916ae42
      usr_paths = class java.lang.String[20]
      sys_paths = class java.lang.String[1]
      assertionLock = class com.ibm.ws.classloading.internal.ThreadContextClassLoader@1d251624
      defaultAssertionStatus = false
      packageAssertionStatus = null
      classAssertionStatus = null
    evtSource = class com.ibm.ws.webcontainer.webapp.WebAppEventSource@213d5ed7
      _invocationListeners = class com.ibm.ws.webcontainer.util.EventListeners@4d72bd43
      _servletListeners = class com.ibm.ws.webcontainer.util.EventListeners@34153768
      _errorListeners = class com.ibm.ws.webcontainer.util.EventListeners@7e4644dc
      _applicationListeners = class com.ibm.ws.webcontainer.util.EventListeners@333f6d79
      _filterInvocationListeners = class com.ibm.ws.webcontainer.util.EventListeners@6b7f46f8
      _filterListeners = class com.ibm.ws.webcontainer.util.EventListeners@76cc9288
      _filterErrorListeners = class com.ibm.ws.webcontainer.util.EventListeners@3ae05829
    event = class com.ibm.websphere.servlet.event.ServletEvent@159b5ad3
      serialVersionUID = 3906650803920713522
      _servletName = "Jersey Web Application"
      _servletClassName = "org.glassfish.jersey.servlet.ServletContainer"
      $$$tc$$$ = class com.ibm.websphere.ras.TraceComponent@1e13a07a
      serialVersionUID = 3546927969739289392
      _context = class com.ibm.ws.webcontainer31.facade.ServletContextFacade31@433891d8
      _servletNames = class com.ibm.ws.webcontainer.util.EmptyEnumeration@5a21e91d
      $$$tc$$$ = class com.ibm.websphere.ras.TraceComponent@2f0cb1b0
      serialVersionUID = 5516075349620653480
      source = class com.ibm.ws.webcontainer.osgi.servlet.ServletWrapper@4541d2d2
    unavailableMessage = "SRVE0200E: Servlet [org.glassfish.jersey.servlet.ServletContainer]: No se ha encontrado la clase necesaria - org.glassfish.jersey.servlet.ServletContainer"
    unavailableUntil = -1
    isSTM = false
    internalServlet = false
    webAppInvocationCollaborators = null
    platformHelper = class com.ibm.ws.webcontainer.PlatformHelper@137d6d1c
    webAppNameSpaceCollab = class com.ibm.ws.webcontainer.osgi.collaborator.WebAppNameSpaceCollaboratorImpl@6e2ce175
      cmdai = class com.ibm.ws.threadContext.ComponentMetaDataAccessorImpl@4aff5ff5
    txCollab = class com.ibm.ws.transaction.services.WebAppTransactionCollaboratorImpl@127725d4
      tc = class com.ibm.websphere.ras.TraceComponent@4af8dd6f
      ltCurrentRef = class com.ibm.wsspi.kernel.service.utils.AtomicServiceReference@be98631
      tranMgrRef = class com.ibm.wsspi.kernel.service.utils.AtomicServiceReference@2bae68d6
      userTranRef = class com.ibm.wsspi.kernel.service.utils.AtomicServiceReference@155af37e
      uowCallbackRef = class com.ibm.wsspi.kernel.service.utils.AtomicServiceReference@445af699
      serialVersionUID = -8319003162899973281
    connCollab = class com.ibm.ws.webcontainer.collaborator.ConnectionCollaborator@59f71aab
    suppressServletExceptionLogging = false
    throwExceptionEnum = class java.util.RegularEnumSet@211a9904
      serialVersionUID = 3411599620347842686
      elements = 256
      elementType = class java.lang.Class@7b5fc3c1
      universe = class com.ibm.wsspi.webcontainer.collaborator.CollaboratorInvocationEnum[9]
      ZERO_LENGTH_ENUM_ARRAY = class java.lang.Enum[0]
      MAX_ARRAY_SIZE = 2147483639
    discernUnavailableServlet = false
    reInitServletonInitUnavailableException = true
    destroyServletonServiceUnavailableException = false
    servlet23 = true
    PARAMS_HEAD_TRACE = class java.lang.Class[2]
      PARAMS_HEAD_TRACE[0] = class java.lang.Class@72fcaea9
      PARAMS_HEAD_TRACE[1] = class java.lang.Class@63256e88
    defaultHeadMethodInUse = false
    defaultTraceMethodInUse = false
    checkedForDefaultMethods = null
    defaultTraceRequestBehavior = false
    defaultHeadRequestBehavior = false
    useOriginalRequestState = false
    warningStatusSet = false
    LSTRING_FILE = "javax.servlet.LocalStrings"
    lStrings = class java.util.PropertyResourceBundle@62054acd
      lookup = class java.util.HashMap@d4d6b64
      INITIAL_CACHE_SIZE = 32
      NONEXISTENT_BUNDLE = class java.util.ResourceBundle$1@77b3082d
      cacheList = class java.util.concurrent.ConcurrentHashMap@68e9528f
      referenceQueue = class java.lang.ref.ReferenceQueue@e9912bd
      parent = null
      locale = class java.util.Locale@42818d39
      name = "javax.servlet.LocalStrings"
      expired = false
      cacheKey = class java.util.ResourceBundle$CacheKey@2d1c1724
      keySet = null
      providers = null
      $assertionsDisabled = true
    config = null
  _filtersDefined = true
  logger = class com.ibm.ws.logging.internal.WsLogger@92cb6df
    tc = class com.ibm.websphere.ras.TraceComponent@7b1c6308
      strings[0] = "TraceComponent[com.ibm.ws.logging.internal.WsLogger,class com.ibm.ws.logging.internal.WsLogger,[logging],com.ibm.ws.logging.internal.resources.LoggingMessages,null]"
    ivCachedResourceBundleName = null
    ivCachedResourceBundle = null
    ivComponent = null
    ivOrganization = null
    ivProduct = null
    ivMinimumLocalizationLevelIntValue = 625
    ivTC = class com.ibm.websphere.ras.TraceComponent@30abb496
      strings[0] = "TraceComponent[com.ibm.ws.webcontainer.filter,class com.ibm.wsspi.webcontainer.logging.LoggerFactory$1,[com.ibm.ws.webcontainer.filter],null,null]"
    loggerRegistrationComponent = class java.lang.ThreadLocal@58d035f4
      threadLocalHashCode = -978983473
      nextHashCode = class java.util.concurrent.atomic.AtomicInteger@17cbbefc
      HASH_INCREMENT = 1640531527
    emptyHandlers = class java.util.logging.Handler[0]
    offValue = 2147483647
    SYSTEM_LOGGER_RB_NAME = "sun.util.logging.resources.logging"
    SYSTEM_BUNDLE = class java.util.logging.Logger$LoggerBundle@53cfe3e5
      resourceBundleName = "sun.util.logging.resources.logging"
      userBundle = null
    NO_RESOURCE_BUNDLE = class java.util.logging.Logger$LoggerBundle@1abfbe1e
      resourceBundleName = null
      userBundle = null
    manager = class com.ibm.ws.kernel.boot.logging.WsLogManager@43195728
      CLASS_NAME = "com.ibm.ws.kernel.boot.logging.WsLogManager"
      CONFIGURE_BY_SERVER_PROPERTY_NAME = "java.util.logging.configureByServer"
      CONFIGURE_BY_LOGGING_PROPERTIES_FILE = "java.util.logging.configureByLoggingPropertiesFile"
      configureByServer = true
      configureByLoggingProperties = false
      wsLogger = class java.lang.reflect.Constructor@216e079c
      resetEnabled = true
      manager = class com.ibm.ws.kernel.boot.logging.WsLogManager@43195728
      props = class java.util.Properties@72cdb16d
      defaultLevel = class java.util.logging.Level@17e00719
      listenerMap = class java.util.HashMap@38bff1d0
      systemContext = class java.util.logging.LogManager$SystemLoggerContext@69bc43bc
      userContext = class java.util.logging.LogManager$LoggerContext@65b0e97a
      rootLogger = class java.util.logging.LogManager$RootLogger@7a697a78
      readPrimordialConfiguration = true
      initializedGlobalHandlers = true
      deathImminent = false
      initializedCalled = true
      initializationDone = true
      contextsMap = null
      loggerRefQueue = class java.lang.ref.ReferenceQueue@3d9f2594
      MAX_ITERATIONS = 400
      controlPermission = class java.util.logging.LoggingPermission@36b52038
      loggingMXBean = null
      LOGGING_MXBEAN_NAME = "java.util.logging:type=Logging"
      $assertionsDisabled = true
    name = "com.ibm.ws.webcontainer.filter"
    handlers = class java.util.concurrent.CopyOnWriteArrayList@5871507f
      serialVersionUID = 8673264195747942595
      lock = class java.util.concurrent.locks.ReentrantLock@2eab9814
      array = class java.lang.Object[0]
      UNSAFE = class sun.misc.Unsafe@71223971
      lockOffset = 12
    loggerBundle = class java.util.logging.Logger$LoggerBundle@2d6bf1ad
      resourceBundleName = "com.ibm.ws.webcontainer.resources.Messages"
      userBundle = null
    useParentHandlers = true
    filter = null
    anonymous = false
    catalog = class com.ibm.ws.webcontainer.resources.Messages_es@49fd0136
      resources = class [Ljava.lang.Object;[332]
      lookup = class java.util.HashMap@375cd873
      INITIAL_CACHE_SIZE = 32
      NONEXISTENT_BUNDLE = class java.util.ResourceBundle$1@77b3082d
      cacheList = class java.util.concurrent.ConcurrentHashMap@68e9528f
      referenceQueue = class java.lang.ref.ReferenceQueue@e9912bd
      parent = class com.ibm.ws.webcontainer.resources.Messages@4e1b490e
      locale = class java.util.Locale@464f3f3e
      name = "com.ibm.ws.webcontainer.resources.Messages"
      expired = false
      cacheKey = class java.util.ResourceBundle$CacheKey@1b2738d1
      keySet = null
      providers = null
      $assertionsDisabled = true
    catalogName = "com.ibm.ws.webcontainer.resources.Messages"
    catalogLocale = class java.util.Locale@5123fb1c
      LOCALECACHE = class java.util.Locale$Cache@64fb3a0d
      ENGLISH = class java.util.Locale@3edadff1
      FRENCH = class java.util.Locale@3e12d999
      GERMAN = class java.util.Locale@339331b2
      ITALIAN = class java.util.Locale@e855e9f
      JAPANESE = class java.util.Locale@66483de9
      KOREAN = class java.util.Locale@4e3efea8
      CHINESE = class java.util.Locale@640a587c
      SIMPLIFIED_CHINESE = class java.util.Locale@40df93c4
      TRADITIONAL_CHINESE = class java.util.Locale@675f4943
      FRANCE = class java.util.Locale@5ead30be
      GERMANY = class java.util.Locale@68d24aaf
      ITALY = class java.util.Locale@542fa5c2
      JAPAN = class java.util.Locale@49a7eb55
      KOREA = class java.util.Locale@7eb81a1f
      CHINA = class java.util.Locale@40df93c4
      PRC = class java.util.Locale@40df93c4
      TAIWAN = class java.util.Locale@675f4943
      UK = class java.util.Locale@445b055
      US = class java.util.Locale@2d6d14aa
      CANADA = class java.util.Locale@5b66bf11
      CANADA_FRENCH = class java.util.Locale@65303e80
      ROOT = class java.util.Locale@42818d39
      PRIVATE_USE_EXTENSION = x
      UNICODE_LOCALE_EXTENSION = u
      serialVersionUID = 9149081749638150636
      DISPLAY_LANGUAGE = 0
      DISPLAY_COUNTRY = 1
      DISPLAY_VARIANT = 2
      DISPLAY_SCRIPT = 3
      baseLocale = class sun.util.locale.BaseLocale@4c5eed6b
      localeExtensions = null
      hashCodeValue = 96785844
      defaultLocale = class java.util.Locale@5123fb1c
      defaultDisplayLocale = null
      defaultFormatLocale = class java.util.Locale@5123fb1c
      languageTag = "es-US"
      serialPersistentFields = class java.io.ObjectStreamField[6]
      isoLanguages = null
      isoCountries = null
      $assertionsDisabled = true
    treeLock = class java.lang.Object@30da39bb
    parent = class com.ibm.ws.logging.internal.WsLogger@1d59e047
      tc = class com.ibm.websphere.ras.TraceComponent@7b1c6308
      ivCachedResourceBundleName = "com.ibm.ws.webcontainer.resources.Messages"
      ivCachedResourceBundle = class com.ibm.ws.webcontainer.resources.Messages_es@588a5732
      ivComponent = null
      ivOrganization = null
      ivProduct = null
      ivMinimumLocalizationLevelIntValue = 625
      ivTC = class com.ibm.websphere.ras.TraceComponent@5f2008dc
      loggerRegistrationComponent = class java.lang.ThreadLocal@58d035f4
      emptyHandlers = class java.util.logging.Handler[0]
      offValue = 2147483647
      SYSTEM_LOGGER_RB_NAME = "sun.util.logging.resources.logging"
      SYSTEM_BUNDLE = class java.util.logging.Logger$LoggerBundle@53cfe3e5
      NO_RESOURCE_BUNDLE = class java.util.logging.Logger$LoggerBundle@1abfbe1e
      manager = class com.ibm.ws.kernel.boot.logging.WsLogManager@43195728
      name = "com.ibm.ws.webcontainer"
      handlers = class java.util.concurrent.CopyOnWriteArrayList@f6e8a09
      loggerBundle = class java.util.logging.Logger$LoggerBundle@684920e4
      useParentHandlers = true
      filter = null
      anonymous = false
      catalog = class com.ibm.ws.webcontainer.resources.Messages_es@588a5732
      catalogName = "com.ibm.ws.webcontainer.resources.Messages"
      catalogLocale = class java.util.Locale@5123fb1c
      treeLock = class java.lang.Object@30da39bb
      parent = class java.util.logging.Logger@5eaae636
      kids = class java.util.ArrayList@369d1090
      levelObject = class java.util.logging.Level@17e00719
      levelValue = 800
      callersClassLoaderRef = class java.lang.ref.WeakReference@4d58fa88
      isSystemLogger = false
      GLOBAL_LOGGER_NAME = "global"
      global = class java.util.logging.Logger@7d65968a
      $assertionsDisabled = true
    kids = null
    levelObject = class java.util.logging.Level@17e00719
      defaultBundle = "sun.util.logging.resources.logging"
      name = "INFO"
      value = 800
      resourceBundleName = "sun.util.logging.resources.logging"
      localizedLevelName = "INFORMACIÓN"
      cachedLocale = class java.util.Locale@5123fb1c
      OFF = class java.util.logging.Level@404c1a7f
      SEVERE = class java.util.logging.Level@4f334b0e
      WARNING = class java.util.logging.Level@767b3507
      INFO = class java.util.logging.Level@17e00719
      CONFIG = class java.util.logging.Level@457d5835
      FINE = class java.util.logging.Level@65c22d07
      FINER = class java.util.logging.Level@30fc718a
      FINEST = class java.util.logging.Level@1f80a99f
      ALL = class java.util.logging.Level@3093f6aa
      serialVersionUID = -8176160795706313070
    levelValue = 800
    callersClassLoaderRef = class java.lang.ref.WeakReference@411d2091
      referent = class org.eclipse.osgi.internal.loader.EquinoxClassLoader@4426dbbc
      queue = class java.lang.ref.ReferenceQueue$Null@392ba7c8
      next = null
      discovered = null
      lock = class java.lang.ref.Reference$Lock@701e2db5
      pending = null
    isSystemLogger = false
    GLOBAL_LOGGER_NAME = "global"
    global = class java.util.logging.Logger@7d65968a
      emptyHandlers = class java.util.logging.Handler[0]
      offValue = 2147483647
      SYSTEM_LOGGER_RB_NAME = "sun.util.logging.resources.logging"
      SYSTEM_BUNDLE = class java.util.logging.Logger$LoggerBundle@53cfe3e5
      NO_RESOURCE_BUNDLE = class java.util.logging.Logger$LoggerBundle@1abfbe1e
      manager = class com.ibm.ws.kernel.boot.logging.WsLogManager@43195728
      name = "global"
      handlers = class java.util.concurrent.CopyOnWriteArrayList@3d6a076
      loggerBundle = class java.util.logging.Logger$LoggerBundle@1abfbe1e
      useParentHandlers = true
      filter = null
      anonymous = false
      catalog = null
      catalogName = null
      catalogLocale = null
      treeLock = class java.lang.Object@30da39bb
      parent = class java.util.logging.LogManager$RootLogger@7a697a78
      kids = null
      levelObject = null
      levelValue = 800
      callersClassLoaderRef = null
      isSystemLogger = true
      GLOBAL_LOGGER_NAME = "global"
      global = class java.util.logging.Logger@7d65968a
      $assertionsDisabled = true
    $assertionsDisabled = true
  CLASS_NAME = "com.ibm.ws.webcontainer.filter.WebAppFilterChain"
  webapp = class com.ibm.ws.webcontainer31.osgi.webapp.WebApp31@603d7665
    tc = class com.ibm.websphere.ras.TraceComponent@3bd5574
      strings[0] = "TraceComponent[com.ibm.ws.webcontainer31.osgi.webapp.WebApp31,class com.ibm.ws.webcontainer31.osgi.webapp.WebApp31,[webcontainer],com.ibm.ws.webcontainer31.resources.Messages,null]"
    CLASS_NAME = "com.ibm.ws.webcontainer31.osgi.webapp.WebApp31"
    servlet31NLS = class com.ibm.ejs.ras.TraceNLS@5f382219
      resolver = class com.ibm.ws.logging.internal.TraceNLSResolver@5c730c85
      finder = class com.ibm.ws.logging.internal.StackFinder@6cc3f009
      ivBundleName = "com.ibm.ws.webcontainer31.resources.Messages"
      caller = class java.lang.Class@4a479426
    validListenerClasses = class java.lang.Class[7]
      validListenerClasses[0] = class java.lang.Class@1131b64e
      validListenerClasses[1] = class java.lang.Class@45abd4db
      validListenerClasses[2] = class java.lang.Class@5056a7e2
      validListenerClasses[3] = class java.lang.Class@553cbc3d
      validListenerClasses[4] = class java.lang.Class@4923e312
      validListenerClasses[5] = class java.lang.Class@5235ebe1
      validListenerClasses[6] = class java.lang.Class@50dab6bb
    wsocServHandler = class com.ibm.ws.wsoc.external.WsocHandlerImpl@2447ea0b
      tc = class com.ibm.websphere.ras.TraceComponent@289d48de
      noMoreAddsCalled = true
      serialVersionUID = -2067291126638824067
    tc = class com.ibm.websphere.ras.TraceComponent@2f9d9c58
      strings[0] = "TraceComponent[com.ibm.ws.webcontainer.osgi.webapp.WebApp,class com.ibm.ws.webcontainer.osgi.webapp.WebApp,[webcontainer],com.ibm.ws.webcontainer.resources.LShimMessages,null]"
    CLASS_NAME = "com.ibm.ws.webcontainer.osgi.webapp.WebApp"
    metaDataService = class com.ibm.ws.container.service.metadata.internal.MetaDataServiceImpl@4ce164a8
      applicationMetaDataManager = class com.ibm.ws.container.service.metadata.internal.ApplicationMetaDataManager@57024ea8
      moduleMetaDataManager = class com.ibm.ws.container.service.metadata.internal.ModuleMetaDataManager@32d2bde6
      componentMetaDataManager = class com.ibm.ws.container.service.metadata.internal.ComponentMetaDataManager@1307ee3b
      methodMetaDataManager = class com.ibm.ws.container.service.metadata.internal.MethodMetaDataManager@1abf21de
      appModuleNameToModuleContainer = class java.util.concurrent.ConcurrentHashMap@5f8d5b2f
      jeeNameToComponentMetaData = class java.util.concurrent.ConcurrentHashMap@7897e0b5
      deferredMetaDataFactories = class com.ibm.wsspi.kernel.service.utils.ConcurrentServiceReferenceSet@544dafaa
      deferredMetaDataInitializers = class com.ibm.wsspi.kernel.service.utils.ConcurrentServiceReferenceMap@371fd52c
      serialVersionUID = -2494605732980966097
      $$$tc$$$ = class com.ibm.websphere.ras.TraceComponent@1a2a124b
    namespacePopulated = false
    referenceContext = class com.ibm.ws.injectionengine.osgi.internal.OSGiReferenceContextImpl@ba700dd
      scopeData = class com.ibm.ws.injectionengine.osgi.internal.OSGiInjectionScopeData@67504950
      serialVersionUID = 521511923892134915
      $$$tc$$$ = class com.ibm.websphere.ras.TraceComponent@1f32103e
      CLASS_NAME = "com.ibm.ws.injectionengine.ReferenceContextImpl"
      tc = class com.ibm.ejs.ras.TraceComponent@e813649
      ivInjectionEngine = class com.ibm.ws.injectionengine.osgi.internal.OSGiInjectionEngineImpl@a178edf
      ivProviders = class java.util.ArrayList@1dcb1267
      ivComponentJavaContext = null
      ivComponentNameSpace = null
      ivJavaColonCompEnvMap = class java.util.LinkedHashMap@11d6d517
      ivEjbContext10 = class java.util.Properties@1a8b02e1
      ivResourceRefConfigList = null
      isAlreadyProcessed = true
      ivProcessFailure = null
      ivInjectionTargetMap = class java.util.concurrent.ConcurrentHashMap@2c5c1619
      ivDeclaredInjectionTargets = class java.util.HashMap@69c171df
      ivProcessedInjectionClasses = class java.util.HashSet@4e186f9d
      ivProcessedInjectionBindings = class java.util.LinkedHashSet@cc6e0b5
      ivAnyProcessDynamic = true
      ivCheckAppConfig = false
    j2eeNameFactory = class com.ibm.ws.container.service.metadata.internal.J2EENameFactoryImpl@18e58bbb
      serialVersionUID = 3486344295038028821
      $$$tc$$$ = class com.ibm.websphere.ras.TraceComponent@e4ef336
    moduleLoader = class com.ibm.ws.classloading.internal.AppClassLoader@f4945e3
      tc = class com.ibm.websphere.ras.TraceComponent@33d1fe3c
      PARENT_FIRST_SEARCH_ORDER = class java.util.Collections$UnmodifiableRandomAccessList@54567d39
      CLASS_LOADING_TRACE_PREFIX = "com.ibm.ws.class.load."
      DEFAULT_PACKAGE = "default.package"
      perPackageClassLoadingTraceComponents = class java.util.concurrent.ConcurrentHashMap@1b2c11f7
      config = class com.ibm.ws.classloading.internal.ClassLoaderConfigurationImpl@4d61f4b3
      privateLibraries = null
      delegateLoaders = class com.ibm.ws.classloading.internal.util.CompositeIterable@63f57680
      nativeLibraryFiles = class java.util.ArrayList@42d6072
      transformers = class java.util.ArrayList@7f757aa9
      apiAccess = class com.ibm.ws.classloading.internal.GatewayClassLoader@4d298ad7
      generator = class com.ibm.ws.classloading.internal.ClassGeneratorManager@3d73dd98
      protectionDomains = class java.util.concurrent.ConcurrentHashMap@757afdc0
      parent = class com.ibm.ws.classloading.internal.GatewayClassLoader@4d298ad7
      serialVersionUID = 960221346174702086
      tc = class com.ibm.websphere.ras.TraceComponent@361e0c7a
      EMPTY_URL_ARRAY = class java.net.URL[0]
      smartClassPath = class com.ibm.ws.classloading.internal.ContainerClassLoader$SmartClassPathImpl@4ecfac21
      nativeLibraryContainers = class java.util.ArrayList@6d73377d
      redefiner = class com.ibm.ws.classloading.internal.util.ClassRedefiner@4fc543ee
      mapCreationQueue = class java.util.concurrent.Executors$FinalizableDelegatedExecutorService@c525bae
      serialVersionUID = 7249739282446266343
      serialVersionUID = -7411549862368381758
      $$$tc$$$ = class com.ibm.websphere.ras.TraceComponent@411d5995
      serialVersionUID = -4868702105808481416
      $$$tc$$$ = class com.ibm.websphere.ras.TraceComponent@558f6df2
      serialVersionUID = 2596921220292114344
      $$$tc$$$ = class com.ibm.websphere.ras.TraceComponent@607c7dea
      initialized = true
      pdcache = class java.util.HashMap@4bf350ea
      debug = null
      parent = class com.ibm.ws.classloading.internal.GatewayClassLoader@4d298ad7
      parallelLockMap = null
      package2certs = class java.util.Hashtable@2ecca049
      nocerts = class java.security.cert.Certificate[0]
      classes = class java.util.Vector@30dd0115
      defaultDomain = class java.security.ProtectionDomain@75d285f7
      domains = class java.util.HashSet@24f7ffa7
      packages = class java.util.HashMap@6f72dd98
      scl = class sun.misc.Launcher$AppClassLoader@18b4aac2
      sclSet = true
      loadedLibraryNames = class java.util.Vector@2bfda2af
      systemNativeLibraries = class java.util.Vector@4531a279
      nativeLibraries = class java.util.Vector@37ffacca
      nativeLibraryContext = class java.util.Stack@3916ae42
      usr_paths = class java.lang.String[20]
      sys_paths = class java.lang.String[1]
      assertionLock = class com.ibm.ws.classloading.internal.AppClassLoader@f4945e3
      defaultAssertionStatus = false
      packageAssertionStatus = null
      classAssertionStatus = null
    webAppConfig = class com.ibm.ws.webcontainer.osgi.webapp.WebAppConfiguration@3693d1e
      webModuleMetaData = class com.ibm.ws.webcontainer.osgi.metadata.WebModuleMetaDataImpl@1a4ae470
      webComponentMetaData = class com.ibm.ws.webcontainer.osgi.metadata.WebComponentMetaDataImpl@7ea6ad34
      dVirtualHost = class com.ibm.ws.webcontainer.osgi.DynamicVirtualHost@5c531be1
      orderedLibPaths = class java.util.Collections$UnmodifiableRandomAccessList@29732e74
      bundleHeaders = null
      cdiEnabled = false
      CLASS_NAME = "com.ibm.ws.webcontainer.webapp.WebAppConfiguration"
      logger = class com.ibm.ws.logging.internal.WsLogger@337326af
      tc = class com.ibm.websphere.ras.TraceComponent@7e9487db
      nls = class com.ibm.ejs.ras.TraceNLS@7c09c997
      version = 31
      contextRoot = "/ChefServer"
      sessionTimeout = 0
      moduleSessionTimeoutSet = false
      moduleSessionTrackingModeSet = false
      sessionCookieConfig = class com.ibm.ws.session.SessionCookieConfigImpl@4bc97cf2
      hasProgrammaticCookieConfig = false
      sessionDefaultTrackingModeSet = class java.util.RegularEnumSet@cdb7b2
      sessionManagerConfig = class com.ibm.ws.session.SessionManagerConfig@33fb3741
      displayName = "ChefServer"
      description = null
      reloadInterval = 0
      distributable = false
      denyUncoveredHttpMethods = false
      reloadingEnabled = false
      serveServletsByClassnameEnabled = false
      defaultErrorPage = null
      additionalClassPath = null
      fileServingEnabled = null
      directoryBrowsingEnabled = false
      autoRequestEncoding = false
      autoResponseEncoding = false
      autoLoadFilters = false
      requestListeners = null
      requestAttributeListeners = null
      sessionListeners = null
      localeMap = null
      moduleName = "ChefServer"
      j2eeModuleName = "ChefServer.war"
      moduleId = null
      isSyncToThreadEnabled = false
      isSystemApp = false
      ardEnabled = false
      ardDispatchType = null
      listeners = class java.util.ArrayList@191e0b52
      welcomeFileList = class java.util.ArrayList@2be93c97
      servletMappings = class java.util.HashMap@2bc7ebf4
      lastIndexBeforeDeclaredFilters = 0
      filterMappings = class java.util.ArrayList@465aa919
      servletInfo = class java.util.HashMap@2ff77e1b
      filterInfo = class java.util.HashMap@4d18e2f6
      mimeMappings = class java.util.HashMap@591438ea
      mimeFilters = null
      isMimeFilteringEnabled = false
      theWebGroup = null
      jspAttributes = class java.util.HashMap@4a9550b0
      fileServingAttributes = class java.util.HashMap@5e86f85f
      invokerAttributes = class java.util.HashMap@5403ae2b
      contextParams = class java.util.HashMap@2ca80f29
      virtualHost = "default_host"
      exceptionErrorPages = class java.util.HashMap@4c58dadc
      codeErrorPages = class java.util.HashMap@25759708
      tagLibList = null
      precompileJsps = false
      webApp = class com.ibm.ws.webcontainer31.osgi.webapp.WebApp31@603d7665
      virtualHostList = class java.util.Collections$EmptyList@6cce177b
      appStartupWeight = 0
      moduleStartupWeight = 0
      metaDataComplete = false
      classesToScan = class java.util.ArrayList@f39c8c
      uriFilterMappingInfos = class java.util.ArrayList@3533d079
      servletFilterMappingInfos = null
      dynamicServletRegistrationMap = null
      applicationName = "ChefServer"
      libBinPathList = class java.util.ArrayList@af72874
      webXmlDefinedListeners = class java.util.HashSet@3b323f5
      allRefs = class java.util.EnumMap@1f5a9937
      allRefBindings = class java.util.EnumMap@3d161ac
      envEntryValues = class java.util.HashMap@30565d2a
      resourceRefConfigList = null
      disallowAllFileServingProp = "false"
      disallowServeServletsByClassnameProp = "true"
      disableStaticMappingCache = false
      jspCachedLocations = class java.util.HashMap@2a607c5e
      _id = "WebAppGeneratedId1"
      _attributes = null
      serialVersionUID = 7511545662945734886
      $$$tc$$$ = class com.ibm.websphere.ras.TraceComponent@6b4e8c4b
    extensionProcessingDisabled = false
    managedObjectService = class com.ibm.ws.cdi.impl.managedobject.CDIManagedObjectService@6c31bec6
      cdiServiceRef = class com.ibm.wsspi.kernel.service.utils.AtomicServiceReference@7efe21d1
      defaultMOSRef = class com.ibm.wsspi.kernel.service.utils.AtomicServiceReference@2b025e79
      cdiRuntime = class com.ibm.ws.cdi.liberty.CDIRuntimeImpl@64fd19ec
      serialVersionUID = -2697988188171262037
      $$$tc$$$ = class com.ibm.websphere.ras.TraceComponent@4c3ff645
    GenPluginCfgMB = null
    internalServletMetaData = interface com.ibm.wsspi.webcontainer.metadata.WebComponentMetaData[2]
      internalServletMetaData[0] = null
      internalServletMetaData[1] = null
    loginProcessor = null
    logoutProcessor = null
    collabHelper = class com.ibm.ws.webcontainer.osgi.collaborator.CollaboratorHelperImpl@b5ff8b9
    envObject = class com.ibm.ws.util.WSThreadLocal@8af1293
      tc = class com.ibm.ejs.ras.TraceComponent@78ac2776
      count = 8
      index = 4
      SUSPECTED_MISUSAGE_THRESHOLD = 200
      threadLocalHashCode = 1825325482
      nextHashCode = class java.util.concurrent.atomic.AtomicInteger@17cbbefc
      HASH_INCREMENT = 1640531527
    orderedLibPaths = class java.util.Collections$UnmodifiableRandomAccessList@29732e74
      serialVersionUID = -2542308836966382001
      serialVersionUID = -283967356065247728
      list = class java.util.ArrayList@68ccd515
      serialVersionUID = 1820017752578914078
      c = class java.util.ArrayList@68ccd515
    perm = class com.ibm.websphere.security.WebSphereRuntimePermission@176abc13
      serialVersionUID = -3306242789188168337
      $$$tc$$$ = class com.ibm.websphere.ras.TraceComponent@e267582
      serialVersionUID = 6279438298436773498
      wildcard = false
      path = "accessServletContext"
      exitVM = false
      serialVersionUID = -5636570222231596674
      name = "accessServletContext"
    WELCOME_FILE_LIST = "com.ibm.ws.webcontainer.config.WelcomeFileList"
    DIR_BROWSING_MAPPING = "__dirBrowsing__1477810559047"
    FILTER_PROXY_MAPPING = "/__filterProxy__1477810559047"
    logger = class com.ibm.ws.logging.internal.WsLogger@337326af
      tc = class com.ibm.websphere.ras.TraceComponent@7b1c6308
      ivCachedResourceBundleName = "com.ibm.ws.webcontainer.resources.Messages"
      ivCachedResourceBundle = class com.ibm.ws.webcontainer.resources.Messages_es@588a5732
      ivComponent = null
      ivOrganization = null
      ivProduct = null
      ivMinimumLocalizationLevelIntValue = 625
      ivTC = class com.ibm.websphere.ras.TraceComponent@66ba98c9
      loggerRegistrationComponent = class java.lang.ThreadLocal@58d035f4
      emptyHandlers = class java.util.logging.Handler[0]
      offValue = 2147483647
      SYSTEM_LOGGER_RB_NAME = "sun.util.logging.resources.logging"
      SYSTEM_BUNDLE = class java.util.logging.Logger$LoggerBundle@53cfe3e5
      NO_RESOURCE_BUNDLE = class java.util.logging.Logger$LoggerBundle@1abfbe1e
      manager = class com.ibm.ws.kernel.boot.logging.WsLogManager@43195728
      name = "com.ibm.ws.webcontainer.webapp"
      handlers = class java.util.concurrent.CopyOnWriteArrayList@46245b4b
      loggerBundle = class java.util.logging.Logger$LoggerBundle@3d79b704
      useParentHandlers = true
      filter = null
      anonymous = false
      catalog = class com.ibm.ws.webcontainer.resources.Messages_es@588a5732
      catalogName = "com.ibm.ws.webcontainer.resources.Messages"
      catalogLocale = class java.util.Locale@5123fb1c
      treeLock = class java.lang.Object@30da39bb
      parent = class com.ibm.ws.logging.internal.WsLogger@1d59e047
      kids = null
      levelObject = class java.util.logging.Level@17e00719
      levelValue = 800
      callersClassLoaderRef = class java.lang.ref.WeakReference@1f88dc5c
      isSystemLogger = false
      GLOBAL_LOGGER_NAME = "global"
      global = class java.util.logging.Logger@7d65968a
      $assertionsDisabled = true
    CLASS_NAME = "com.ibm.ws.webcontainer.webapp.WebApp"
    loader = class com.ibm.ws.classloading.internal.ThreadContextClassLoader@1d251624
    facade = class com.ibm.ws.webcontainer31.facade.ServletContextFacade31@433891d8
      context = class com.ibm.ws.webcontainer31.osgi.webapp.WebApp31@603d7665
    features = class java.util.ArrayList@73081745
      serialVersionUID = 8683452581122892189
      DEFAULT_CAPACITY = 10
      EMPTY_ELEMENTDATA = class java.lang.Object[0]
      DEFAULTCAPACITY_EMPTY_ELEMENTDATA = class java.lang.Object[0]
      elementData = class java.lang.Object[0]
      size = 0
      MAX_ARRAY_SIZE = 2147483639
      modCount = 0
      MAX_ARRAY_SIZE = 2147483639
    applicationName = "ChefServer"
    config = class com.ibm.ws.webcontainer.osgi.webapp.WebAppConfiguration@3693d1e
    securityEnabledForApp = true
    webExtensionProcessor = class com.ibm.ws.webcontainer.osgi.extension.WebExtensionProcessor@31c0b713
      webApp = class com.ibm.ws.webcontainer31.osgi.webapp.WebApp31@603d7665
      extensionContext = class com.ibm.ws.webcontainer31.osgi.webapp.WebApp31@603d7665
    production = true
    isServlet23 = true
    contextPath = "/ChefServer"
    internalServletList = class [Ljava.lang.String;[2]
      internalServletList[0] = class java.lang.String[2]
      internalServletList[1] = class java.lang.String[2]
    BY_NAME_ONLY = "/_1477810559048_/"
    filterManager = class com.ibm.ws.webcontainer.osgi.filter.WebAppFilterManagerImpl@e9fb7a3
      _filterWrappers = class java.util.Hashtable@24ab6807
      chainCache = class java.util.Collections$SynchronizedMap@73817d86
      forwardChainCache = class java.util.Collections$SynchronizedMap@5b6bb848
      includeChainCache = class java.util.Collections$SynchronizedMap@1c915701
      errorChainCache = class java.util.Collections$SynchronizedMap@6305ffc4
      _filtersDefined = true
      FMI_MAPPING_SINGLE_SLASH = 0
      FMI_MAPPING_PATH_MATCH = 1
      FMI_MAPPING_EXTENSION_MATCH = 2
      FMI_MAPPING_EXACT_MATCH = 3
      logger = class com.ibm.ws.logging.internal.WsLogger@92cb6df
      CLASS_NAME = "com.ibm.ws.webcontainer.filter.WebAppFilterManager"
      nls = class com.ibm.ejs.ras.TraceNLS@1b90c36f
      webAppConfig = class com.ibm.ws.webcontainer.osgi.webapp.WebAppConfiguration@3693d1e
      webApp = class com.ibm.ws.webcontainer31.osgi.webapp.WebApp31@603d7665
      collabHelper = class com.ibm.ws.webcontainer.osgi.collaborator.CollaboratorHelperImpl@b5ff8b9
      webAppNameSpaceCollab = class com.ibm.ws.webcontainer.osgi.collaborator.WebAppNameSpaceCollaboratorImpl@6e2ce175
      secCollab = class com.ibm.ws.webcontainer.security.WebAppSecurityCollaboratorImpl@1d3f91ad
      sessionSecurityIntegrationEnabled = true
      assumeFilterSuccessOnSecurityError = false
      useOriginalRequestState = false
      _evtSource = class com.ibm.ws.webcontainer.webapp.WebAppEventSource@213d5ed7
      defaultComponentMetaData = class com.ibm.ws.webcontainer.osgi.metadata.WebComponentMetaDataImpl@7ea6ad34
      DEFER_SERVLET_REQUEST_LISTENER_DESTROY_ON_ERROR = false
    documentRoot = null
    SERVLET_API_VERSION = "Servlet 2.5"
    disableServletAuditLogging = -1
    serverInfo = "IBM WebSphere Liberty/16.0.0.3"
    sessionCtx = class com.ibm.ws.webcontainer31.session.impl.HttpSessionContext31Impl@1c1d5d36
      methodClassName = "HttpSessionContextImpl"
      _smc = class com.ibm.ws.session.SessionManagerConfig@33fb3741
      sessionStoreService = null
      _sap = class com.ibm.ws.session.SessionApplicationParameters@30df3df
      _coreHttpSessionManager = class com.ibm.ws.session.SessionManager@7609bc16
      _coreHttpAppSessionManager = null
      _sam = class com.ibm.ws.webcontainer.session.impl.SessionAffinityManagerImpl@44e492d0
      isSIPApplication = false
      sessionAttributeListener = false
      sessionListener = true
      mHttpSessionAttributeListeners = class java.util.ArrayList@2e4fe432
      mHttpSessionListeners = class java.util.ArrayList@4230692f
      mHttpSessionIdListeners = class java.util.ArrayList@79628473
      mHttpSessionAttributeListenersJ2eeNames = class java.util.ArrayList@1970fb9d
      mHttpSessionListenersJ2eeNames = class java.util.ArrayList@48cff2f5
      mHttpSessionIdListenersJ2eeNames = class java.util.ArrayList@97793d2
      mLocalHost = null
      _refCount = 1
      currentThreadSacHashtable = null
      methodClassName = "SessionContext"
      ANONYMOUS_USER = "anonymous"
      wasHttpSessionObserver = class com.ibm.ws.session.WasHttpSessionObserver@64dbdf93
      wasHttpSessionAttributeObserver = null
      _invalidator = class com.ibm.ws.session.SessionInvalidatorWithThreadPool@7a696c86
      _storer = class com.ibm.ws.session.EOSSessionStorer@4d066164
      wasHttpAppSessionObserver = null
      mHttpAppSessionListeners = null
      cmvcInfo = "CMVC Version 1.9 6/24/07 11:12:24"
      _loggedVersion = true
      CREATE_CORE_SESSION_MANAGER = 0
      GET_REQUESTED_SESSION_ID = 1
      GET_IHTTP_SESSION = 2
      SESSION_PRE_INVOKE = 3
      SESSION_POST_INVOKE = 4
      STOP = 5
      STOP_LISTENERS = 6
      IS_VALID = 7
      ENCODE_URL = 8
      SHOULD_ENCODE_URL = 9
      IS_PROTOCOL_SWITCH = 10
      GET_LOCAL_HOST = 11
      ADD_HTTP_SESSION_ATTRIBUTE_LISTENER = 12
      ADD_HTTP_SESSION_LISTENER = 13
      GET_SESSION_AFFINITY_CONTEXT = 14
      CHECK_SECURITY = 15
      INVALIDATE = 16
      CHECK_SESSSIONID_IS_RIGHT_LENGTH = 17
      LOCK_SESSION = 18
      UNLOCK_SESSION = 19
      ADD_HTTP_SESSION_ID_LISTENER = 20
      methodNames = class java.lang.String[21]
    eventSource = class com.ibm.ws.webcontainer.webapp.WebAppEventSource@213d5ed7
    nls = class com.ibm.ejs.ras.TraceNLS@2f9cd3cf
      resolver = class com.ibm.ws.logging.internal.TraceNLSResolver@5c730c85
      finder = class com.ibm.ws.logging.internal.StackFinder@6cc3f009
      ivBundleName = "com.ibm.ws.webcontainer.resources.Messages"
      caller = class java.lang.Class@341205f4
    liberty_nls = class com.ibm.ejs.ras.TraceNLS@1bd08100
      resolver = class com.ibm.ws.logging.internal.TraceNLSResolver@5c730c85
      finder = class com.ibm.ws.logging.internal.StackFinder@6cc3f009
      ivBundleName = "com.ibm.ws.webcontainer.resources.LShimMessages"
      caller = class java.lang.Class@341205f4
    error_nls = class com.ibm.ejs.ras.TraceNLS@654c99d9
      resolver = class com.ibm.ws.logging.internal.TraceNLSResolver@5c730c85
      finder = class com.ibm.ws.logging.internal.StackFinder@6cc3f009
      ivBundleName = "com.ibm.ws.webcontainer.resources.ErrorPage"
      caller = class java.lang.Class@341205f4
    sessionListeners = class java.util.ArrayList@134e9cab
      serialVersionUID = 8683452581122892189
      DEFAULT_CAPACITY = 10
      EMPTY_ELEMENTDATA = class java.lang.Object[0]
      DEFAULTCAPACITY_EMPTY_ELEMENTDATA = class java.lang.Object[0]
      elementData = class java.lang.Object[10]
      size = 1
      MAX_ARRAY_SIZE = 2147483639
      modCount = 2
      MAX_ARRAY_SIZE = 2147483639
    sessionIdListeners = class java.util.ArrayList@5a8537a6
      serialVersionUID = 8683452581122892189
      DEFAULT_CAPACITY = 10
      EMPTY_ELEMENTDATA = class java.lang.Object[0]
      DEFAULTCAPACITY_EMPTY_ELEMENTDATA = class java.lang.Object[0]
      elementData = class java.lang.Object[0]
      size = 0
      MAX_ARRAY_SIZE = 2147483639
      modCount = 0
      MAX_ARRAY_SIZE = 2147483639
    sessionAttrListeners = class java.util.ArrayList@45c27577
      serialVersionUID = 8683452581122892189
      DEFAULT_CAPACITY = 10
      EMPTY_ELEMENTDATA = class java.lang.Object[0]
      DEFAULTCAPACITY_EMPTY_ELEMENTDATA = class java.lang.Object[0]
      elementData = class java.lang.Object[0]
      size = 0
      MAX_ARRAY_SIZE = 2147483639
      modCount = 1
      MAX_ARRAY_SIZE = 2147483639
    addedSessionListeners = class java.util.ArrayList@44c1ae47
      serialVersionUID = 8683452581122892189
      DEFAULT_CAPACITY = 10
      EMPTY_ELEMENTDATA = class java.lang.Object[0]
      DEFAULTCAPACITY_EMPTY_ELEMENTDATA = class java.lang.Object[0]
      elementData = class java.lang.Object[0]
      size = 0
      MAX_ARRAY_SIZE = 2147483639
      modCount = 0
      MAX_ARRAY_SIZE = 2147483639
    addedSessionAttrListeners = class java.util.ArrayList@230dd9b0
      serialVersionUID = 8683452581122892189
      DEFAULT_CAPACITY = 10
      EMPTY_ELEMENTDATA = class java.lang.Object[0]
      DEFAULTCAPACITY_EMPTY_ELEMENTDATA = class java.lang.Object[0]
      elementData = class java.lang.Object[0]
      size = 0
      MAX_ARRAY_SIZE = 2147483639
      modCount = 0
      MAX_ARRAY_SIZE = 2147483639
    servletContextListeners = class java.util.ArrayList@50c6f270
      serialVersionUID = 8683452581122892189
      DEFAULT_CAPACITY = 10
      EMPTY_ELEMENTDATA = class java.lang.Object[0]
      DEFAULTCAPACITY_EMPTY_ELEMENTDATA = class java.lang.Object[0]
      elementData = class java.lang.Object[10]
      size = 4
      MAX_ARRAY_SIZE = 2147483639
      modCount = 5
      MAX_ARRAY_SIZE = 2147483639
    servletContextLAttrListeners = class java.util.ArrayList@6f95cd2
      serialVersionUID = 8683452581122892189
      DEFAULT_CAPACITY = 10
      EMPTY_ELEMENTDATA = class java.lang.Object[0]
      DEFAULTCAPACITY_EMPTY_ELEMENTDATA = class java.lang.Object[0]
      elementData = class java.lang.Object[0]
      size = 0
      MAX_ARRAY_SIZE = 2147483639
      modCount = 1
      MAX_ARRAY_SIZE = 2147483639
    servletRequestListeners = class java.util.ArrayList@4f8379dc
      serialVersionUID = 8683452581122892189
      DEFAULT_CAPACITY = 10
      EMPTY_ELEMENTDATA = class java.lang.Object[0]
      DEFAULTCAPACITY_EMPTY_ELEMENTDATA = class java.lang.Object[0]
      elementData = class java.lang.Object[0]
      size = 0
      MAX_ARRAY_SIZE = 2147483639
      modCount = 1
      MAX_ARRAY_SIZE = 2147483639
    servletRequestLAttrListeners = class java.util.ArrayList@28ef9c5
      serialVersionUID = 8683452581122892189
      DEFAULT_CAPACITY = 10
      EMPTY_ELEMENTDATA = class java.lang.Object[0]
      DEFAULTCAPACITY_EMPTY_ELEMENTDATA = class java.lang.Object[0]
      elementData = class java.lang.Object[0]
      size = 0
      MAX_ARRAY_SIZE = 2147483639
      modCount = 1
      MAX_ARRAY_SIZE = 2147483639
    prependSlashToResource = false
    destroyed = false
    webAppNameSpaceCollab = class com.ibm.ws.webcontainer.osgi.collaborator.WebAppNameSpaceCollaboratorImpl@6e2ce175
    txCollab = class com.ibm.ws.transaction.services.WebAppTransactionCollaboratorImpl@127725d4
    sessionActivationListeners = class java.util.ArrayList@65bcde96
      serialVersionUID = 8683452581122892189
      DEFAULT_CAPACITY = 10
      EMPTY_ELEMENTDATA = class java.lang.Object[0]
      DEFAULTCAPACITY_EMPTY_ELEMENTDATA = class java.lang.Object[0]
      elementData = class java.lang.Object[0]
      size = 0
      MAX_ARRAY_SIZE = 2147483639
      modCount = 1
      MAX_ARRAY_SIZE = 2147483639
    sessionBindingListeners = class java.util.ArrayList@296f013f
      serialVersionUID = 8683452581122892189
      DEFAULT_CAPACITY = 10
      EMPTY_ELEMENTDATA = class java.lang.Object[0]
      DEFAULTCAPACITY_EMPTY_ELEMENTDATA = class java.lang.Object[0]
      elementData = class java.lang.Object[0]
      size = 0
      MAX_ARRAY_SIZE = 2147483639
      modCount = 1
      MAX_ARRAY_SIZE = 2147483639
    scratchdir = null
    jspClassLoaderLimit = 0
    jspClassLoaderExclusionList = null
    jspClassLoadersMap = null
    jspClassLoaderLimitTrackIF = false
    defaultExtProc = null
    directoryBrowsingServlet = null
    cdiContexts = class java.util.concurrent.ConcurrentHashMap@7df6c057
      serialVersionUID = 7249069246763182397
      MAXIMUM_CAPACITY = 1073741824
      DEFAULT_CAPACITY = 16
      MAX_ARRAY_SIZE = 2147483639
      DEFAULT_CONCURRENCY_LEVEL = 16
      LOAD_FACTOR = 0.75
      TREEIFY_THRESHOLD = 8
      UNTREEIFY_THRESHOLD = 6
      MIN_TREEIFY_CAPACITY = 64
      MIN_TRANSFER_STRIDE = 16
      RESIZE_STAMP_BITS = 16
      MAX_RESIZERS = 65535
      RESIZE_STAMP_SHIFT = 16
      MOVED = -1
      TREEBIN = -2
      RESERVED = -3
      HASH_BITS = 2147483647
      NCPU = 8
      serialPersistentFields = class java.io.ObjectStreamField[3]
      table = null
      nextTable = null
      baseCount = 0
      sizeCtl = 0
      transferIndex = 0
      cellsBusy = 0
      counterCells = null
      keySet = null
      values = null
      entrySet = null
      U = class sun.misc.Unsafe@71223971
      SIZECTL = 20
      TRANSFERINDEX = 32
      BASECOUNT = 24
      CELLSBUSY = 36
      CELLVALUE = 144
      ABASE = 16
      ASHIFT = 2
      keySet = null
      values = null
    moduleConfig = class com.ibm.ws.webcontainer.osgi.container.DeployedModule@8c35efd
      tc = class com.ibm.websphere.ras.TraceComponent@459b407c
      loader = class com.ibm.ws.classloading.internal.ThreadContextClassLoader@1d251624
      webApp = class com.ibm.ws.webcontainer31.osgi.webapp.WebApp31@603d7665
      webAppConfig = class com.ibm.ws.webcontainer.osgi.webapp.WebAppConfiguration@3693d1e
      contextRootAdded = null
      properContextRoot = "/ChefServer"
      mappingContextRoot = "/ChefServer/*"
      serialVersionUID = -2104814060051592457
      $$$tc$$$ = class com.ibm.websphere.ras.TraceComponent@6ac55b4b
    extensionFactories = class java.util.ArrayList@b08791d
      serialVersionUID = 8683452581122892189
      DEFAULT_CAPACITY = 10
      EMPTY_ELEMENTDATA = class java.lang.Object[0]
      DEFAULTCAPACITY_EMPTY_ELEMENTDATA = class java.lang.Object[0]
      elementData = class java.lang.Object[10]
      size = 6
      MAX_ARRAY_SIZE = 2147483639
      modCount = 6
      MAX_ARRAY_SIZE = 2147483639
    initialized = true
    lock = class com.ibm.ws.webcontainer.webapp.WebApp$1@5abff7ba
      this$0 = class com.ibm.ws.webcontainer31.osgi.webapp.WebApp31@603d7665
    afterServletContextCreated = false
    redirectContextRoot = false
    errorExceptionTypeFirst = false
    initFilterBeforeServletInit = false
    sortedServletConfigs = class java.util.ArrayList@118070c2
      serialVersionUID = 8683452581122892189
      DEFAULT_CAPACITY = 10
      EMPTY_ELEMENTDATA = class java.lang.Object[0]
      DEFAULTCAPACITY_EMPTY_ELEMENTDATA = class java.lang.Object[0]
      elementData = class java.lang.Object[10]
      size = 1
      MAX_ARRAY_SIZE = 2147483639
      modCount = 1
      MAX_ARRAY_SIZE = 2147483639
    effectiveMajorVersion = 3
    effectiveMinorVersion = 1
    canAddServletContextListener = true
    withinContextInitOfProgAddListener = false
    lastProgAddListenerInitialized = "com.ibm.ws.cache.CacheServiceImpl"
    webInfLibClassloader = null
    metaInfCache = class com.ibm.ws.webcontainer.webapp.WebApp$2@3a6e0b9
      this$0 = class com.ibm.ws.webcontainer31.osgi.webapp.WebApp31@603d7665
      serialVersionUID = 3801124242820219131
      head = null
      tail = null
      accessOrder = true
      serialVersionUID = 362498820763181265
      DEFAULT_INITIAL_CAPACITY = 16
      MAXIMUM_CAPACITY = 1073741824
      DEFAULT_LOAD_FACTOR = 0.75
      TREEIFY_THRESHOLD = 8
      UNTREEIFY_THRESHOLD = 6
      MIN_TREEIFY_CAPACITY = 64
      table = null
      entrySet = null
      size = 0
      modCount = 0
      threshold = 32
      loadFactor = 1.0
      keySet = null
      values = null
    useMetaInfCache = true
    SUN_CONFIGURE_LISTENER_CLASSNAME = "com.sun.faces.config.ConfigureListener"
    MYFACES_LIFECYCLE_LISTENER_CLASSNAME = "org.apache.myfaces.webapp.StartupServletContextListener"
    JSF_IMPL_ENABLED_PARAM = "com.ibm.ws.jsf.JSF_IMPL_ENABLED"
    JSF_IMPL_ENABLED_CUSTOM = "Custom"
    JSF_IMPL_ENABLED_NONE = "None"
    staticDocRoot = class com.ibm.ws.webcontainer.util.DocumentRootUtils@4baea141
      logger = class com.ibm.ws.logging.internal.WsLogger@65a7fefa
      CLASS_NAME = "com.ibm.ws.webcontainer.util.DocumentRootUtils"
      useContentLength = false
      matchedFile = null
      matchedZipFile = null
      matchedEntry = null
      matchedURL = null
      edrRoot = null
      pfedrRoot = null
      ctxt = class com.ibm.ws.webcontainer31.osgi.webapp.WebApp31@603d7665
      baseDir = null
      edr = null
      pfedr = null
      metaInfRes = null
      searchpfEDR = false
      searchEDR = false
      searchMetaInfRes = true
      matchFromEDR = false
      matchFromMetaInfRes = false
      matchIsADirectory = false
      appConfig = class com.ibm.ws.webcontainer.osgi.webapp.WebAppConfiguration@3693d1e
      attributeType = "staticFile"
      STATIC_FILE = "staticFile"
      JSP = "jsp"
      PFEDR = "preFragmentExtendedDocumentRoot"
      EDR = "extendedDocumentRoot"
    jspDocRoot = class com.ibm.ws.webcontainer.util.DocumentRootUtils@6e098da9
      logger = class com.ibm.ws.logging.internal.WsLogger@65a7fefa
      CLASS_NAME = "com.ibm.ws.webcontainer.util.DocumentRootUtils"
      useContentLength = false
      matchedFile = null
      matchedZipFile = null
      matchedEntry = null
      matchedURL = null
      edrRoot = null
      pfedrRoot = null
      ctxt = class com.ibm.ws.webcontainer31.osgi.webapp.WebApp31@603d7665
      baseDir = null
      edr = null
      pfedr = null
      metaInfRes = null
      searchpfEDR = false
      searchEDR = false
      searchMetaInfRes = true
      matchFromEDR = false
      matchFromMetaInfRes = false
      matchIsADirectory = false
      appConfig = class com.ibm.ws.webcontainer.osgi.webapp.WebAppConfiguration@3693d1e
      attributeType = "jsp"
      STATIC_FILE = "staticFile"
      JSP = "jsp"
      PFEDR = "preFragmentExtendedDocumentRoot"
      EDR = "extendedDocumentRoot"
    container = class com.ibm.ws.adaptable.module.internal.AdaptableContainerImpl@5178dd07
      root = class com.ibm.ws.adaptable.module.internal.AdaptableContainerImpl@5178dd07
      rootOverlay = class com.ibm.ws.artifact.overlay.internal.DirectoryBasedOverlayContainerImpl@29059712
      factoryHolder = class com.ibm.ws.adaptable.module.internal.AdaptableModuleFactoryImpl@7c02830e
      delegate = class com.ibm.ws.artifact.overlay.internal.DirectoryBasedOverlayContainerImpl@29059712
      notifier = class com.ibm.ws.adaptable.module.internal.NotifierImpl@7d3cf436
      serialVersionUID = -5621513278641113667
      $$$tc$$$ = class com.ibm.websphere.ras.TraceComponent@2a3394b2
    metaInfResourceFinder = class com.ibm.ws.webcontainer.util.MetaInfResourceFinder@7c9df6ca
      jarResourceContainers = class java.util.ArrayList@42c5037c
      container = class com.ibm.ws.adaptable.module.internal.AdaptableContainerImpl@5178dd07
    postConstructMethods = class com.ibm.ws.webcontainer.webapp.WebApp$AnnotatedMethods@488a72c8
      annotationClass = class java.lang.Class@533ff7ff
      noOpClassNames = class java.util.Collections$SynchronizedSet@3832648
      annotatedMethodNames = class java.util.concurrent.ConcurrentHashMap@388db6e6
      EMPTY_METHODS = class java.lang.reflect.Method[0]
    preDestroyMethods = class com.ibm.ws.webcontainer.webapp.WebApp$AnnotatedMethods@76106631
      annotationClass = class java.lang.Class@31e4d9cb
      noOpClassNames = class java.util.Collections$SynchronizedSet@60ec13b5
      annotatedMethodNames = class java.util.concurrent.ConcurrentHashMap@2e6e267c
      EMPTY_METHODS = class java.lang.reflect.Method[0]
    OBJ_EMPTY = class java.lang.Object[0]
    CLASS_EMPTY = class java.lang.Class[0]
    DEFAULT_JSP_EXTENSIONS = class java.util.ArrayList@54d6d99f
      serialVersionUID = 8683452581122892189
      DEFAULT_CAPACITY = 10
      EMPTY_ELEMENTDATA = class java.lang.Object[0]
      DEFAULTCAPACITY_EMPTY_ELEMENTDATA = class java.lang.Object[0]
      elementData = class java.lang.Object[10]
      size = 4
      MAX_ARRAY_SIZE = 2147483639
      modCount = 4
      MAX_ARRAY_SIZE = 2147483639
    DEFER_SERVLET_REQUEST_LISTENER_DESTROY_ON_ERROR = false
    DO_ACCEPT_PARTIAL = true
    DO_NOT_ACCEPT_PARTIAL = false
    DO_ACCEPT_EXCLUDED = true
    DO_NOT_ACCEPT_EXCLUDED = false
    commands = class java.util.ArrayList@5ce9687e
      serialVersionUID = 8683452581122892189
      DEFAULT_CAPACITY = 10
      EMPTY_ELEMENTDATA = class java.lang.Object[0]
      DEFAULTCAPACITY_EMPTY_ELEMENTDATA = class java.lang.Object[0]
      elementData = class java.lang.Object[3]
      size = 0
      MAX_ARRAY_SIZE = 2147483639
      modCount = 0
      MAX_ARRAY_SIZE = 2147483639
    requestMapper = class com.ibm.wsspi.webcontainer.util.URIMapper@29bdac3c
      matcher = class com.ibm.wsspi.webcontainer.util.URIMatcher@48d6ddd
    parent = class com.ibm.ws.webcontainer.osgi.webapp.WebGroup@4b4592b5
      tc = class com.ibm.websphere.ras.TraceComponent@2d46e468
      logger = class com.ibm.ws.logging.internal.WsLogger@337326af
      CLASS_NAME = "com.ibm.ws.webcontainer.webapp.WebGroup"
      sessUrlRewritePrefix = ";jsessionid="
      qMark = "?"
      config = class com.ibm.ws.webcontainer.osgi.webapp.WebGroupConfiguration@51304c1b
      webApp = class com.ibm.ws.webcontainer31.osgi.webapp.WebApp31@603d7665
      commands = class java.util.ArrayList@67d3935b
      requestMapper = null
      parent = class com.ibm.ws.webcontainer.osgi.DynamicVirtualHost@5c531be1
      name = "/ChefServer/*"
      isAlive = true
      subElements = class java.util.HashMap@729e167c
      attributes = null
      config = null
      serialVersionUID = -8271459000149267764
      $$$tc$$$ = class com.ibm.websphere.ras.TraceComponent@2c3401ea
    name = "ChefServer"
    isAlive = true
    subElements = null
    attributes = class java.util.Collections$SynchronizedMap@69d03d89
      serialVersionUID = 1978198479659022715
      m = class java.util.HashMap@6e738c1e
      mutex = class java.util.Collections$SynchronizedMap@69d03d89
      keySet = null
      entrySet = null
      values = null
    config = null
    serialVersionUID = -8271459000149267764
    $$$tc$$$ = class com.ibm.websphere.ras.TraceComponent@2c3401ea
      strings[0] = "TraceComponent[com.ibm.ws.container.AbstractContainer,class com.ibm.ws.container.AbstractContainer,[],null,null]"

