------Start of DE processing------ = [10/29/16 23:49:58:159 CST]
Exception = com.ibm.ws.webcontainer.webapp.WebAppErrorReport
Source = com.ibm.ws.webcontainer.filter.WebAppFilterChain.doFilter
probeid = 82
Stack Dump = com.ibm.ws.webcontainer.webapp.WebAppErrorReport: javax.servlet.UnavailableException: SRVE0200E: Servlet [org.glassfish.jersey.servlet.ServletContainer]: No se ha encontrado la clase necesaria - org.glassfish.jersey.servlet.ServletContainer
	at com.ibm.ws.webcontainer.webapp.WebAppErrorReport.constructErrorReport(WebAppErrorReport.java:153)
	at com.ibm.ws.webcontainer.webapp.WebAppErrorReport.constructErrorReport(WebAppErrorReport.java:194)
	at com.ibm.ws.webcontainer.servlet.ServletWrapper.handleRequest(ServletWrapper.java:552)
	at com.ibm.ws.webcontainer.servlet.ServletWrapper.handleRequest(ServletWrapper.java:475)
	at com.ibm.ws.webcontainer.filter.WebAppFilterChain.invokeTarget(WebAppFilterChain.java:148)
	at com.ibm.ws.webcontainer.filter.WebAppFilterChain.doFilter(WebAppFilterChain.java:94)
	at com.ibm.ws.security.jaspi.JaspiServletFilter.doFilter(JaspiServletFilter.java:57)
	at com.ibm.ws.webcontainer.filter.FilterInstanceWrapper.doFilter(FilterInstanceWrapper.java:207)
	at com.ibm.ws.webcontainer.filter.WebAppFilterChain.doFilter(WebAppFilterChain.java:91)
	at com.ibm.ws.webcontainer.filter.WebAppFilterManager.doFilter(WebAppFilterManager.java:1021)
	at com.ibm.ws.webcontainer.filter.WebAppFilterManager.invokeFilters(WebAppFilterManager.java:1143)
	at com.ibm.ws.webcontainer.webapp.WebApp.handleRequest(WebApp.java:4939)
	at com.ibm.ws.webcontainer31.osgi.webapp.WebApp31.handleRequest(WebApp31.java:525)
	at com.ibm.ws.webcontainer.osgi.DynamicVirtualHost$2.handleRequest(DynamicVirtualHost.java:313)
	at com.ibm.ws.webcontainer.WebContainer.handleRequest(WebContainer.java:1007)
	at com.ibm.ws.webcontainer.osgi.DynamicVirtualHost$2.run(DynamicVirtualHost.java:278)
	at com.ibm.ws.http.dispatcher.internal.channel.HttpDispatcherLink$TaskWrapper.run(HttpDispatcherLink.java:967)
	at com.ibm.ws.http.dispatcher.internal.channel.HttpDispatcherLink.wrapHandlerAndExecute(HttpDispatcherLink.java:359)
	at com.ibm.ws.http.dispatcher.internal.channel.HttpDispatcherLink.ready(HttpDispatcherLink.java:318)
	at com.ibm.ws.http.channel.internal.inbound.HttpInboundLink.handleDiscrimination(HttpInboundLink.java:471)
	at com.ibm.ws.http.channel.internal.inbound.HttpInboundLink.handleNewRequest(HttpInboundLink.java:405)
	at com.ibm.ws.http.channel.internal.inbound.HttpInboundLink.processRequest(HttpInboundLink.java:285)
	at com.ibm.ws.http.channel.internal.inbound.HttpInboundLink.ready(HttpInboundLink.java:256)
	at com.ibm.ws.tcpchannel.internal.NewConnectionInitialReadCallback.sendToDiscriminators(NewConnectionInitialReadCallback.java:174)
	at com.ibm.ws.tcpchannel.internal.NewConnectionInitialReadCallback.complete(NewConnectionInitialReadCallback.java:83)
	at com.ibm.ws.tcpchannel.internal.WorkQueueManager.requestComplete(WorkQueueManager.java:504)
	at com.ibm.ws.tcpchannel.internal.WorkQueueManager.attemptIO(WorkQueueManager.java:574)
	at com.ibm.ws.tcpchannel.internal.WorkQueueManager.workerRun(WorkQueueManager.java:929)
	at com.ibm.ws.tcpchannel.internal.WorkQueueManager$Worker.run(WorkQueueManager.java:1018)
	at java.util.concurrent.ThreadPoolExecutor.runWorker(Unknown Source)
	at java.util.concurrent.ThreadPoolExecutor$Worker.run(Unknown Source)
	at java.lang.Thread.run(Unknown Source)
Caused by: javax.servlet.UnavailableException: SRVE0200E: Servlet [org.glassfish.jersey.servlet.ServletContainer]: No se ha encontrado la clase necesaria - org.glassfish.jersey.servlet.ServletContainer
	at com.ibm.ws.webcontainer.servlet.ServletWrapper.handleRequest(ServletWrapper.java:549)
	... 29 more

Dump of callerThis
Object type = com.ibm.ws.webcontainer.filter.WebAppFilterChain
  _filters = class java.util.ArrayList@20540571
    serialVersionUID = 8683452581122892189
    DEFAULT_CAPACITY = 10
    EMPTY_ELEMENTDATA = class java.lang.Object[0]
    DEFAULTCAPACITY_EMPTY_ELEMENTDATA = class java.lang.Object[0]
    elementData = class java.lang.Object[5]
      elementData[0] = class com.ibm.ws.webcontainer.filter.FilterInstanceWrapper@32b28c4b
      elementData[1] = null
      elementData[2] = null
      elementData[3] = null
      elementData[4] = null
    size = 1
    MAX_ARRAY_SIZE = 2147483639
    modCount = 1
    MAX_ARRAY_SIZE = 2147483639
  _currentFilterIndex = 1
  _numberOfFilters = 1
  requestProcessor = class com.ibm.ws.webcontainer.osgi.servlet.ServletWrapper@38cb259d
    serialVersionUID = 1
    _mo = null
    serialVersionUID = -4479626085298397598
    notifyInvocationListeners = false
    UNINITIALIZED_STATE = -1
    AVAILABLE_STATE = 0
    UNAVAILABLE_STATE = 1
    UNAVAILABLE_PERMANENTLY_STATE = 2
    collabHelper = class com.ibm.ws.webcontainer.osgi.collaborator.CollaboratorHelperImpl@147f4b61
      webAppInvCollabs = class java.util.Collections$UnmodifiableSet@232f4d40
      securityDomainForApp = null
      logger = class com.ibm.ws.logging.internal.WsLogger@748ed563
      staticDefaultSecurityCollaborator = class com.ibm.ws.webcontainer.collaborator.WebAppSecurityCollaborator@2e2c9a00
      logger = class com.ibm.ws.logging.internal.WsLogger@381505d9
      CLASS_NAME = "com.ibm.wsspi.webcontainer.collaborator.CollaboratorHelper"
      webApp = class com.ibm.ws.webcontainer31.osgi.webapp.WebApp31@6c8b6c54
      securityCollaborator = class com.ibm.ws.webcontainer.security.WebAppSecurityCollaboratorImpl@218a8089
      nameSpaceCollaborator = class com.ibm.ws.webcontainer.osgi.collaborator.WebAppNameSpaceCollaboratorImpl@7aa32d3b
      transactionCollaborator = class com.ibm.ws.transaction.services.WebAppTransactionCollaboratorImpl@3242e07d
      connectionCollaborator = class com.ibm.ws.webcontainer.collaborator.ConnectionCollaborator@45a9b804
      allCollabEnum = class java.util.RegularEnumSet@3a32fa75
      servlet_23_or_greater = true
      DEFER_SERVLET_REQUEST_LISTENER_DESTROY_ON_ERROR = false
    nServicing = class java.util.concurrent.atomic.AtomicInteger@63b6f3f7
      serialVersionUID = 6214790243416807050
      unsafe = class sun.misc.Unsafe@5b857638
      valueOffset = 12
      value = 0
      serialVersionUID = -8742448824652078965
    lastAccessTime = 1477806540188
    state = 2
    logger = class com.ibm.ws.logging.internal.WsLogger@4205aca
      tc = class com.ibm.websphere.ras.TraceComponent@75af58d0
      ivCachedResourceBundleName = "com.ibm.ws.webcontainer.resources.Messages"
      ivCachedResourceBundle = class com.ibm.ws.webcontainer.resources.Messages_es@5e73b495
      ivComponent = null
      ivOrganization = null
      ivProduct = null
      ivMinimumLocalizationLevelIntValue = 625
      ivTC = class com.ibm.websphere.ras.TraceComponent@3524fb6c
      loggerRegistrationComponent = class java.lang.ThreadLocal@11624b8
      emptyHandlers = class java.util.logging.Handler[0]
      offValue = 2147483647
      SYSTEM_LOGGER_RB_NAME = "sun.util.logging.resources.logging"
      SYSTEM_BUNDLE = class java.util.logging.Logger$LoggerBundle@3c6e30e8
      NO_RESOURCE_BUNDLE = class java.util.logging.Logger$LoggerBundle@6e10cf0f
      manager = class com.ibm.ws.kernel.boot.logging.WsLogManager@5e931591
      name = "com.ibm.ws.webcontainer.servlet"
      handlers = class java.util.concurrent.CopyOnWriteArrayList@7b57fb01
      loggerBundle = class java.util.logging.Logger$LoggerBundle@36f36df3
      useParentHandlers = true
      filter = null
      anonymous = false
      catalog = class com.ibm.ws.webcontainer.resources.Messages_es@5e73b495
      catalogName = "com.ibm.ws.webcontainer.resources.Messages"
      catalogLocale = class java.util.Locale@180a0d57
      treeLock = class java.lang.Object@5c4162a4
      parent = class com.ibm.ws.logging.internal.WsLogger@7170002a
      kids = null
      levelObject = class java.util.logging.Level@32e4d58d
      levelValue = 800
      callersClassLoaderRef = class java.lang.ref.WeakReference@7a4c1633
      isSystemLogger = false
      GLOBAL_LOGGER_NAME = "global"
      global = class java.util.logging.Logger@4893d5f6
      $assertionsDisabled = true
    CLASS_NAME = "com.ibm.ws.webcontainer.servlet.ServletWrapper"
    nls = class com.ibm.ejs.ras.TraceNLS@3378c234
      resolver = class com.ibm.ws.logging.internal.TraceNLSResolver@7b48d33c
      finder = class com.ibm.ws.logging.internal.StackFinder@39f51291
      ivBundleName = "com.ibm.ws.webcontainer.resources.Messages"
      caller = class java.lang.Class@2b939f8d
    servletConfig = class com.ibm.ws.webcontainer.servlet.ServletConfig@5db2a379
      logger = class com.ibm.ws.logging.internal.WsLogger@4205aca
      CLASS_NAME = "com.ibm.ws.webcontainer.servlet.ServletConfig"
      nls = class com.ibm.ejs.ras.TraceNLS@2104d2c9
      liberty_nls = class com.ibm.ejs.ras.TraceNLS@de88b34
      enabled = true
      servletName = "Jersey Web Application"
      className = "org.glassfish.jersey.servlet.ServletContainer"
      mappings = class java.util.ArrayList@757cae1a
      startUpWeight = 1
      DEFAULT_STARTUP = -1
      isCachingEnabled = true
      isStatisticsEnabled = true
      isInternal = false
      metaData = class com.ibm.ws.webcontainer.osgi.metadata.WebComponentMetaDataImpl@79730407
      singleThreadModelServlet = false
      isJsp = false
      webAppConfig = class com.ibm.ws.webcontainer.osgi.webapp.WebAppConfiguration@7e66137a
      servletWrapper = class com.ibm.ws.webcontainer.osgi.servlet.ServletWrapper@38cb259d
      servletClass = null
      servlet = null
      addedToLoadOnStartup = true
      previousWeight = null
      multipartConfig = null
      multipartConfigBaseLocation = null
      runAsRole = null
      servletSecurityElement = null
      declareRolesAnnotation = null
      logger = class com.ibm.ws.logging.internal.WsLogger@4205aca
      CLASS_NAME = "com.ibm.ws.webcontainer.servlet.TargetConfig"
      initParams = class java.util.HashMap@2702e22e
      fileName = null
      displayName = null
      name = "Jersey Web Application"
      description = null
      smallIcon = null
      largeIcon = null
      context = class com.ibm.ws.webcontainer31.facade.ServletContextFacade31@463099f5
      className = null
      asyncSupported = false
      _id = "ServletGeneratedId1"
      _attributes = null
      serialVersionUID = 7511545662945734886
      $$$tc$$$ = class com.ibm.websphere.ras.TraceComponent@33323fc7
    context = class com.ibm.ws.webcontainer31.osgi.webapp.WebApp31@6c8b6c54
    target = null
    cacheWrappers = null
    targetLoader = class com.ibm.ws.classloading.internal.ThreadContextClassLoader@1a6f3bf2
      tc = class com.ibm.websphere.ras.TraceComponent@4b7427bf
      bundle = class java.util.concurrent.atomic.AtomicReference@57be3e3d
      key = "WebModule:ChefServer#ChefServer.war"
      refCount = class java.util.concurrent.atomic.AtomicInteger@2ba7fff6
      appLoader = class com.ibm.ws.classloading.internal.AppClassLoader@31a5e931
      serialVersionUID = 7093379526360135425
      followOnClassLoaders = class java.util.ArrayList@40d00a5
      serialVersionUID = -5107316606107305512
      $$$tc$$$ = class com.ibm.websphere.ras.TraceComponent@a14c791
      serialVersionUID = -4868702105808481416
      $$$tc$$$ = class com.ibm.websphere.ras.TraceComponent@32b253e1
      serialVersionUID = 2596921220292114344
      $$$tc$$$ = class com.ibm.websphere.ras.TraceComponent@f842789
      initialized = true
      pdcache = class java.util.HashMap@6f60d3be
      debug = null
      parent = class com.ibm.ws.classloading.internal.GatewayClassLoader@378934d5
      parallelLockMap = null
      package2certs = class java.util.Hashtable@304fedf
      nocerts = class java.security.cert.Certificate[0]
      classes = class java.util.Vector@5a83591
      defaultDomain = class java.security.ProtectionDomain@772396c4
      domains = class java.util.HashSet@1eb746bd
      packages = class java.util.HashMap@3a61b1b2
      scl = class sun.misc.Launcher$AppClassLoader@18b4aac2
      sclSet = true
      loadedLibraryNames = class java.util.Vector@7ea10fd2
      systemNativeLibraries = class java.util.Vector@155f3374
      nativeLibraries = class java.util.Vector@31790dcc
      nativeLibraryContext = class java.util.Stack@6a2c670
      usr_paths = class java.lang.String[20]
      sys_paths = class java.lang.String[1]
      assertionLock = class com.ibm.ws.classloading.internal.ThreadContextClassLoader@1a6f3bf2
      defaultAssertionStatus = false
      packageAssertionStatus = null
      classAssertionStatus = null
    evtSource = class com.ibm.ws.webcontainer.webapp.WebAppEventSource@9cfda73
      _invocationListeners = class com.ibm.ws.webcontainer.util.EventListeners@67eb6041
      _servletListeners = class com.ibm.ws.webcontainer.util.EventListeners@50e5b5d4
      _errorListeners = class com.ibm.ws.webcontainer.util.EventListeners@68d838c4
      _applicationListeners = class com.ibm.ws.webcontainer.util.EventListeners@1e98b748
      _filterInvocationListeners = class com.ibm.ws.webcontainer.util.EventListeners@22cd25b2
      _filterListeners = class com.ibm.ws.webcontainer.util.EventListeners@5f7b7f2a
      _filterErrorListeners = class com.ibm.ws.webcontainer.util.EventListeners@764c6219
    event = class com.ibm.websphere.servlet.event.ServletEvent@4fe2f41c
      serialVersionUID = 3906650803920713522
      _servletName = "Jersey Web Application"
      _servletClassName = "org.glassfish.jersey.servlet.ServletContainer"
      $$$tc$$$ = class com.ibm.websphere.ras.TraceComponent@71d9fdd7
      serialVersionUID = 3546927969739289392
      _context = class com.ibm.ws.webcontainer31.facade.ServletContextFacade31@463099f5
      _servletNames = class com.ibm.ws.webcontainer.util.EmptyEnumeration@1b94f910
      $$$tc$$$ = class com.ibm.websphere.ras.TraceComponent@5b4a966d
      serialVersionUID = 5516075349620653480
      source = class com.ibm.ws.webcontainer.osgi.servlet.ServletWrapper@38cb259d
    unavailableMessage = "SRVE0200E: Servlet [org.glassfish.jersey.servlet.ServletContainer]: No se ha encontrado la clase necesaria - org.glassfish.jersey.servlet.ServletContainer"
    unavailableUntil = -1
    isSTM = false
    internalServlet = false
    webAppInvocationCollaborators = null
    platformHelper = class com.ibm.ws.webcontainer.PlatformHelper@f3f378a
    webAppNameSpaceCollab = class com.ibm.ws.webcontainer.osgi.collaborator.WebAppNameSpaceCollaboratorImpl@7aa32d3b
      cmdai = class com.ibm.ws.threadContext.ComponentMetaDataAccessorImpl@1bb99a26
    txCollab = class com.ibm.ws.transaction.services.WebAppTransactionCollaboratorImpl@3242e07d
      tc = class com.ibm.websphere.ras.TraceComponent@3c109c73
      ltCurrentRef = class com.ibm.wsspi.kernel.service.utils.AtomicServiceReference@2d35a96f
      tranMgrRef = class com.ibm.wsspi.kernel.service.utils.AtomicServiceReference@669ee9ce
      userTranRef = class com.ibm.wsspi.kernel.service.utils.AtomicServiceReference@62185818
      uowCallbackRef = class com.ibm.wsspi.kernel.service.utils.AtomicServiceReference@77d1b2e8
      serialVersionUID = -8319003162899973281
    connCollab = class com.ibm.ws.webcontainer.collaborator.ConnectionCollaborator@45a9b804
    suppressServletExceptionLogging = false
    throwExceptionEnum = class java.util.RegularEnumSet@335c445c
      serialVersionUID = 3411599620347842686
      elements = 256
      elementType = class java.lang.Class@206e01d0
      universe = class com.ibm.wsspi.webcontainer.collaborator.CollaboratorInvocationEnum[9]
      ZERO_LENGTH_ENUM_ARRAY = class java.lang.Enum[0]
      MAX_ARRAY_SIZE = 2147483639
    discernUnavailableServlet = false
    reInitServletonInitUnavailableException = true
    destroyServletonServiceUnavailableException = false
    servlet23 = true
    PARAMS_HEAD_TRACE = class java.lang.Class[2]
      PARAMS_HEAD_TRACE[0] = class java.lang.Class@2c1f85ca
      PARAMS_HEAD_TRACE[1] = class java.lang.Class@3d3a8717
    defaultHeadMethodInUse = false
    defaultTraceMethodInUse = false
    checkedForDefaultMethods = null
    defaultTraceRequestBehavior = false
    defaultHeadRequestBehavior = false
    useOriginalRequestState = false
    warningStatusSet = false
    LSTRING_FILE = "javax.servlet.LocalStrings"
    lStrings = class java.util.PropertyResourceBundle@7d70d1bc
      lookup = class java.util.HashMap@112699ae
      INITIAL_CACHE_SIZE = 32
      NONEXISTENT_BUNDLE = class java.util.ResourceBundle$1@28ac4a95
      cacheList = class java.util.concurrent.ConcurrentHashMap@1bdc16a5
      referenceQueue = class java.lang.ref.ReferenceQueue@3e920799
      parent = null
      locale = class java.util.Locale@4453fc19
      name = "javax.servlet.LocalStrings"
      expired = false
      cacheKey = class java.util.ResourceBundle$CacheKey@ee1fee4
      keySet = null
      providers = null
      $assertionsDisabled = true
    config = null
  _filtersDefined = true
  logger = class com.ibm.ws.logging.internal.WsLogger@6cfee3ce
    tc = class com.ibm.websphere.ras.TraceComponent@75af58d0
      strings[0] = "TraceComponent[com.ibm.ws.logging.internal.WsLogger,class com.ibm.ws.logging.internal.WsLogger,[logging],com.ibm.ws.logging.internal.resources.LoggingMessages,null]"
    ivCachedResourceBundleName = null
    ivCachedResourceBundle = null
    ivComponent = null
    ivOrganization = null
    ivProduct = null
    ivMinimumLocalizationLevelIntValue = 625
    ivTC = class com.ibm.websphere.ras.TraceComponent@540ecf5
      strings[0] = "TraceComponent[com.ibm.ws.webcontainer.filter,class com.ibm.wsspi.webcontainer.logging.LoggerFactory$1,[com.ibm.ws.webcontainer.filter],null,null]"
    loggerRegistrationComponent = class java.lang.ThreadLocal@11624b8
      threadLocalHashCode = 1914802624
      nextHashCode = class java.util.concurrent.atomic.AtomicInteger@63ffbd54
      HASH_INCREMENT = 1640531527
    emptyHandlers = class java.util.logging.Handler[0]
    offValue = 2147483647
    SYSTEM_LOGGER_RB_NAME = "sun.util.logging.resources.logging"
    SYSTEM_BUNDLE = class java.util.logging.Logger$LoggerBundle@3c6e30e8
      resourceBundleName = "sun.util.logging.resources.logging"
      userBundle = null
    NO_RESOURCE_BUNDLE = class java.util.logging.Logger$LoggerBundle@6e10cf0f
      resourceBundleName = null
      userBundle = null
    manager = class com.ibm.ws.kernel.boot.logging.WsLogManager@5e931591
      CLASS_NAME = "com.ibm.ws.kernel.boot.logging.WsLogManager"
      CONFIGURE_BY_SERVER_PROPERTY_NAME = "java.util.logging.configureByServer"
      CONFIGURE_BY_LOGGING_PROPERTIES_FILE = "java.util.logging.configureByLoggingPropertiesFile"
      configureByServer = true
      configureByLoggingProperties = false
      wsLogger = class java.lang.reflect.Constructor@3888b679
      resetEnabled = true
      manager = class com.ibm.ws.kernel.boot.logging.WsLogManager@5e931591
      props = class java.util.Properties@7b73331c
      defaultLevel = class java.util.logging.Level@32e4d58d
      listenerMap = class java.util.HashMap@50467407
      systemContext = class java.util.logging.LogManager$SystemLoggerContext@2d803b08
      userContext = class java.util.logging.LogManager$LoggerContext@33cdbf39
      rootLogger = class java.util.logging.LogManager$RootLogger@51c4818f
      readPrimordialConfiguration = true
      initializedGlobalHandlers = true
      deathImminent = false
      initializedCalled = true
      initializationDone = true
      contextsMap = null
      loggerRefQueue = class java.lang.ref.ReferenceQueue@324131fc
      MAX_ITERATIONS = 400
      controlPermission = class java.util.logging.LoggingPermission@1eb504c7
      loggingMXBean = null
      LOGGING_MXBEAN_NAME = "java.util.logging:type=Logging"
      $assertionsDisabled = true
    name = "com.ibm.ws.webcontainer.filter"
    handlers = class java.util.concurrent.CopyOnWriteArrayList@cdcec0d
      serialVersionUID = 8673264195747942595
      lock = class java.util.concurrent.locks.ReentrantLock@2b102301
      array = class java.lang.Object[0]
      UNSAFE = class sun.misc.Unsafe@5b857638
      lockOffset = 12
    loggerBundle = class java.util.logging.Logger$LoggerBundle@3f3159ad
      resourceBundleName = "com.ibm.ws.webcontainer.resources.Messages"
      userBundle = null
    useParentHandlers = true
    filter = null
    anonymous = false
    catalog = class com.ibm.ws.webcontainer.resources.Messages_es@2c87b595
      resources = class [Ljava.lang.Object;[332]
      lookup = class java.util.HashMap@304a108a
      INITIAL_CACHE_SIZE = 32
      NONEXISTENT_BUNDLE = class java.util.ResourceBundle$1@28ac4a95
      cacheList = class java.util.concurrent.ConcurrentHashMap@1bdc16a5
      referenceQueue = class java.lang.ref.ReferenceQueue@3e920799
      parent = class com.ibm.ws.webcontainer.resources.Messages@3ab533c0
      locale = class java.util.Locale@177a301e
      name = "com.ibm.ws.webcontainer.resources.Messages"
      expired = false
      cacheKey = class java.util.ResourceBundle$CacheKey@62af729e
      keySet = null
      providers = null
      $assertionsDisabled = true
    catalogName = "com.ibm.ws.webcontainer.resources.Messages"
    catalogLocale = class java.util.Locale@180a0d57
      LOCALECACHE = class java.util.Locale$Cache@613ef8f6
      ENGLISH = class java.util.Locale@2a59dcd9
      FRENCH = class java.util.Locale@29bea358
      GERMAN = class java.util.Locale@2fb00616
      ITALIAN = class java.util.Locale@39dfb25e
      JAPANESE = class java.util.Locale@5d840ea8
      KOREAN = class java.util.Locale@1fcc223
      CHINESE = class java.util.Locale@2ed3e4bc
      SIMPLIFIED_CHINESE = class java.util.Locale@6adaee7a
      TRADITIONAL_CHINESE = class java.util.Locale@17565cc7
      FRANCE = class java.util.Locale@70dc69d4
      GERMANY = class java.util.Locale@419b9577
      ITALY = class java.util.Locale@7c8f1a00
      JAPAN = class java.util.Locale@599ac132
      KOREA = class java.util.Locale@4a9b811c
      CHINA = class java.util.Locale@6adaee7a
      PRC = class java.util.Locale@6adaee7a
      TAIWAN = class java.util.Locale@17565cc7
      UK = class java.util.Locale@57b69515
      US = class java.util.Locale@53eddaf9
      CANADA = class java.util.Locale@5c7112e7
      CANADA_FRENCH = class java.util.Locale@4a74eb14
      ROOT = class java.util.Locale@4453fc19
      PRIVATE_USE_EXTENSION = x
      UNICODE_LOCALE_EXTENSION = u
      serialVersionUID = 9149081749638150636
      DISPLAY_LANGUAGE = 0
      DISPLAY_COUNTRY = 1
      DISPLAY_VARIANT = 2
      DISPLAY_SCRIPT = 3
      baseLocale = class sun.util.locale.BaseLocale@3124d95a
      localeExtensions = null
      hashCodeValue = 96785844
      defaultLocale = class java.util.Locale@180a0d57
      defaultDisplayLocale = null
      defaultFormatLocale = class java.util.Locale@180a0d57
      languageTag = "es-US"
      serialPersistentFields = class java.io.ObjectStreamField[6]
      isoLanguages = null
      isoCountries = null
      $assertionsDisabled = true
    treeLock = class java.lang.Object@5c4162a4
    parent = class com.ibm.ws.logging.internal.WsLogger@7170002a
      tc = class com.ibm.websphere.ras.TraceComponent@75af58d0
      ivCachedResourceBundleName = "com.ibm.ws.webcontainer.resources.Messages"
      ivCachedResourceBundle = class com.ibm.ws.webcontainer.resources.Messages_es@5e73b495
      ivComponent = null
      ivOrganization = null
      ivProduct = null
      ivMinimumLocalizationLevelIntValue = 625
      ivTC = class com.ibm.websphere.ras.TraceComponent@3acef5fc
      loggerRegistrationComponent = class java.lang.ThreadLocal@11624b8
      emptyHandlers = class java.util.logging.Handler[0]
      offValue = 2147483647
      SYSTEM_LOGGER_RB_NAME = "sun.util.logging.resources.logging"
      SYSTEM_BUNDLE = class java.util.logging.Logger$LoggerBundle@3c6e30e8
      NO_RESOURCE_BUNDLE = class java.util.logging.Logger$LoggerBundle@6e10cf0f
      manager = class com.ibm.ws.kernel.boot.logging.WsLogManager@5e931591
      name = "com.ibm.ws.webcontainer"
      handlers = class java.util.concurrent.CopyOnWriteArrayList@45069663
      loggerBundle = class java.util.logging.Logger$LoggerBundle@6a12d8d9
      useParentHandlers = true
      filter = null
      anonymous = false
      catalog = class com.ibm.ws.webcontainer.resources.Messages_es@5e73b495
      catalogName = "com.ibm.ws.webcontainer.resources.Messages"
      catalogLocale = class java.util.Locale@180a0d57
      treeLock = class java.lang.Object@5c4162a4
      parent = class java.util.logging.Logger@311af7d9
      kids = class java.util.ArrayList@145b5886
      levelObject = class java.util.logging.Level@32e4d58d
      levelValue = 800
      callersClassLoaderRef = class java.lang.ref.WeakReference@651f61e0
      isSystemLogger = false
      GLOBAL_LOGGER_NAME = "global"
      global = class java.util.logging.Logger@4893d5f6
      $assertionsDisabled = true
    kids = null
    levelObject = class java.util.logging.Level@32e4d58d
      defaultBundle = "sun.util.logging.resources.logging"
      name = "INFO"
      value = 800
      resourceBundleName = "sun.util.logging.resources.logging"
      localizedLevelName = "INFORMACIÓN"
      cachedLocale = class java.util.Locale@180a0d57
      OFF = class java.util.logging.Level@5a0af4d
      SEVERE = class java.util.logging.Level@304c0875
      WARNING = class java.util.logging.Level@1c2e7e
      INFO = class java.util.logging.Level@32e4d58d
      CONFIG = class java.util.logging.Level@687bf306
      FINE = class java.util.logging.Level@6821e383
      FINER = class java.util.logging.Level@387e5152
      FINEST = class java.util.logging.Level@5970f7fd
      ALL = class java.util.logging.Level@6e24cc16
      serialVersionUID = -8176160795706313070
    levelValue = 800
    callersClassLoaderRef = class java.lang.ref.WeakReference@3fcebcb7
      referent = class org.eclipse.osgi.internal.loader.EquinoxClassLoader@4c4626bf
      queue = class java.lang.ref.ReferenceQueue$Null@2f58c7f
      next = null
      discovered = null
      lock = class java.lang.ref.Reference$Lock@22b580f4
      pending = null
    isSystemLogger = false
    GLOBAL_LOGGER_NAME = "global"
    global = class java.util.logging.Logger@4893d5f6
      emptyHandlers = class java.util.logging.Handler[0]
      offValue = 2147483647
      SYSTEM_LOGGER_RB_NAME = "sun.util.logging.resources.logging"
      SYSTEM_BUNDLE = class java.util.logging.Logger$LoggerBundle@3c6e30e8
      NO_RESOURCE_BUNDLE = class java.util.logging.Logger$LoggerBundle@6e10cf0f
      manager = class com.ibm.ws.kernel.boot.logging.WsLogManager@5e931591
      name = "global"
      handlers = class java.util.concurrent.CopyOnWriteArrayList@121e8121
      loggerBundle = class java.util.logging.Logger$LoggerBundle@6e10cf0f
      useParentHandlers = true
      filter = null
      anonymous = false
      catalog = null
      catalogName = null
      catalogLocale = null
      treeLock = class java.lang.Object@5c4162a4
      parent = class java.util.logging.LogManager$RootLogger@51c4818f
      kids = null
      levelObject = null
      levelValue = 800
      callersClassLoaderRef = null
      isSystemLogger = true
      GLOBAL_LOGGER_NAME = "global"
      global = class java.util.logging.Logger@4893d5f6
      $assertionsDisabled = true
    $assertionsDisabled = true
  CLASS_NAME = "com.ibm.ws.webcontainer.filter.WebAppFilterChain"
  webapp = class com.ibm.ws.webcontainer31.osgi.webapp.WebApp31@6c8b6c54
    tc = class com.ibm.websphere.ras.TraceComponent@6e8bb51a
      strings[0] = "TraceComponent[com.ibm.ws.webcontainer31.osgi.webapp.WebApp31,class com.ibm.ws.webcontainer31.osgi.webapp.WebApp31,[webcontainer],com.ibm.ws.webcontainer31.resources.Messages,null]"
    CLASS_NAME = "com.ibm.ws.webcontainer31.osgi.webapp.WebApp31"
    servlet31NLS = class com.ibm.ejs.ras.TraceNLS@592bbae5
      resolver = class com.ibm.ws.logging.internal.TraceNLSResolver@7b48d33c
      finder = class com.ibm.ws.logging.internal.StackFinder@39f51291
      ivBundleName = "com.ibm.ws.webcontainer31.resources.Messages"
      caller = class java.lang.Class@70048ba9
    validListenerClasses = class java.lang.Class[7]
      validListenerClasses[0] = class java.lang.Class@4ed71533
      validListenerClasses[1] = class java.lang.Class@ee2bd58
      validListenerClasses[2] = class java.lang.Class@3db7d5df
      validListenerClasses[3] = class java.lang.Class@363fd22f
      validListenerClasses[4] = class java.lang.Class@40373756
      validListenerClasses[5] = class java.lang.Class@5ba45a75
      validListenerClasses[6] = class java.lang.Class@42592b45
    wsocServHandler = class com.ibm.ws.wsoc.external.WsocHandlerImpl@64ccfdd3
      tc = class com.ibm.websphere.ras.TraceComponent@12ca326d
      noMoreAddsCalled = true
      serialVersionUID = -2067291126638824067
    tc = class com.ibm.websphere.ras.TraceComponent@668a1861
      strings[0] = "TraceComponent[com.ibm.ws.webcontainer.osgi.webapp.WebApp,class com.ibm.ws.webcontainer.osgi.webapp.WebApp,[webcontainer],com.ibm.ws.webcontainer.resources.LShimMessages,null]"
    CLASS_NAME = "com.ibm.ws.webcontainer.osgi.webapp.WebApp"
    metaDataService = class com.ibm.ws.container.service.metadata.internal.MetaDataServiceImpl@34b9034f
      applicationMetaDataManager = class com.ibm.ws.container.service.metadata.internal.ApplicationMetaDataManager@7d11aa03
      moduleMetaDataManager = class com.ibm.ws.container.service.metadata.internal.ModuleMetaDataManager@4057ee43
      componentMetaDataManager = class com.ibm.ws.container.service.metadata.internal.ComponentMetaDataManager@65d58ba8
      methodMetaDataManager = class com.ibm.ws.container.service.metadata.internal.MethodMetaDataManager@2a25fa9e
      appModuleNameToModuleContainer = class java.util.concurrent.ConcurrentHashMap@5a941c6b
      jeeNameToComponentMetaData = class java.util.concurrent.ConcurrentHashMap@25cec48c
      deferredMetaDataFactories = class com.ibm.wsspi.kernel.service.utils.ConcurrentServiceReferenceSet@6c8f8356
      deferredMetaDataInitializers = class com.ibm.wsspi.kernel.service.utils.ConcurrentServiceReferenceMap@69fb6553
      serialVersionUID = -2494605732980966097
      $$$tc$$$ = class com.ibm.websphere.ras.TraceComponent@326c1079
    namespacePopulated = false
    referenceContext = class com.ibm.ws.injectionengine.osgi.internal.OSGiReferenceContextImpl@b30a9aa
      scopeData = class com.ibm.ws.injectionengine.osgi.internal.OSGiInjectionScopeData@7f80b2ba
      serialVersionUID = 521511923892134915
      $$$tc$$$ = class com.ibm.websphere.ras.TraceComponent@454231a4
      CLASS_NAME = "com.ibm.ws.injectionengine.ReferenceContextImpl"
      tc = class com.ibm.ejs.ras.TraceComponent@426bd6c0
      ivInjectionEngine = class com.ibm.ws.injectionengine.osgi.internal.OSGiInjectionEngineImpl@33160990
      ivProviders = class java.util.ArrayList@4a317e7e
      ivComponentJavaContext = null
      ivComponentNameSpace = null
      ivJavaColonCompEnvMap = class java.util.LinkedHashMap@e63845
      ivEjbContext10 = class java.util.Properties@156d1c61
      ivResourceRefConfigList = null
      isAlreadyProcessed = true
      ivProcessFailure = null
      ivInjectionTargetMap = class java.util.concurrent.ConcurrentHashMap@16b4ddd5
      ivDeclaredInjectionTargets = class java.util.HashMap@57b793f3
      ivProcessedInjectionClasses = class java.util.HashSet@66a2bd50
      ivProcessedInjectionBindings = class java.util.LinkedHashSet@1bd13bf1
      ivAnyProcessDynamic = true
      ivCheckAppConfig = false
    j2eeNameFactory = class com.ibm.ws.container.service.metadata.internal.J2EENameFactoryImpl@7fcc4cfb
      serialVersionUID = 3486344295038028821
      $$$tc$$$ = class com.ibm.websphere.ras.TraceComponent@6059e4f4
    moduleLoader = class com.ibm.ws.classloading.internal.AppClassLoader@31a5e931
      tc = class com.ibm.websphere.ras.TraceComponent@27b26425
      PARENT_FIRST_SEARCH_ORDER = class java.util.Collections$UnmodifiableRandomAccessList@18c8321
      CLASS_LOADING_TRACE_PREFIX = "com.ibm.ws.class.load."
      DEFAULT_PACKAGE = "default.package"
      perPackageClassLoadingTraceComponents = class java.util.concurrent.ConcurrentHashMap@69d20513
      config = class com.ibm.ws.classloading.internal.ClassLoaderConfigurationImpl@2cde4efd
      privateLibraries = null
      delegateLoaders = class com.ibm.ws.classloading.internal.util.CompositeIterable@764783f5
      nativeLibraryFiles = class java.util.ArrayList@13378397
      transformers = class java.util.ArrayList@6ab4e67f
      apiAccess = class com.ibm.ws.classloading.internal.GatewayClassLoader@403812a5
      generator = class com.ibm.ws.classloading.internal.ClassGeneratorManager@34c3e472
      protectionDomains = class java.util.concurrent.ConcurrentHashMap@7e518134
      parent = class com.ibm.ws.classloading.internal.GatewayClassLoader@403812a5
      serialVersionUID = 960221346174702086
      tc = class com.ibm.websphere.ras.TraceComponent@2f8d2ae3
      EMPTY_URL_ARRAY = class java.net.URL[0]
      smartClassPath = class com.ibm.ws.classloading.internal.ContainerClassLoader$SmartClassPathImpl@1c9f1d09
      nativeLibraryContainers = class java.util.ArrayList@37d48a9c
      redefiner = class com.ibm.ws.classloading.internal.util.ClassRedefiner@457ee573
      mapCreationQueue = class java.util.concurrent.Executors$FinalizableDelegatedExecutorService@3824c480
      serialVersionUID = 7249739282446266343
      serialVersionUID = -7411549862368381758
      $$$tc$$$ = class com.ibm.websphere.ras.TraceComponent@27e1be26
      serialVersionUID = -4868702105808481416
      $$$tc$$$ = class com.ibm.websphere.ras.TraceComponent@32b253e1
      serialVersionUID = 2596921220292114344
      $$$tc$$$ = class com.ibm.websphere.ras.TraceComponent@f842789
      initialized = true
      pdcache = class java.util.HashMap@4f2410b8
      debug = null
      parent = class com.ibm.ws.classloading.internal.GatewayClassLoader@403812a5
      parallelLockMap = null
      package2certs = class java.util.Hashtable@7dc32152
      nocerts = class java.security.cert.Certificate[0]
      classes = class java.util.Vector@63ddeaae
      defaultDomain = class java.security.ProtectionDomain@77e2c
      domains = class java.util.HashSet@6f490f44
      packages = class java.util.HashMap@be46a4e
      scl = class sun.misc.Launcher$AppClassLoader@18b4aac2
      sclSet = true
      loadedLibraryNames = class java.util.Vector@7ea10fd2
      systemNativeLibraries = class java.util.Vector@155f3374
      nativeLibraries = class java.util.Vector@7e06906
      nativeLibraryContext = class java.util.Stack@6a2c670
      usr_paths = class java.lang.String[20]
      sys_paths = class java.lang.String[1]
      assertionLock = class com.ibm.ws.classloading.internal.AppClassLoader@31a5e931
      defaultAssertionStatus = false
      packageAssertionStatus = null
      classAssertionStatus = null
    webAppConfig = class com.ibm.ws.webcontainer.osgi.webapp.WebAppConfiguration@7e66137a
      webModuleMetaData = class com.ibm.ws.webcontainer.osgi.metadata.WebModuleMetaDataImpl@5443842a
      webComponentMetaData = class com.ibm.ws.webcontainer.osgi.metadata.WebComponentMetaDataImpl@778bb243
      dVirtualHost = class com.ibm.ws.webcontainer.osgi.DynamicVirtualHost@253aafba
      orderedLibPaths = class java.util.Collections$UnmodifiableRandomAccessList@65a82715
      bundleHeaders = null
      cdiEnabled = false
      CLASS_NAME = "com.ibm.ws.webcontainer.webapp.WebAppConfiguration"
      logger = class com.ibm.ws.logging.internal.WsLogger@27104d10
      tc = class com.ibm.websphere.ras.TraceComponent@76103946
      nls = class com.ibm.ejs.ras.TraceNLS@e649918
      version = 31
      contextRoot = "/ChefServer"
      sessionTimeout = 0
      moduleSessionTimeoutSet = false
      moduleSessionTrackingModeSet = false
      sessionCookieConfig = class com.ibm.ws.session.SessionCookieConfigImpl@2c205058
      hasProgrammaticCookieConfig = false
      sessionDefaultTrackingModeSet = class java.util.RegularEnumSet@613e635
      sessionManagerConfig = class com.ibm.ws.session.SessionManagerConfig@d8df58e
      displayName = "ChefServer"
      description = null
      reloadInterval = 0
      distributable = false
      denyUncoveredHttpMethods = false
      reloadingEnabled = false
      serveServletsByClassnameEnabled = false
      defaultErrorPage = null
      additionalClassPath = null
      fileServingEnabled = null
      directoryBrowsingEnabled = false
      autoRequestEncoding = false
      autoResponseEncoding = false
      autoLoadFilters = false
      requestListeners = null
      requestAttributeListeners = null
      sessionListeners = null
      localeMap = null
      moduleName = "ChefServer"
      j2eeModuleName = "ChefServer.war"
      moduleId = null
      isSyncToThreadEnabled = false
      isSystemApp = false
      ardEnabled = false
      ardDispatchType = null
      listeners = class java.util.ArrayList@270b117e
      welcomeFileList = class java.util.ArrayList@9873757
      servletMappings = class java.util.HashMap@103c4a1c
      lastIndexBeforeDeclaredFilters = 0
      filterMappings = class java.util.ArrayList@72ffec10
      servletInfo = class java.util.HashMap@d8093d0
      filterInfo = class java.util.HashMap@3d0d20b8
      mimeMappings = class java.util.HashMap@4f93f1af
      mimeFilters = null
      isMimeFilteringEnabled = false
      theWebGroup = null
      jspAttributes = class java.util.HashMap@42010b21
      fileServingAttributes = class java.util.HashMap@4b160ea2
      invokerAttributes = class java.util.HashMap@1fcaef98
      contextParams = class java.util.HashMap@4f046b47
      virtualHost = "default_host"
      exceptionErrorPages = class java.util.HashMap@5163985
      codeErrorPages = class java.util.HashMap@7e8e449b
      tagLibList = null
      precompileJsps = false
      webApp = class com.ibm.ws.webcontainer31.osgi.webapp.WebApp31@6c8b6c54
      virtualHostList = class java.util.Collections$EmptyList@36f0c2fd
      appStartupWeight = 0
      moduleStartupWeight = 0
      metaDataComplete = false
      classesToScan = class java.util.ArrayList@5ac2c937
      uriFilterMappingInfos = class java.util.ArrayList@41241667
      servletFilterMappingInfos = null
      dynamicServletRegistrationMap = null
      applicationName = "ChefServer"
      libBinPathList = class java.util.ArrayList@6eac09fb
      webXmlDefinedListeners = class java.util.HashSet@628a2229
      allRefs = class java.util.EnumMap@52dde3af
      allRefBindings = class java.util.EnumMap@1e1a03b2
      envEntryValues = class java.util.HashMap@1077225b
      resourceRefConfigList = null
      disallowAllFileServingProp = "false"
      disallowServeServletsByClassnameProp = "true"
      disableStaticMappingCache = false
      jspCachedLocations = class java.util.HashMap@23dfd116
      _id = "WebAppGeneratedId1"
      _attributes = null
      serialVersionUID = 7511545662945734886
      $$$tc$$$ = class com.ibm.websphere.ras.TraceComponent@33323fc7
    extensionProcessingDisabled = false
    managedObjectService = class com.ibm.ws.cdi.impl.managedobject.CDIManagedObjectService@7c6d14b4
      cdiServiceRef = class com.ibm.wsspi.kernel.service.utils.AtomicServiceReference@3f431321
      defaultMOSRef = class com.ibm.wsspi.kernel.service.utils.AtomicServiceReference@53f82bbf
      cdiRuntime = class com.ibm.ws.cdi.liberty.CDIRuntimeImpl@2ff2dd59
      serialVersionUID = -2697988188171262037
      $$$tc$$$ = class com.ibm.websphere.ras.TraceComponent@371acbbd
    GenPluginCfgMB = null
    internalServletMetaData = interface com.ibm.wsspi.webcontainer.metadata.WebComponentMetaData[2]
      internalServletMetaData[0] = null
      internalServletMetaData[1] = null
    loginProcessor = null
    logoutProcessor = null
    collabHelper = class com.ibm.ws.webcontainer.osgi.collaborator.CollaboratorHelperImpl@147f4b61
    envObject = class com.ibm.ws.util.WSThreadLocal@5544de86
      tc = class com.ibm.ejs.ras.TraceComponent@6f891f86
      count = 8
      index = 4
      SUSPECTED_MISUSAGE_THRESHOLD = 200
      threadLocalHashCode = 1825325482
      nextHashCode = class java.util.concurrent.atomic.AtomicInteger@63ffbd54
      HASH_INCREMENT = 1640531527
    orderedLibPaths = class java.util.Collections$UnmodifiableRandomAccessList@65a82715
      serialVersionUID = -2542308836966382001
      serialVersionUID = -283967356065247728
      list = class java.util.ArrayList@7210f014
      serialVersionUID = 1820017752578914078
      c = class java.util.ArrayList@7210f014
    perm = class com.ibm.websphere.security.WebSphereRuntimePermission@a0641a9
      serialVersionUID = -3306242789188168337
      $$$tc$$$ = class com.ibm.websphere.ras.TraceComponent@5eba5e87
      serialVersionUID = 6279438298436773498
      wildcard = false
      path = "accessServletContext"
      exitVM = false
      serialVersionUID = -5636570222231596674
      name = "accessServletContext"
    WELCOME_FILE_LIST = "com.ibm.ws.webcontainer.config.WelcomeFileList"
    DIR_BROWSING_MAPPING = "__dirBrowsing__1477806535649"
    FILTER_PROXY_MAPPING = "/__filterProxy__1477806535649"
    logger = class com.ibm.ws.logging.internal.WsLogger@27104d10
      tc = class com.ibm.websphere.ras.TraceComponent@75af58d0
      ivCachedResourceBundleName = "com.ibm.ws.webcontainer.resources.Messages"
      ivCachedResourceBundle = class com.ibm.ws.webcontainer.resources.Messages_es@5e73b495
      ivComponent = null
      ivOrganization = null
      ivProduct = null
      ivMinimumLocalizationLevelIntValue = 625
      ivTC = class com.ibm.websphere.ras.TraceComponent@174848d2
      loggerRegistrationComponent = class java.lang.ThreadLocal@11624b8
      emptyHandlers = class java.util.logging.Handler[0]
      offValue = 2147483647
      SYSTEM_LOGGER_RB_NAME = "sun.util.logging.resources.logging"
      SYSTEM_BUNDLE = class java.util.logging.Logger$LoggerBundle@3c6e30e8
      NO_RESOURCE_BUNDLE = class java.util.logging.Logger$LoggerBundle@6e10cf0f
      manager = class com.ibm.ws.kernel.boot.logging.WsLogManager@5e931591
      name = "com.ibm.ws.webcontainer.webapp"
      handlers = class java.util.concurrent.CopyOnWriteArrayList@77af13ac
      loggerBundle = class java.util.logging.Logger$LoggerBundle@666e540e
      useParentHandlers = true
      filter = null
      anonymous = false
      catalog = class com.ibm.ws.webcontainer.resources.Messages_es@5e73b495
      catalogName = "com.ibm.ws.webcontainer.resources.Messages"
      catalogLocale = class java.util.Locale@180a0d57
      treeLock = class java.lang.Object@5c4162a4
      parent = class com.ibm.ws.logging.internal.WsLogger@7170002a
      kids = null
      levelObject = class java.util.logging.Level@32e4d58d
      levelValue = 800
      callersClassLoaderRef = class java.lang.ref.WeakReference@46961843
      isSystemLogger = false
      GLOBAL_LOGGER_NAME = "global"
      global = class java.util.logging.Logger@4893d5f6
      $assertionsDisabled = true
    CLASS_NAME = "com.ibm.ws.webcontainer.webapp.WebApp"
    loader = class com.ibm.ws.classloading.internal.ThreadContextClassLoader@1a6f3bf2
    facade = class com.ibm.ws.webcontainer31.facade.ServletContextFacade31@463099f5
      context = class com.ibm.ws.webcontainer31.osgi.webapp.WebApp31@6c8b6c54
    features = class java.util.ArrayList@54d3179a
      serialVersionUID = 8683452581122892189
      DEFAULT_CAPACITY = 10
      EMPTY_ELEMENTDATA = class java.lang.Object[0]
      DEFAULTCAPACITY_EMPTY_ELEMENTDATA = class java.lang.Object[0]
      elementData = class java.lang.Object[0]
      size = 0
      MAX_ARRAY_SIZE = 2147483639
      modCount = 0
      MAX_ARRAY_SIZE = 2147483639
    applicationName = "ChefServer"
    config = class com.ibm.ws.webcontainer.osgi.webapp.WebAppConfiguration@7e66137a
    securityEnabledForApp = true
    webExtensionProcessor = class com.ibm.ws.webcontainer.osgi.extension.WebExtensionProcessor@70e7029a
      webApp = class com.ibm.ws.webcontainer31.osgi.webapp.WebApp31@6c8b6c54
      extensionContext = class com.ibm.ws.webcontainer31.osgi.webapp.WebApp31@6c8b6c54
    production = true
    isServlet23 = true
    contextPath = "/ChefServer"
    internalServletList = class [Ljava.lang.String;[2]
      internalServletList[0] = class java.lang.String[2]
      internalServletList[1] = class java.lang.String[2]
    BY_NAME_ONLY = "/_1477806535649_/"
    filterManager = class com.ibm.ws.webcontainer.osgi.filter.WebAppFilterManagerImpl@7a2b307c
      _filterWrappers = class java.util.Hashtable@19ebc35b
      chainCache = class java.util.Collections$SynchronizedMap@3349e34c
      forwardChainCache = class java.util.Collections$SynchronizedMap@4d28a5c0
      includeChainCache = class java.util.Collections$SynchronizedMap@1ce548ba
      errorChainCache = class java.util.Collections$SynchronizedMap@5b53b166
      _filtersDefined = true
      FMI_MAPPING_SINGLE_SLASH = 0
      FMI_MAPPING_PATH_MATCH = 1
      FMI_MAPPING_EXTENSION_MATCH = 2
      FMI_MAPPING_EXACT_MATCH = 3
      logger = class com.ibm.ws.logging.internal.WsLogger@6cfee3ce
      CLASS_NAME = "com.ibm.ws.webcontainer.filter.WebAppFilterManager"
      nls = class com.ibm.ejs.ras.TraceNLS@27fc7ac3
      webAppConfig = class com.ibm.ws.webcontainer.osgi.webapp.WebAppConfiguration@7e66137a
      webApp = class com.ibm.ws.webcontainer31.osgi.webapp.WebApp31@6c8b6c54
      collabHelper = class com.ibm.ws.webcontainer.osgi.collaborator.CollaboratorHelperImpl@147f4b61
      webAppNameSpaceCollab = class com.ibm.ws.webcontainer.osgi.collaborator.WebAppNameSpaceCollaboratorImpl@7aa32d3b
      secCollab = class com.ibm.ws.webcontainer.security.WebAppSecurityCollaboratorImpl@218a8089
      sessionSecurityIntegrationEnabled = true
      assumeFilterSuccessOnSecurityError = false
      useOriginalRequestState = false
      _evtSource = class com.ibm.ws.webcontainer.webapp.WebAppEventSource@9cfda73
      defaultComponentMetaData = class com.ibm.ws.webcontainer.osgi.metadata.WebComponentMetaDataImpl@778bb243
      DEFER_SERVLET_REQUEST_LISTENER_DESTROY_ON_ERROR = false
    documentRoot = null
    SERVLET_API_VERSION = "Servlet 2.5"
    disableServletAuditLogging = -1
    serverInfo = "IBM WebSphere Liberty/16.0.0.3"
    sessionCtx = class com.ibm.ws.webcontainer31.session.impl.HttpSessionContext31Impl@6d09b2e1
      methodClassName = "HttpSessionContextImpl"
      _smc = class com.ibm.ws.session.SessionManagerConfig@d8df58e
      sessionStoreService = null
      _sap = class com.ibm.ws.session.SessionApplicationParameters@5ea34f1e
      _coreHttpSessionManager = class com.ibm.ws.session.SessionManager@144ea841
      _coreHttpAppSessionManager = null
      _sam = class com.ibm.ws.webcontainer.session.impl.SessionAffinityManagerImpl@64f4d2f3
      isSIPApplication = false
      sessionAttributeListener = false
      sessionListener = true
      mHttpSessionAttributeListeners = class java.util.ArrayList@7af02363
      mHttpSessionListeners = class java.util.ArrayList@3eef489c
      mHttpSessionIdListeners = class java.util.ArrayList@5f82f3a0
      mHttpSessionAttributeListenersJ2eeNames = class java.util.ArrayList@1d23c1e9
      mHttpSessionListenersJ2eeNames = class java.util.ArrayList@66331215
      mHttpSessionIdListenersJ2eeNames = class java.util.ArrayList@225c0de7
      mLocalHost = null
      _refCount = 1
      currentThreadSacHashtable = null
      methodClassName = "SessionContext"
      ANONYMOUS_USER = "anonymous"
      wasHttpSessionObserver = class com.ibm.ws.session.WasHttpSessionObserver@6a8be5ff
      wasHttpSessionAttributeObserver = null
      _invalidator = class com.ibm.ws.session.SessionInvalidatorWithThreadPool@69a45dce
      _storer = class com.ibm.ws.session.EOSSessionStorer@17795955
      wasHttpAppSessionObserver = null
      mHttpAppSessionListeners = null
      cmvcInfo = "CMVC Version 1.9 6/24/07 11:12:24"
      _loggedVersion = true
      CREATE_CORE_SESSION_MANAGER = 0
      GET_REQUESTED_SESSION_ID = 1
      GET_IHTTP_SESSION = 2
      SESSION_PRE_INVOKE = 3
      SESSION_POST_INVOKE = 4
      STOP = 5
      STOP_LISTENERS = 6
      IS_VALID = 7
      ENCODE_URL = 8
      SHOULD_ENCODE_URL = 9
      IS_PROTOCOL_SWITCH = 10
      GET_LOCAL_HOST = 11
      ADD_HTTP_SESSION_ATTRIBUTE_LISTENER = 12
      ADD_HTTP_SESSION_LISTENER = 13
      GET_SESSION_AFFINITY_CONTEXT = 14
      CHECK_SECURITY = 15
      INVALIDATE = 16
      CHECK_SESSSIONID_IS_RIGHT_LENGTH = 17
      LOCK_SESSION = 18
      UNLOCK_SESSION = 19
      ADD_HTTP_SESSION_ID_LISTENER = 20
      methodNames = class java.lang.String[21]
    eventSource = class com.ibm.ws.webcontainer.webapp.WebAppEventSource@9cfda73
    nls = class com.ibm.ejs.ras.TraceNLS@21aa171d
      resolver = class com.ibm.ws.logging.internal.TraceNLSResolver@7b48d33c
      finder = class com.ibm.ws.logging.internal.StackFinder@39f51291
      ivBundleName = "com.ibm.ws.webcontainer.resources.Messages"
      caller = class java.lang.Class@474d4ecf
    liberty_nls = class com.ibm.ejs.ras.TraceNLS@69912260
      resolver = class com.ibm.ws.logging.internal.TraceNLSResolver@7b48d33c
      finder = class com.ibm.ws.logging.internal.StackFinder@39f51291
      ivBundleName = "com.ibm.ws.webcontainer.resources.LShimMessages"
      caller = class java.lang.Class@474d4ecf
    error_nls = class com.ibm.ejs.ras.TraceNLS@1dc245a
      resolver = class com.ibm.ws.logging.internal.TraceNLSResolver@7b48d33c
      finder = class com.ibm.ws.logging.internal.StackFinder@39f51291
      ivBundleName = "com.ibm.ws.webcontainer.resources.ErrorPage"
      caller = class java.lang.Class@474d4ecf
    sessionListeners = class java.util.ArrayList@2162003a
      serialVersionUID = 8683452581122892189
      DEFAULT_CAPACITY = 10
      EMPTY_ELEMENTDATA = class java.lang.Object[0]
      DEFAULTCAPACITY_EMPTY_ELEMENTDATA = class java.lang.Object[0]
      elementData = class java.lang.Object[10]
      size = 1
      MAX_ARRAY_SIZE = 2147483639
      modCount = 2
      MAX_ARRAY_SIZE = 2147483639
    sessionIdListeners = class java.util.ArrayList@5081e9f4
      serialVersionUID = 8683452581122892189
      DEFAULT_CAPACITY = 10
      EMPTY_ELEMENTDATA = class java.lang.Object[0]
      DEFAULTCAPACITY_EMPTY_ELEMENTDATA = class java.lang.Object[0]
      elementData = class java.lang.Object[0]
      size = 0
      MAX_ARRAY_SIZE = 2147483639
      modCount = 0
      MAX_ARRAY_SIZE = 2147483639
    sessionAttrListeners = class java.util.ArrayList@30e353a6
      serialVersionUID = 8683452581122892189
      DEFAULT_CAPACITY = 10
      EMPTY_ELEMENTDATA = class java.lang.Object[0]
      DEFAULTCAPACITY_EMPTY_ELEMENTDATA = class java.lang.Object[0]
      elementData = class java.lang.Object[0]
      size = 0
      MAX_ARRAY_SIZE = 2147483639
      modCount = 1
      MAX_ARRAY_SIZE = 2147483639
    addedSessionListeners = class java.util.ArrayList@50fd5f14
      serialVersionUID = 8683452581122892189
      DEFAULT_CAPACITY = 10
      EMPTY_ELEMENTDATA = class java.lang.Object[0]
      DEFAULTCAPACITY_EMPTY_ELEMENTDATA = class java.lang.Object[0]
      elementData = class java.lang.Object[0]
      size = 0
      MAX_ARRAY_SIZE = 2147483639
      modCount = 0
      MAX_ARRAY_SIZE = 2147483639
    addedSessionAttrListeners = class java.util.ArrayList@61aff6e1
      serialVersionUID = 8683452581122892189
      DEFAULT_CAPACITY = 10
      EMPTY_ELEMENTDATA = class java.lang.Object[0]
      DEFAULTCAPACITY_EMPTY_ELEMENTDATA = class java.lang.Object[0]
      elementData = class java.lang.Object[0]
      size = 0
      MAX_ARRAY_SIZE = 2147483639
      modCount = 0
      MAX_ARRAY_SIZE = 2147483639
    servletContextListeners = class java.util.ArrayList@3ebe6d69
      serialVersionUID = 8683452581122892189
      DEFAULT_CAPACITY = 10
      EMPTY_ELEMENTDATA = class java.lang.Object[0]
      DEFAULTCAPACITY_EMPTY_ELEMENTDATA = class java.lang.Object[0]
      elementData = class java.lang.Object[10]
      size = 4
      MAX_ARRAY_SIZE = 2147483639
      modCount = 5
      MAX_ARRAY_SIZE = 2147483639
    servletContextLAttrListeners = class java.util.ArrayList@14ea777b
      serialVersionUID = 8683452581122892189
      DEFAULT_CAPACITY = 10
      EMPTY_ELEMENTDATA = class java.lang.Object[0]
      DEFAULTCAPACITY_EMPTY_ELEMENTDATA = class java.lang.Object[0]
      elementData = class java.lang.Object[0]
      size = 0
      MAX_ARRAY_SIZE = 2147483639
      modCount = 1
      MAX_ARRAY_SIZE = 2147483639
    servletRequestListeners = class java.util.ArrayList@2ed58f0d
      serialVersionUID = 8683452581122892189
      DEFAULT_CAPACITY = 10
      EMPTY_ELEMENTDATA = class java.lang.Object[0]
      DEFAULTCAPACITY_EMPTY_ELEMENTDATA = class java.lang.Object[0]
      elementData = class java.lang.Object[0]
      size = 0
      MAX_ARRAY_SIZE = 2147483639
      modCount = 1
      MAX_ARRAY_SIZE = 2147483639
    servletRequestLAttrListeners = class java.util.ArrayList@30536cc8
      serialVersionUID = 8683452581122892189
      DEFAULT_CAPACITY = 10
      EMPTY_ELEMENTDATA = class java.lang.Object[0]
      DEFAULTCAPACITY_EMPTY_ELEMENTDATA = class java.lang.Object[0]
      elementData = class java.lang.Object[0]
      size = 0
      MAX_ARRAY_SIZE = 2147483639
      modCount = 1
      MAX_ARRAY_SIZE = 2147483639
    prependSlashToResource = false
    destroyed = false
    webAppNameSpaceCollab = class com.ibm.ws.webcontainer.osgi.collaborator.WebAppNameSpaceCollaboratorImpl@7aa32d3b
    txCollab = class com.ibm.ws.transaction.services.WebAppTransactionCollaboratorImpl@3242e07d
    sessionActivationListeners = class java.util.ArrayList@7d4b8a8e
      serialVersionUID = 8683452581122892189
      DEFAULT_CAPACITY = 10
      EMPTY_ELEMENTDATA = class java.lang.Object[0]
      DEFAULTCAPACITY_EMPTY_ELEMENTDATA = class java.lang.Object[0]
      elementData = class java.lang.Object[0]
      size = 0
      MAX_ARRAY_SIZE = 2147483639
      modCount = 1
      MAX_ARRAY_SIZE = 2147483639
    sessionBindingListeners = class java.util.ArrayList@3a5d7bf3
      serialVersionUID = 8683452581122892189
      DEFAULT_CAPACITY = 10
      EMPTY_ELEMENTDATA = class java.lang.Object[0]
      DEFAULTCAPACITY_EMPTY_ELEMENTDATA = class java.lang.Object[0]
      elementData = class java.lang.Object[0]
      size = 0
      MAX_ARRAY_SIZE = 2147483639
      modCount = 1
      MAX_ARRAY_SIZE = 2147483639
    scratchdir = null
    jspClassLoaderLimit = 0
    jspClassLoaderExclusionList = null
    jspClassLoadersMap = null
    jspClassLoaderLimitTrackIF = false
    defaultExtProc = null
    directoryBrowsingServlet = null
    cdiContexts = class java.util.concurrent.ConcurrentHashMap@38723652
      serialVersionUID = 7249069246763182397
      MAXIMUM_CAPACITY = 1073741824
      DEFAULT_CAPACITY = 16
      MAX_ARRAY_SIZE = 2147483639
      DEFAULT_CONCURRENCY_LEVEL = 16
      LOAD_FACTOR = 0.75
      TREEIFY_THRESHOLD = 8
      UNTREEIFY_THRESHOLD = 6
      MIN_TREEIFY_CAPACITY = 64
      MIN_TRANSFER_STRIDE = 16
      RESIZE_STAMP_BITS = 16
      MAX_RESIZERS = 65535
      RESIZE_STAMP_SHIFT = 16
      MOVED = -1
      TREEBIN = -2
      RESERVED = -3
      HASH_BITS = 2147483647
      NCPU = 8
      serialPersistentFields = class java.io.ObjectStreamField[3]
      table = null
      nextTable = null
      baseCount = 0
      sizeCtl = 0
      transferIndex = 0
      cellsBusy = 0
      counterCells = null
      keySet = null
      values = null
      entrySet = null
      U = class sun.misc.Unsafe@5b857638
      SIZECTL = 20
      TRANSFERINDEX = 32
      BASECOUNT = 24
      CELLSBUSY = 36
      CELLVALUE = 144
      ABASE = 16
      ASHIFT = 2
      keySet = null
      values = null
    moduleConfig = class com.ibm.ws.webcontainer.osgi.container.DeployedModule@136c38b8
      tc = class com.ibm.websphere.ras.TraceComponent@135dc58f
      loader = class com.ibm.ws.classloading.internal.ThreadContextClassLoader@1a6f3bf2
      webApp = class com.ibm.ws.webcontainer31.osgi.webapp.WebApp31@6c8b6c54
      webAppConfig = class com.ibm.ws.webcontainer.osgi.webapp.WebAppConfiguration@7e66137a
      contextRootAdded = null
      properContextRoot = "/ChefServer"
      mappingContextRoot = "/ChefServer/*"
      serialVersionUID = -2104814060051592457
      $$$tc$$$ = class com.ibm.websphere.ras.TraceComponent@318da4f8
    extensionFactories = class java.util.ArrayList@3252cfa1
      serialVersionUID = 8683452581122892189
      DEFAULT_CAPACITY = 10
      EMPTY_ELEMENTDATA = class java.lang.Object[0]
      DEFAULTCAPACITY_EMPTY_ELEMENTDATA = class java.lang.Object[0]
      elementData = class java.lang.Object[10]
      size = 6
      MAX_ARRAY_SIZE = 2147483639
      modCount = 6
      MAX_ARRAY_SIZE = 2147483639
    initialized = true
    lock = class com.ibm.ws.webcontainer.webapp.WebApp$1@6301b8fb
      this$0 = class com.ibm.ws.webcontainer31.osgi.webapp.WebApp31@6c8b6c54
    afterServletContextCreated = false
    redirectContextRoot = false
    errorExceptionTypeFirst = false
    initFilterBeforeServletInit = false
    sortedServletConfigs = class java.util.ArrayList@4ae8d26f
      serialVersionUID = 8683452581122892189
      DEFAULT_CAPACITY = 10
      EMPTY_ELEMENTDATA = class java.lang.Object[0]
      DEFAULTCAPACITY_EMPTY_ELEMENTDATA = class java.lang.Object[0]
      elementData = class java.lang.Object[10]
      size = 1
      MAX_ARRAY_SIZE = 2147483639
      modCount = 1
      MAX_ARRAY_SIZE = 2147483639
    effectiveMajorVersion = 3
    effectiveMinorVersion = 1
    canAddServletContextListener = true
    withinContextInitOfProgAddListener = false
    lastProgAddListenerInitialized = "com.ibm.ws.cache.CacheServiceImpl"
    webInfLibClassloader = null
    metaInfCache = class com.ibm.ws.webcontainer.webapp.WebApp$2@38b38a72
      this$0 = class com.ibm.ws.webcontainer31.osgi.webapp.WebApp31@6c8b6c54
      serialVersionUID = 3801124242820219131
      head = null
      tail = null
      accessOrder = true
      serialVersionUID = 362498820763181265
      DEFAULT_INITIAL_CAPACITY = 16
      MAXIMUM_CAPACITY = 1073741824
      DEFAULT_LOAD_FACTOR = 0.75
      TREEIFY_THRESHOLD = 8
      UNTREEIFY_THRESHOLD = 6
      MIN_TREEIFY_CAPACITY = 64
      table = null
      entrySet = null
      size = 0
      modCount = 0
      threshold = 32
      loadFactor = 1.0
      keySet = null
      values = null
    useMetaInfCache = true
    SUN_CONFIGURE_LISTENER_CLASSNAME = "com.sun.faces.config.ConfigureListener"
    MYFACES_LIFECYCLE_LISTENER_CLASSNAME = "org.apache.myfaces.webapp.StartupServletContextListener"
    JSF_IMPL_ENABLED_PARAM = "com.ibm.ws.jsf.JSF_IMPL_ENABLED"
    JSF_IMPL_ENABLED_CUSTOM = "Custom"
    JSF_IMPL_ENABLED_NONE = "None"
    staticDocRoot = class com.ibm.ws.webcontainer.util.DocumentRootUtils@1cb87502
      logger = class com.ibm.ws.logging.internal.WsLogger@506b19bc
      CLASS_NAME = "com.ibm.ws.webcontainer.util.DocumentRootUtils"
      useContentLength = false
      matchedFile = null
      matchedZipFile = null
      matchedEntry = null
      matchedURL = null
      edrRoot = null
      pfedrRoot = null
      ctxt = class com.ibm.ws.webcontainer31.osgi.webapp.WebApp31@6c8b6c54
      baseDir = null
      edr = null
      pfedr = null
      metaInfRes = null
      searchpfEDR = false
      searchEDR = false
      searchMetaInfRes = true
      matchFromEDR = false
      matchFromMetaInfRes = false
      matchIsADirectory = false
      appConfig = class com.ibm.ws.webcontainer.osgi.webapp.WebAppConfiguration@7e66137a
      attributeType = "staticFile"
      STATIC_FILE = "staticFile"
      JSP = "jsp"
      PFEDR = "preFragmentExtendedDocumentRoot"
      EDR = "extendedDocumentRoot"
    jspDocRoot = class com.ibm.ws.webcontainer.util.DocumentRootUtils@7210c00e
      logger = class com.ibm.ws.logging.internal.WsLogger@506b19bc
      CLASS_NAME = "com.ibm.ws.webcontainer.util.DocumentRootUtils"
      useContentLength = false
      matchedFile = null
      matchedZipFile = null
      matchedEntry = null
      matchedURL = null
      edrRoot = null
      pfedrRoot = null
      ctxt = class com.ibm.ws.webcontainer31.osgi.webapp.WebApp31@6c8b6c54
      baseDir = null
      edr = null
      pfedr = null
      metaInfRes = null
      searchpfEDR = false
      searchEDR = false
      searchMetaInfRes = true
      matchFromEDR = false
      matchFromMetaInfRes = false
      matchIsADirectory = false
      appConfig = class com.ibm.ws.webcontainer.osgi.webapp.WebAppConfiguration@7e66137a
      attributeType = "jsp"
      STATIC_FILE = "staticFile"
      JSP = "jsp"
      PFEDR = "preFragmentExtendedDocumentRoot"
      EDR = "extendedDocumentRoot"
    container = class com.ibm.ws.adaptable.module.internal.AdaptableContainerImpl@3c5dd72c
      root = class com.ibm.ws.adaptable.module.internal.AdaptableContainerImpl@3c5dd72c
      rootOverlay = class com.ibm.ws.artifact.overlay.internal.DirectoryBasedOverlayContainerImpl@2c674e1a
      factoryHolder = class com.ibm.ws.adaptable.module.internal.AdaptableModuleFactoryImpl@6efd1083
      delegate = class com.ibm.ws.artifact.overlay.internal.DirectoryBasedOverlayContainerImpl@2c674e1a
      notifier = class com.ibm.ws.adaptable.module.internal.NotifierImpl@7c621b5b
      serialVersionUID = -5621513278641113667
      $$$tc$$$ = class com.ibm.websphere.ras.TraceComponent@22101401
    metaInfResourceFinder = class com.ibm.ws.webcontainer.util.MetaInfResourceFinder@7e670f89
      jarResourceContainers = class java.util.ArrayList@4e45608a
      container = class com.ibm.ws.adaptable.module.internal.AdaptableContainerImpl@3c5dd72c
    postConstructMethods = class com.ibm.ws.webcontainer.webapp.WebApp$AnnotatedMethods@5aa3ea2d
      annotationClass = class java.lang.Class@463d870d
      noOpClassNames = class java.util.Collections$SynchronizedSet@28c88807
      annotatedMethodNames = class java.util.concurrent.ConcurrentHashMap@6d8bfd05
      EMPTY_METHODS = class java.lang.reflect.Method[0]
    preDestroyMethods = class com.ibm.ws.webcontainer.webapp.WebApp$AnnotatedMethods@5ec841e
      annotationClass = class java.lang.Class@11dd53d3
      noOpClassNames = class java.util.Collections$SynchronizedSet@74f92052
      annotatedMethodNames = class java.util.concurrent.ConcurrentHashMap@313282bb
      EMPTY_METHODS = class java.lang.reflect.Method[0]
    OBJ_EMPTY = class java.lang.Object[0]
    CLASS_EMPTY = class java.lang.Class[0]
    DEFAULT_JSP_EXTENSIONS = class java.util.ArrayList@7188341d
      serialVersionUID = 8683452581122892189
      DEFAULT_CAPACITY = 10
      EMPTY_ELEMENTDATA = class java.lang.Object[0]
      DEFAULTCAPACITY_EMPTY_ELEMENTDATA = class java.lang.Object[0]
      elementData = class java.lang.Object[10]
      size = 4
      MAX_ARRAY_SIZE = 2147483639
      modCount = 4
      MAX_ARRAY_SIZE = 2147483639
    DEFER_SERVLET_REQUEST_LISTENER_DESTROY_ON_ERROR = false
    DO_ACCEPT_PARTIAL = true
    DO_NOT_ACCEPT_PARTIAL = false
    DO_ACCEPT_EXCLUDED = true
    DO_NOT_ACCEPT_EXCLUDED = false
    commands = class java.util.ArrayList@726200a7
      serialVersionUID = 8683452581122892189
      DEFAULT_CAPACITY = 10
      EMPTY_ELEMENTDATA = class java.lang.Object[0]
      DEFAULTCAPACITY_EMPTY_ELEMENTDATA = class java.lang.Object[0]
      elementData = class java.lang.Object[3]
      size = 0
      MAX_ARRAY_SIZE = 2147483639
      modCount = 0
      MAX_ARRAY_SIZE = 2147483639
    requestMapper = class com.ibm.wsspi.webcontainer.util.URIMapper@134fa681
      matcher = class com.ibm.wsspi.webcontainer.util.URIMatcher@61c4e626
    parent = class com.ibm.ws.webcontainer.osgi.webapp.WebGroup@23d75029
      tc = class com.ibm.websphere.ras.TraceComponent@19fd0d45
      logger = class com.ibm.ws.logging.internal.WsLogger@27104d10
      CLASS_NAME = "com.ibm.ws.webcontainer.webapp.WebGroup"
      sessUrlRewritePrefix = ";jsessionid="
      qMark = "?"
      config = class com.ibm.ws.webcontainer.osgi.webapp.WebGroupConfiguration@62a99fce
      webApp = class com.ibm.ws.webcontainer31.osgi.webapp.WebApp31@6c8b6c54
      commands = class java.util.ArrayList@43246c9b
      requestMapper = null
      parent = class com.ibm.ws.webcontainer.osgi.DynamicVirtualHost@253aafba
      name = "/ChefServer/*"
      isAlive = true
      subElements = class java.util.HashMap@7b6bacd5
      attributes = null
      config = null
      serialVersionUID = -8271459000149267764
      $$$tc$$$ = class com.ibm.websphere.ras.TraceComponent@342a2627
    name = "ChefServer"
    isAlive = true
    subElements = null
    attributes = class java.util.Collections$SynchronizedMap@5d2c98bd
      serialVersionUID = 1978198479659022715
      m = class java.util.HashMap@783818e3
      mutex = class java.util.Collections$SynchronizedMap@5d2c98bd
      keySet = null
      entrySet = null
      values = null
    config = null
    serialVersionUID = -8271459000149267764
    $$$tc$$$ = class com.ibm.websphere.ras.TraceComponent@342a2627
      strings[0] = "TraceComponent[com.ibm.ws.container.AbstractContainer,class com.ibm.ws.container.AbstractContainer,[],null,null]"

